#
# A fatal error has been detected by the Java Runtime Environment:
#
#  EXCEPTION_ACCESS_VIOLATION (0xc0000005) at pc=0x00007ffcc32c489e, pid=4460, tid=22808
#
# JRE version: OpenJDK Runtime Environment Temurin-21.0.10+7 (21.0.10+7) (build 21.0.10+7-LTS)
# Java VM: OpenJDK 64-Bit Server VM Temurin-21.0.10+7 (21.0.10+7-LTS, mixed mode, sharing, tiered, compressed oops, compressed class ptrs, parallel gc, windows-amd64)
# Problematic frame:
# V  [jvm.dll+0x71489e]
#
# No core dump will be written. Minidumps are not enabled by default on client versions of Windows
#
# If you would like to submit a bug report, please visit:
#   https://github.com/adoptium/adoptium-support/issues
#

---------------  S U M M A R Y ------------

Command Line: --add-modules=ALL-SYSTEM --add-opens=java.base/java.util=ALL-UNNAMED --add-opens=java.base/java.lang=ALL-UNNAMED --add-opens=java.base/sun.nio.fs=ALL-UNNAMED -Declipse.application=org.eclipse.jdt.ls.core.id1 -Dosgi.bundles.defaultStartLevel=4 -Declipse.product=org.eclipse.jdt.ls.core.product -Djava.import.generatesMetadataFilesAtProjectRoot=false -DDetectVMInstallationsJob.disabled=true -Dfile.encoding=utf8 -XX:+UseParallelGC -XX:GCTimeRatio=4 -XX:AdaptiveSizePolicyWeight=90 -Dsun.zip.disableMemoryMapping=true -Xmx2G -Xms100m -Xlog:disable -javaagent:c:\Users\marif\.vscode\extensions\redhat.java-1.54.0-win32-x64\lombok\lombok-1.18.39-4050.jar -XX:+HeapDumpOnOutOfMemoryError -XX:HeapDumpPath=c:\Users\marif\AppData\Roaming\Code\User\workspaceStorage\82fd4d556b33f0425043c292435518cf\redhat.java -Daether.dependencyCollector.impl=bf c:\Users\marif\.vscode\extensions\redhat.java-1.54.0-win32-x64\server\plugins\org.eclipse.equinox.launcher_1.7.100.v20251111-0406.jar -configuration c:\Users\marif\AppData\Roaming\Code\User\globalStorage\redhat.java\1.54.0\config_win -data c:\Users\marif\AppData\Roaming\Code\User\workspaceStorage\82fd4d556b33f0425043c292435518cf\redhat.java\jdt_ws --pipe=\\.\pipe\lsp-25128dc8a4b1c4c073aff11c443ff220-sock

Host: 12th Gen Intel(R) Core(TM) i5-12500H, 16 cores, 31G,  Windows 11 , 64 bit Build 26100 (10.0.26100.8246)
Time: Thu Apr 30 18:40:40 2026 Hora est嫕dar central (M憖ico) elapsed time: 2846.411241 seconds (0d 0h 47m 26s)

---------------  T H R E A D  ---------------

Current thread (0x00000197fef6e730):  WorkerThread "GC Thread#0"    [id=22808, stack(0x0000005274500000,0x0000005274600000) (1024K)]

Stack: [0x0000005274500000,0x0000005274600000],  sp=0x00000052745ff620,  free space=1021k
Native frames: (J=compiled Java code, j=interpreted, Vv=VM code, C=native code)
V  [jvm.dll+0x71489e]
V  [jvm.dll+0x717e87]
V  [jvm.dll+0x71831f]
V  [jvm.dll+0x8e2b41]
V  [jvm.dll+0x85f59d]
V  [jvm.dll+0x6d626d]
C  [ucrtbase.dll+0x37b0]
C  [KERNEL32.DLL+0x2e8d7]
C  [ntdll.dll+0x8c3fc]


siginfo: EXCEPTION_ACCESS_VIOLATION (0xc0000005), reading address 0x00000000fffffffc


Registers:
RAX=0x0000000000000004, RBX=0x000000008fca2408, RCX=0x0000000000000000, RDX=0x00000000fffffffc
RSP=0x00000052745ff620, RBP=0x00000052747fef90, RSI=0x0000000000000004, RDI=0x0000019796321d00
R8 =0x0000821500007f6f, R9 =0x0000019796321d00, R10=0x0000019796323d60, R11=0x0000000000000001
R12=0x0000000000000005, R13=0x00000197fef47260, R14=0x0000000000000000, R15=0x00000052747fef38
RIP=0x00007ffcc32c489e, EFLAGS=0x0000000000010206

XMM[0]=0x0000000000000400 0x000000008fd220c8
XMM[1]=0xd5889918d5890f30 0xd5889870d5890f68
XMM[2]=0x0000000000000000 0x0000000000000000
XMM[3]=0x0000000000000000 0x0000000000000000
XMM[4]=0x0000000000000000 0x0000000000000000
XMM[5]=0xd5890ec0d5889b70 0xd5889c00d5890ef8
XMM[6]=0x0000000000000000 0x0000000000000000
XMM[7]=0x0000000000000000 0x0000000000000000
XMM[8]=0x0000000000000000 0x0000000000000000
XMM[9]=0x0000000000000000 0x0000000000000000
XMM[10]=0x0000000000000000 0x0000000000000000
XMM[11]=0x0000000000000000 0x0000000000000000
XMM[12]=0x0000000000000000 0x0000000000000000
XMM[13]=0x0000000000000000 0x0000000000000000
XMM[14]=0x0000000000000000 0x0000000000000000
XMM[15]=0x0000000000000000 0x0000000000000000
  MXCSR=0x00001fa0


Register to memory mapping:

RAX=0x0000000000000004 is an unknown value
RBX=0x000000008fca2408 is pointing into object: java.util.LinkedHashMap$Entry 
{0x000000008fca23f8} - klass: 'java/util/LinkedHashMap$Entry'
 - ---- fields (total size 5 words):
 - final 'hash' 'I' @12  1952534929 (0x74615191)
 - final 'key' 'Ljava/lang/Object;' @16  
[error occurred during error reporting (printing register info), id 0xc0000005, EXCEPTION_ACCESS_VIOLATION (0xc0000005) at pc=0x00007ffcc32727ad]
RCX=0x0 is null
RDX=0x00000000fffffffc is an unallocated location in the heap
RSP=0x00000052745ff620 points into unknown readable memory: 0x00000052747fef38 | 38 ef 7f 74 52 00 00 00
RBP=0x00000052747fef90 points into unknown readable memory: 0x000000000000000d | 0d 00 00 00 00 00 00 00
RSI=0x0000000000000004 is an unknown value
RDI=0x0000019796321d00 points into unknown readable memory: 0x00007ffcc364a248 | 48 a2 64 c3 fc 7f 00 00
R8 =0x0000821500007f6f is an unknown value
R9 =0x0000019796321d00 points into unknown readable memory: 0x00007ffcc364a248 | 48 a2 64 c3 fc 7f 00 00
R10=0x0000019796323d60 points into unknown readable memory: 0x0000000000000000 | 00 00 00 00 00 00 00 00
R11=0x0000000000000001 is an unknown value
R12=0x0000000000000005 is an unknown value
R13=0x00000197fef47260 points into unknown readable memory: 0x0000000000000002 | 02 00 00 00 00 00 00 00
R14=0x0 is null
R15=0x00000052747fef38 points into unknown readable memory: 0x00000197fef753e0 | e0 53 f7 fe 97 01 00 00

Top of Stack: (sp=0x00000052745ff620)
0x00000052745ff620:   00000052747fef38 0000000000000000
0x00000052745ff630:   00000197fef47260 0000000000000005
0x00000052745ff640:   000000008fca2409 00007ffcc32c7e87
0x00000052745ff650:   000000008fca1f45 00000052747fef90
0x00000052745ff660:   0000000000000004 000000008fca1f45
0x00000052745ff670:   0000000000000030 00000052747fee30
0x00000052745ff680:   0000000000000003 00007ffcc32c831f
0x00000052745ff690:   0000000000000000 00000052745ff729
0x00000052745ff6a0:   000000008fca2409 0000000000000000
0x00000052745ff6b0:   0000019796321d00 0000000000000004
0x00000052745ff6c0:   000000000000000d 0000000080704b88
0x00000052745ff6d0:   0000019796321d00 00007ffc00000004
0x00000052745ff6e0:   00007ffcc364a528 0000019796321d00
0x00000052745ff6f0:   00000052747fee30 00000197fef5fd90
0x00000052745ff700:   00000000000003d8 00000197fef5fda0
0x00000052745ff710:   00000197fef60178 00007ffcc364a518
0x00000052745ff720:   0000000000000004 0000000000000000
0x00000052745ff730:   0000000000000000 0000000000000000
0x00000052745ff740:   0000000000000000 00004402d947675b
0x00000052745ff750:   00000197fef6eee0 0000000000000000
0x00000052745ff760:   0000000000000000 0000000000000004
0x00000052745ff770:   00000197fef6ef20 00000197fcca0e98
0x00000052745ff780:   00000197fef6e730 00007ffcc3492b41
0x00000052745ff790:   00000197fcca0e98 00000197fef6e730
0x00000052745ff7a0:   0000000000000000 0000000000000004
0x00000052745ff7b0:   00000197fef6e730 0000000000100000
0x00000052745ff7c0:   0000000000000000 00007ffcc340f59d
0x00000052745ff7d0:   0000005274500000 00000000ffffffff
0x00000052745ff7e0:   0000000000000000 0000000000000000
0x00000052745ff7f0:   0000000000000004 0000000000001000
0x00000052745ff800:   0000000400001000 0000000000020000
0x00000052745ff810:   0000000000000000 00007ffd856fa9ab 

Instructions: (pc=0x00007ffcc32c489e)
0x00007ffcc32c479e:   47 28 48 c1 eb 03 48 8b 48 70 88 1c 0a 48 8b 5c
0x00007ffcc32c47ae:   24 30 48 83 c4 20 5f c3 cc cc cc cc cc cc cc cc
0x00007ffcc32c47be:   cc cc 40 53 48 83 ec 20 83 79 20 02 48 8b d9 74
0x00007ffcc32c47ce:   30 48 8b 49 08 45 33 c0 48 8b 53 18 48 2b d1 48
0x00007ffcc32c47de:   83 c2 10 48 c1 ea 03 e8 76 f4 b2 ff 33 c0 c7 43
0x00007ffcc32c47ee:   20 01 00 00 00 48 89 43 10 48 89 43 18 48 89 43
0x00007ffcc32c47fe:   08 48 83 c4 20 5b c3 cc cc cc cc cc cc cc cc cc
0x00007ffcc32c480e:   cc cc 4c 8b 02 48 8b 42 08 4c 89 41 10 4c 89 41
0x00007ffcc32c481e:   08 48 8d 04 c5 00 00 00 00 4a 8d 14 00 48 89 51
0x00007ffcc32c482e:   18 48 85 c0 74 10 48 8d 42 f0 48 89 41 18 c7 41
0x00007ffcc32c483e:   20 00 00 00 00 c3 c7 41 20 02 00 00 00 c3 cc cc
0x00007ffcc32c484e:   cc cc 4d 8b c8 48 8b c2 48 39 51 10 77 0b 48 3b
0x00007ffcc32c485e:   51 18 73 05 48 89 51 08 c3 41 b0 01 49 8b d1 48
0x00007ffcc32c486e:   8b c8 e9 eb f3 b2 ff cc cc cc cc cc cc cc cc cc
0x00007ffcc32c487e:   cc cc 40 53 48 83 ec 20 48 8b da 4c 8b c9 8b 12
0x00007ffcc32c488e:   8b 0d 94 47 52 00 48 d3 e2 48 03 15 82 47 52 00
0x00007ffcc32c489e:   4c 8b 02 41 0f b6 c0 24 03 3c 03 74 0d 49 8b c9
0x00007ffcc32c48ae:   e8 5d 00 00 00 4c 8b c0 eb 05 90 49 83 e0 fc 8b
0x00007ffcc32c48be:   0d 65 47 52 00 49 8b c0 48 2b 05 53 47 52 00 48
0x00007ffcc32c48ce:   d3 e8 89 03 48 8b 05 a7 ec 5a 00 48 3b d8 73 1d
0x00007ffcc32c48de:   4c 3b c0 72 18 8b 0d 4f 31 58 00 48 8b 05 80 ec
0x00007ffcc32c48ee:   5a 00 48 d3 eb 48 8b 48 30 c6 04 0b 02 48 83 c4
0x00007ffcc32c48fe:   20 5b c3 cc cc cc cc cc cc cc cc cc cc cc cc cc
0x00007ffcc32c490e:   cc cc 4c 89 44 24 18 55 56 57 41 56 41 57 48 8b
0x00007ffcc32c491e:   ec 48 83 ec 50 4c 8b f1 c6 45 48 00 48 8b ca 48
0x00007ffcc32c492e:   8b f2 e8 6b 80 8f ff 48 8b 4d 40 4c 8b f8 83 e1
0x00007ffcc32c493e:   03 83 3d 22 61 52 00 02 75 09 48 83 f9 02 0f 94
0x00007ffcc32c494e:   c1 eb 05 f6 d1 80 e1 01 84 c9 74 12 48 8d 55 e0
0x00007ffcc32c495e:   48 8d 4d 40 e8 39 9a f4 ff 48 8b 38 eb 04 48 8b
0x00007ffcc32c496e:   7d 40 48 c1 ef 03 48 89 9c 24 80 00 00 00 83 e7
0x00007ffcc32c497e:   0f 3b 3d f7 eb 5a 00 4c 89 64 24 48 4c 89 6c 24
0x00007ffcc32c498e:   40 0f 83 83 01 00 00 49 8b 5e 08 4e 8d 24 fd 00 


Stack slot to memory mapping:

stack at sp + 0 slots: 0x00000052747fef38 points into unknown readable memory: 0x00000197fef753e0 | e0 53 f7 fe 97 01 00 00
stack at sp + 1 slots: 0x0 is null
stack at sp + 2 slots: 0x00000197fef47260 points into unknown readable memory: 0x0000000000000002 | 02 00 00 00 00 00 00 00
stack at sp + 3 slots: 0x0000000000000005 is an unknown value
stack at sp + 4 slots: 0x000000008fca2409 is pointing into object: java.util.LinkedHashMap$Entry 
{0x000000008fca23f8} - klass: 'java/util/LinkedHashMap$Entry'
 - ---- fields (total size 5 words):
 - final 'hash' 'I' @12  1952534929 (0x74615191)
 - final 'key' 'Ljava/lang/Object;' @16  
[error occurred during error reporting (inspecting top of stack), id 0xc0000005, EXCEPTION_ACCESS_VIOLATION (0xc0000005) at pc=0x00007ffcc32727ad]
stack at sp + 5 slots: 0x00007ffcc32c7e87 jvm.dll
stack at sp + 6 slots: 0x000000008fca1f45 is pointing into object: org.eclipse.jdt.internal.compiler.lookup.WildcardBinding 
{0x000000008fca1ef0} - klass: 'org/eclipse/jdt/internal/compiler/lookup/WildcardBinding'
 - ---- fields (total size 15 words):
 - public 'extendedTagBits' 'I' @12  0 (0x00000000)
 - public 'tagBits' 'J' @16  553648128 (0x0000000021000000)
 - public 'id' 'I' @24  150 (0x00000096)
 - protected 'typeAnnotations' '[Lorg/eclipse/jdt/internal/compiler/lookup/AnnotationBinding;' @28  a 'org/eclipse/jdt/internal/compiler/lookup/AnnotationBinding'[0] {0x0000000080f0ed50} (0x80f0ed50)
 - public 'modifiers' 'I' @32  1073741825 (0x40000001)
 - 'typeBits' 'I' @36  134217728 (0x08000000)
 - public 'compoundName' '[[C' @40  null (0x00000000)
 - public 'sourceName' '[C' @44  null (0x00000000)
 - public 'fPackage' 'Lorg/eclipse/jdt/internal/compiler/lookup/PackageBinding;' @48  a 'org/eclipse/jdt/internal/compiler/lookup/PlainPackageBinding'{0x000000008fc87060} (0x8fc87060)
 - 'fileName' '[C' @52  null (0x00000000)
 - 'constantPoolName' '[C' @56  null (0x00000000)
 - 'signature' '[C' @60  null (0x00000000)
 - protected 'compatibleCache' 'Ljava/util/Map;' @64  null (0x00000000)
 - protected 'singleAbstractMethod' '[Lorg/eclipse/jdt/internal/compiler/lookup/MethodBinding;' @68  null (0x00000000)
 - public 'rank' 'I' @72  1 (0x00000001)
 - public 'boundKind' 'I' @76  1 (0x00000001)
 - 'inRecursiveFunction' 'Z' @80  false (0x00)
 - public 'genericType' 'Lorg/eclipse/jdt/internal/compiler/lookup/ReferenceBinding;' @84  a 'org/eclipse/jdt/internal/compiler/lookup/BinaryTypeBinding'{0x000000008fce60a8} (0x8fce60a8)
 - public 'bound' 'Lorg/eclipse/jdt/internal/compiler/lookup/TypeBinding;' @88  a 'org/eclipse/jdt/internal/compiler/lookup/TypeVariableBinding'{0x000000008fca1f68} (0x8fca1f68)
 - public 'otherBounds' '[Lorg/eclipse/jdt/internal/compiler/lookup/TypeBinding;' @92  null (0x00000000)
 - 'genericSignature' '[C' @96  null (0x00000000)
 - 'superclass' 'Lorg/eclipse/jdt/internal/compiler/lookup/ReferenceBinding;' @100  null (0x00000000)
 - 'superInterfaces' '[Lorg/eclipse/jdt/internal/compiler/lookup/ReferenceBinding;' @104  null (0x00000000)
 - 'typeVariable' 'Lorg/eclipse/jdt/internal/compiler/lookup/TypeVariableBinding;' @108  null (0x00000000)
 - 'environment' 'Lorg/eclipse/jdt/internal/compiler/lookup/LookupEnvironment;' @112  a 'org/eclipse/jdt/internal/compiler/lookup/LookupEnvironment'{0x000000008fc4d5a0} (0x8fc4d5a0)
stack at sp + 7 slots: 0x00000052747fef90 points into unknown readable memory: 0x000000000000000d | 0d 00 00 00 00 00 00 00


---------------  P R O C E S S  ---------------

Threads class SMR info:
_java_thread_list=0x00000197e2ccdad0, length=52, elements={
0x00000197fef50250, 0x00000197fefeff40, 0x00000197feff0e00, 0x00000197feff82a0,
0x00000197feff9090, 0x00000197feffb2d0, 0x00000197fefff7e0, 0x00000197d880d480,
0x00000197d880dfd0, 0x00000197d8aae3b0, 0x00000197da228020, 0x00000197df3273b0,
0x00000197da799bd0, 0x00000197da7b1230, 0x00000197df173650, 0x00000197da7e9130,
0x00000197df602a20, 0x00000197da67b700, 0x00000197df46d3a0, 0x00000197df46da30,
0x00000197df46e0c0, 0x00000197df46cd10, 0x00000197df46c680, 0x00000197e0a7e490,
0x00000197e0a7f1b0, 0x00000197e0a7ca50, 0x00000197e0a7f840, 0x00000197e0a7c3c0,
0x00000197e0a7fed0, 0x00000197e0a7eb20, 0x00000197e0a80560, 0x00000197e0a7d0e0,
0x00000197e0a7d770, 0x00000197e0a80bf0, 0x00000197e0a81280, 0x00000197e0a7de00,
0x00000197e0a81910, 0x00000197e0a81fa0, 0x00000197e0a82630, 0x00000197e0a83350,
0x00000197e0a82cc0, 0x00000197e2f23810, 0x00000197e2f28d60, 0x00000197e2f23ea0,
0x00000197e2f22af0, 0x00000197e2f25250, 0x00000197e2f21dd0, 0x00000197e2f24530,
0x00000197e2f258e0, 0x00000197e2f25f70, 0x00000197e2f23180, 0x00000197e2f27320
}

Java Threads: ( => current thread )
  0x00000197fef50250 JavaThread "main"                              [_thread_blocked, id=5092, stack(0x0000005274400000,0x0000005274500000) (1024K)]
  0x00000197fefeff40 JavaThread "Reference Handler"          daemon [_thread_blocked, id=14756, stack(0x0000005274800000,0x0000005274900000) (1024K)]
  0x00000197feff0e00 JavaThread "Finalizer"                  daemon [_thread_blocked, id=4216, stack(0x0000005274900000,0x0000005274a00000) (1024K)]
  0x00000197feff82a0 JavaThread "Signal Dispatcher"          daemon [_thread_blocked, id=6124, stack(0x0000005274a00000,0x0000005274b00000) (1024K)]
  0x00000197feff9090 JavaThread "Attach Listener"            daemon [_thread_blocked, id=8484, stack(0x0000005274b00000,0x0000005274c00000) (1024K)]
  0x00000197feffb2d0 JavaThread "Service Thread"             daemon [_thread_blocked, id=7876, stack(0x0000005274c00000,0x0000005274d00000) (1024K)]
  0x00000197fefff7e0 JavaThread "Monitor Deflation Thread"   daemon [_thread_blocked, id=18108, stack(0x0000005274d00000,0x0000005274e00000) (1024K)]
  0x00000197d880d480 JavaThread "C2 CompilerThread0"         daemon [_thread_blocked, id=18132, stack(0x0000005274e00000,0x0000005274f00000) (1024K)]
  0x00000197d880dfd0 JavaThread "C1 CompilerThread0"         daemon [_thread_blocked, id=7600, stack(0x0000005274f00000,0x0000005275000000) (1024K)]
  0x00000197d8aae3b0 JavaThread "Common-Cleaner"             daemon [_thread_blocked, id=10364, stack(0x0000005275300000,0x0000005275400000) (1024K)]
  0x00000197da228020 JavaThread "Notification Thread"        daemon [_thread_blocked, id=24128, stack(0x0000005275400000,0x0000005275500000) (1024K)]
  0x00000197df3273b0 JavaThread "Active Thread: Equinox Container: aedda3e1-2d5d-4cbd-ba38-1d2ceacf368c"        [_thread_blocked, id=7768, stack(0x0000005275e00000,0x0000005275f00000) (1024K)]
  0x00000197da799bd0 JavaThread "Refresh Thread: Equinox Container: aedda3e1-2d5d-4cbd-ba38-1d2ceacf368c" daemon [_thread_blocked, id=25924, stack(0x0000005275200000,0x0000005275300000) (1024K)]
  0x00000197da7b1230 JavaThread "Framework Event Dispatcher: Equinox Container: aedda3e1-2d5d-4cbd-ba38-1d2ceacf368c" daemon [_thread_blocked, id=19424, stack(0x0000005275500000,0x0000005275600000) (1024K)]
  0x00000197df173650 JavaThread "Start Level: Equinox Container: aedda3e1-2d5d-4cbd-ba38-1d2ceacf368c" daemon [_thread_blocked, id=22656, stack(0x0000005275c00000,0x0000005275d00000) (1024K)]
  0x00000197da7e9130 JavaThread "Bundle File Closer"         daemon [_thread_blocked, id=27004, stack(0x0000005276400000,0x0000005276500000) (1024K)]
  0x00000197df602a20 JavaThread "SCR Component Actor"        daemon [_thread_blocked, id=27484, stack(0x0000005275d00000,0x0000005275e00000) (1024K)]
  0x00000197da67b700 JavaThread "Worker-JM"                         [_thread_blocked, id=17504, stack(0x0000005276800000,0x0000005276900000) (1024K)]
  0x00000197df46d3a0 JavaThread "JNA Cleaner"                daemon [_thread_blocked, id=7136, stack(0x0000005276500000,0x0000005276600000) (1024K)]
  0x00000197df46da30 JavaThread "Worker-1"                          [_thread_blocked, id=11188, stack(0x0000005276900000,0x0000005276a00000) (1024K)]
  0x00000197df46e0c0 JavaThread "Java indexing"              daemon [_thread_blocked, id=13208, stack(0x0000005276f00000,0x0000005277000000) (1024K)]
  0x00000197df46cd10 JavaThread "Thread-1"                   daemon [_thread_in_native, id=27184, stack(0x0000005277500000,0x0000005277600000) (1024K)]
  0x00000197df46c680 JavaThread "Thread-2"                   daemon [_thread_in_native, id=27256, stack(0x0000005277600000,0x0000005277700000) (1024K)]
  0x00000197e0a7e490 JavaThread "Thread-3"                   daemon [_thread_in_native, id=27248, stack(0x0000005277700000,0x0000005277800000) (1024K)]
  0x00000197e0a7f1b0 JavaThread "Thread-4"                   daemon [_thread_in_native, id=5512, stack(0x0000005277800000,0x0000005277900000) (1024K)]
  0x00000197e0a7ca50 JavaThread "Thread-5"                   daemon [_thread_in_native, id=27272, stack(0x0000005277900000,0x0000005277a00000) (1024K)]
  0x00000197e0a7f840 JavaThread "Thread-6"                   daemon [_thread_in_native, id=27280, stack(0x0000005277a00000,0x0000005277b00000) (1024K)]
  0x00000197e0a7c3c0 JavaThread "Thread-7"                   daemon [_thread_in_native, id=18660, stack(0x0000005277b00000,0x0000005277c00000) (1024K)]
  0x00000197e0a7fed0 JavaThread "Thread-8"                   daemon [_thread_in_native, id=11996, stack(0x0000005277c00000,0x0000005277d00000) (1024K)]
  0x00000197e0a7eb20 JavaThread "Thread-9"                   daemon [_thread_in_native, id=17008, stack(0x0000005277d00000,0x0000005277e00000) (1024K)]
  0x00000197e0a80560 JavaThread "Thread-10"                  daemon [_thread_in_native, id=27304, stack(0x0000005277e00000,0x0000005277f00000) (1024K)]
  0x00000197e0a7d0e0 JavaThread "Thread-11"                  daemon [_thread_in_native, id=13240, stack(0x0000005277f00000,0x0000005278000000) (1024K)]
  0x00000197e0a7d770 JavaThread "Thread-12"                  daemon [_thread_in_native, id=27268, stack(0x0000005278000000,0x0000005278100000) (1024K)]
  0x00000197e0a80bf0 JavaThread "Thread-13"                  daemon [_thread_in_native, id=26976, stack(0x0000005278100000,0x0000005278200000) (1024K)]
  0x00000197e0a81280 JavaThread "Thread-14"                  daemon [_thread_in_native, id=27260, stack(0x0000005278200000,0x0000005278300000) (1024K)]
  0x00000197e0a7de00 JavaThread "Thread-15"                  daemon [_thread_in_native, id=13032, stack(0x0000005278300000,0x0000005278400000) (1024K)]
  0x00000197e0a81910 JavaThread "Thread-16"                  daemon [_thread_in_native, id=7396, stack(0x0000005278400000,0x0000005278500000) (1024K)]
  0x00000197e0a81fa0 JavaThread "Thread-17"                  daemon [_thread_in_native, id=27312, stack(0x0000005278500000,0x0000005278600000) (1024K)]
  0x00000197e0a82630 JavaThread "pool-2-thread-1"                   [_thread_blocked, id=11004, stack(0x0000005278600000,0x0000005278700000) (1024K)]
  0x00000197e0a83350 JavaThread "WorkspaceEventsHandler"            [_thread_blocked, id=7512, stack(0x0000005278900000,0x0000005278a00000) (1024K)]
  0x00000197e0a82cc0 JavaThread "pool-1-thread-1"                   [_thread_blocked, id=27380, stack(0x0000005278a00000,0x0000005278b00000) (1024K)]
  0x00000197e2f23810 JavaThread "Cleaner-0"                  daemon [_thread_blocked, id=16348, stack(0x0000005277100000,0x0000005277200000) (1024K)]
  0x00000197e2f28d60 JavaThread "Worker-6"                          [_thread_blocked, id=23192, stack(0x0000005275000000,0x0000005275100000) (1024K)]
  0x00000197e2f23ea0 JavaThread "ForkJoinPool.commonPool-worker-24" daemon [_thread_blocked, id=14976, stack(0x0000005274300000,0x0000005274400000) (1024K)]
  0x00000197e2f22af0 JavaThread "ForkJoinPool.commonPool-worker-25" daemon [_thread_blocked, id=29560, stack(0x0000005275100000,0x0000005275200000) (1024K)]
  0x00000197e2f25250 JavaThread "ForkJoinPool.commonPool-worker-27" daemon [_thread_blocked, id=19152, stack(0x0000005276c00000,0x0000005276d00000) (1024K)]
  0x00000197e2f21dd0 JavaThread "HttpClient-1-SelectorManager" daemon [_thread_blocked, id=10268, stack(0x0000005276e00000,0x0000005276f00000) (1024K)]
  0x00000197e2f24530 JavaThread "Worker-7"                          [_thread_blocked, id=13400, stack(0x0000005276700000,0x0000005276800000) (1024K)]
  0x00000197e2f258e0 JavaThread "ForkJoinPool.commonPool-worker-28" daemon [_thread_blocked, id=15560, stack(0x0000005276600000,0x0000005276700000) (1024K)]
  0x00000197e2f25f70 JavaThread "ForkJoinPool.commonPool-worker-29" daemon [_thread_blocked, id=19952, stack(0x0000005276a00000,0x0000005276b00000) (1024K)]
  0x00000197e2f23180 JavaThread "Worker-8"                          [_thread_blocked, id=19868, stack(0x0000005274200000,0x0000005274300000) (1024K)]
  0x00000197e2f27320 JavaThread "Worker-9"                          [_thread_blocked, id=28944, stack(0x0000005276b00000,0x0000005276c00000) (1024K)]
Total: 52

Other Threads:
  0x0000019796324130 VMThread "VM Thread"                           [id=15956, stack(0x0000005274700000,0x0000005274800000) (1024K)]
  0x000001979621ca00 WatcherThread "VM Periodic Task Thread"        [id=14728, stack(0x0000005274600000,0x0000005274700000) (1024K)]
=>0x00000197fef6e730 WorkerThread "GC Thread#0"                     [id=22808, stack(0x0000005274500000,0x0000005274600000) (1024K)]
  0x00000197da6313d0 WorkerThread "GC Thread#1"                     [id=25388, stack(0x0000005275600000,0x0000005275700000) (1024K)]
  0x00000197da7fd0d0 WorkerThread "GC Thread#2"                     [id=19852, stack(0x0000005275700000,0x0000005275800000) (1024K)]
  0x00000197da8dea00 WorkerThread "GC Thread#3"                     [id=24600, stack(0x0000005275800000,0x0000005275900000) (1024K)]
  0x00000197da611da0 WorkerThread "GC Thread#4"                     [id=18608, stack(0x0000005275900000,0x0000005275a00000) (1024K)]
  0x00000197da13c2d0 WorkerThread "GC Thread#5"                     [id=8116, stack(0x0000005275a00000,0x0000005275b00000) (1024K)]
  0x00000197da5c8a80 WorkerThread "GC Thread#6"                     [id=17372, stack(0x0000005275b00000,0x0000005275c00000) (1024K)]
  0x00000197df34cae0 WorkerThread "GC Thread#7"                     [id=17860, stack(0x0000005275f00000,0x0000005276000000) (1024K)]
  0x00000197da1a6340 WorkerThread "GC Thread#8"                     [id=26984, stack(0x0000005276000000,0x0000005276100000) (1024K)]
  0x00000197da1b4df0 WorkerThread "GC Thread#9"                     [id=26988, stack(0x0000005276100000,0x0000005276200000) (1024K)]
  0x00000197da1b51a0 WorkerThread "GC Thread#10"                    [id=26992, stack(0x0000005276200000,0x0000005276300000) (1024K)]
  0x00000197df681890 WorkerThread "GC Thread#11"                    [id=27460, stack(0x0000005274100000,0x0000005274200000) (1024K)]
  0x00000197df3e4460 WorkerThread "GC Thread#12"                    [id=12408, stack(0x0000005276300000,0x0000005276400000) (1024K)]
Total: 15

Threads with active compile tasks:
C2 CompilerThread0  2846453 16644       4       org.eclipse.jdt.internal.compiler.parser.Parser::consumeRule (7843 bytes)
Total: 1

VM state: at safepoint (normal execution)

VM Mutex/Monitor currently owned by a thread:  ([mutex/lock_event])
[0x00007ffcc386e560] Threads_lock - owner thread: 0x0000019796324130
[0x00007ffcc386e660] Heap_lock - owner thread: 0x00000197e2f22af0

Heap address: 0x0000000080000000, size: 2048 MB, Compressed Oops mode: 32-bit

CDS archive(s) mapped at: [0x0000019797000000-0x0000019797ba0000-0x0000019797ba0000), size 12189696, SharedBaseAddress: 0x0000019797000000, ArchiveRelocationMode: 1.
Compressed class space mapped at: 0x0000019798000000-0x00000197d8000000, reserved size: 1073741824
Narrow klass base: 0x0000019797000000, Narrow klass shift: 0, Narrow klass range: 0x100000000

GC Precious Log:
 CardTable entry size: 512
 CPUs: 16 total, 16 available
 Memory: 32388M
 Large Page Support: Disabled
 NUMA Support: Disabled
 Compressed Oops: Enabled (32-bit)
 Alignments: Space 512K, Generation 512K, Heap 2M
 Heap Min Capacity: 100M
 Heap Initial Capacity: 100M
 Heap Max Capacity: 2G
 Pre-touch: Disabled
 Parallel Workers: 13

Heap:
 PSYoungGen      total 3072K, used 2592K [0x00000000d5580000, 0x00000000d5980000, 0x0000000100000000)
  eden space 2048K, 100% used [0x00000000d5580000,0x00000000d5780000,0x00000000d5780000)
  from space 1024K, 53% used [0x00000000d5880000,0x00000000d5908000,0x00000000d5980000)
  to   space 1024K, 48% used [0x00000000d5780000,0x00000000d57fd200,0x00000000d5880000)
 ParOldGen       total 259584K, used 259318K [0x0000000080000000, 0x000000008fd80000, 0x00000000d5580000)
  object space 259584K, 99% used [0x0000000080000000,0x000000008fd3d848,0x000000008fd80000)
 Metaspace       used 79756K, committed 81536K, reserved 1179648K
  class space    used 8229K, committed 8960K, reserved 1048576K

Card table byte_map: [0x00000197fe920000,0x00000197fed30000] _byte_map_base: 0x00000197fe520000

Marking Bits: (ParMarkBitMap*) 0x00007ffcc3873450
 Begin Bits: [0x0000019792140000, 0x0000019794140000)
 End Bits:   [0x0000019794140000, 0x0000019796140000)

Polling page: 0x00000197fe710000

Metaspace:

Usage:
  Non-class:     69.85 MB used.
      Class:      8.04 MB used.
       Both:     77.89 MB used.

Virtual space:
  Non-class space:      128.00 MB reserved,      70.88 MB ( 55%) committed,  2 nodes.
      Class space:        1.00 GB reserved,       8.75 MB ( <1%) committed,  1 nodes.
             Both:        1.12 GB reserved,      79.62 MB (  7%) committed. 

Chunk freelists:
   Non-Class:  9.09 MB
       Class:  7.07 MB
        Both:  16.16 MB

MaxMetaspaceSize: unlimited
CompressedClassSpaceSize: 1.00 GB
Initial GC threshold: 21.00 MB
Current GC threshold: 97.31 MB
CDS: on
 - commit_granule_bytes: 65536.
 - commit_granule_words: 8192.
 - virtual_space_node_default_size: 8388608.
 - enlarge_chunks_in_place: 1.
 - use_allocation_guard: 0.


Internal statistics:

num_allocs_failed_limit: 9.
num_arena_births: 1520.
num_arena_deaths: 20.
num_vsnodes_births: 3.
num_vsnodes_deaths: 0.
num_space_committed: 1274.
num_space_uncommitted: 0.
num_chunks_returned_to_freelist: 30.
num_chunks_taken_from_freelist: 5421.
num_chunk_merges: 13.
num_chunk_splits: 3266.
num_chunks_enlarged: 1748.
num_inconsistent_stats: 0.

CodeHeap 'non-profiled nmethods': size=119168Kb used=14036Kb max_used=14036Kb free=105131Kb
 bounds [0x000001978ace0000, 0x000001978baa0000, 0x0000019792140000]
CodeHeap 'profiled nmethods': size=119104Kb used=39628Kb max_used=39628Kb free=79475Kb
 bounds [0x0000019783140000, 0x0000019785800000, 0x000001978a590000]
CodeHeap 'non-nmethods': size=7488Kb used=1485Kb max_used=3226Kb free=6002Kb
 bounds [0x000001978a590000, 0x000001978a900000, 0x000001978ace0000]
CodeCache: size=245760Kb, used=55149Kb, max_used=56890Kb, free=190608Kb
 total_blobs=16612, nmethods=15807, adapters=707, full_count=0
Compilation: enabled, stopped_count=0, restarted_count=0

Compilation events (20 events):
Event: 2844.877 Thread 0x00000197d880d480 16625       4       java.util.HashMap::newHashMap (44 bytes)
Event: 2844.877 Thread 0x00000197d880d480 nmethod 16625 0x000001978ba7b090 code [0x000001978ba7b240, 0x000001978ba7b3e0]
Event: 2844.877 Thread 0x00000197d880d480 16616       4       org.eclipse.jdt.internal.compiler.parser.Parser::resetModifiers (24 bytes)
Event: 2844.878 Thread 0x00000197d880d480 nmethod 16616 0x000001978ba7b590 code [0x000001978ba7b720, 0x000001978ba7b7d8]
Event: 2845.262 Thread 0x00000197e415ead0 nmethod 16636 0x000001978ba7b890 code [0x000001978ba7c3c0, 0x000001978ba8b2e0]
Event: 2846.268 Thread 0x00000197d880d480 16640       4       org.eclipse.jdt.internal.core.ClasspathEntry::fullInclusionPatternChars (81 bytes)
Event: 2846.268 Thread 0x00000197d880d480 nmethod 16640 0x000001978ba94990 code [0x000001978ba94b20, 0x000001978ba94bd8]
Event: 2846.401 Thread 0x00000197d880d480 16641       4       org.eclipse.jdt.internal.core.ClasspathEntry::getExtraAttribute (58 bytes)
Event: 2846.401 Thread 0x00000197d880dfd0 16642       3       org.eclipse.jdt.internal.core.JavaProject::internalDefaultRootModules (290 bytes)
Event: 2846.402 Thread 0x00000197d880dfd0 nmethod 16642 0x00000197857ee490 code [0x00000197857ee860, 0x00000197857f06a0]
Event: 2846.402 Thread 0x00000197d880dfd0 16643       3       org.eclipse.jdt.internal.codeassist.impl.AssistParser::indexOfAssistIdentifier (6 bytes)
Event: 2846.402 Thread 0x00000197d880dfd0 nmethod 16643 0x00000197857f1210 code [0x00000197857f13c0, 0x00000197857f1588]
Event: 2846.402 Thread 0x00000197d880dfd0 16645       3       lombok.core.configuration.ConfigurationFile$RegularConfigurationFile::getLastModifiedOrMissing (8 bytes)
Event: 2846.402 Thread 0x00000197d880dfd0 nmethod 16645 0x00000197857f1690 code [0x00000197857f1880, 0x00000197857f1be8]
Event: 2846.402 Thread 0x00000197d880dfd0 16646       3       lombok.core.configuration.ConfigurationFile::getLastModifiedOrMissing (16 bytes)
Event: 2846.403 Thread 0x00000197d880d480 nmethod 16641 0x000001978ba94c90 code [0x000001978ba94e40, 0x000001978ba95128]
Event: 2846.403 Thread 0x00000197d880d480 16644       4       org.eclipse.jdt.internal.compiler.parser.Parser::consumeRule (7843 bytes)
Event: 2846.403 Thread 0x00000197d880dfd0 nmethod 16646 0x00000197857f1d90 code [0x00000197857f1fa0, 0x00000197857f2460]
Event: 2846.403 Thread 0x00000197d880dfd0 16647       3       lombok.core.configuration.ConfigurationFile::fileExists (18 bytes)
Event: 2846.403 Thread 0x00000197d880dfd0 nmethod 16647 0x00000197857f2610 code [0x00000197857f2840, 0x00000197857f3020]

GC Heap History (20 events):
Event: 2844.423 GC heap after
{Heap after GC invocations=456 (full 3):
 PSYoungGen      total 2560K, used 320K [0x00000000d5580000, 0x00000000d5900000, 0x0000000100000000)
  eden space 2048K, 0% used [0x00000000d5580000,0x00000000d5580000,0x00000000d5780000)
  from space 512K, 62% used [0x00000000d5800000,0x00000000d5850000,0x00000000d5880000)
  to   space 512K, 0% used [0x00000000d5880000,0x00000000d5880000,0x00000000d5900000)
 ParOldGen       total 256512K, used 256046K [0x0000000080000000, 0x000000008fa80000, 0x00000000d5580000)
  object space 256512K, 99% used [0x0000000080000000,0x000000008fa0b928,0x000000008fa80000)
 Metaspace       used 79606K, committed 81344K, reserved 1179648K
  class space    used 8225K, committed 8960K, reserved 1048576K
}
Event: 2844.427 GC heap before
{Heap before GC invocations=457 (full 3):
 PSYoungGen      total 2560K, used 2367K [0x00000000d5580000, 0x00000000d5900000, 0x0000000100000000)
  eden space 2048K, 99% used [0x00000000d5580000,0x00000000d577ffc0,0x00000000d5780000)
  from space 512K, 62% used [0x00000000d5800000,0x00000000d5850000,0x00000000d5880000)
  to   space 512K, 0% used [0x00000000d5880000,0x00000000d5880000,0x00000000d5900000)
 ParOldGen       total 256512K, used 256046K [0x0000000080000000, 0x000000008fa80000, 0x00000000d5580000)
  object space 256512K, 99% used [0x0000000080000000,0x000000008fa0b928,0x000000008fa80000)
 Metaspace       used 79618K, committed 81408K, reserved 1179648K
  class space    used 8225K, committed 8960K, reserved 1048576K
}
Event: 2844.428 GC heap after
{Heap after GC invocations=457 (full 3):
 PSYoungGen      total 2560K, used 490K [0x00000000d5580000, 0x00000000d5980000, 0x0000000100000000)
  eden space 2048K, 0% used [0x00000000d5580000,0x00000000d5580000,0x00000000d5780000)
  from space 512K, 95% used [0x00000000d5880000,0x00000000d58fa910,0x00000000d5900000)
  to   space 1024K, 0% used [0x00000000d5780000,0x00000000d5780000,0x00000000d5880000)
 ParOldGen       total 256512K, used 256150K [0x0000000080000000, 0x000000008fa80000, 0x00000000d5580000)
  object space 256512K, 99% used [0x0000000080000000,0x000000008fa25928,0x000000008fa80000)
 Metaspace       used 79618K, committed 81408K, reserved 1179648K
  class space    used 8225K, committed 8960K, reserved 1048576K
}
Event: 2844.436 GC heap before
{Heap before GC invocations=458 (full 3):
 PSYoungGen      total 2560K, used 2538K [0x00000000d5580000, 0x00000000d5980000, 0x0000000100000000)
  eden space 2048K, 100% used [0x00000000d5580000,0x00000000d5780000,0x00000000d5780000)
  from space 512K, 95% used [0x00000000d5880000,0x00000000d58fa910,0x00000000d5900000)
  to   space 1024K, 0% used [0x00000000d5780000,0x00000000d5780000,0x00000000d5880000)
 ParOldGen       total 256512K, used 256150K [0x0000000080000000, 0x000000008fa80000, 0x00000000d5580000)
  object space 256512K, 99% used [0x0000000080000000,0x000000008fa25928,0x000000008fa80000)
 Metaspace       used 79618K, committed 81408K, reserved 1179648K
  class space    used 8225K, committed 8960K, reserved 1048576K
}
Event: 2844.437 GC heap after
{Heap after GC invocations=458 (full 3):
 PSYoungGen      total 3072K, used 320K [0x00000000d5580000, 0x00000000d5900000, 0x0000000100000000)
  eden space 2048K, 0% used [0x00000000d5580000,0x00000000d5580000,0x00000000d5780000)
  from space 1024K, 31% used [0x00000000d5780000,0x00000000d57d0000,0x00000000d5880000)
  to   space 512K, 0% used [0x00000000d5880000,0x00000000d5880000,0x00000000d5900000)
 ParOldGen       total 256512K, used 256490K [0x0000000080000000, 0x000000008fa80000, 0x00000000d5580000)
  object space 256512K, 99% used [0x0000000080000000,0x000000008fa7ab38,0x000000008fa80000)
 Metaspace       used 79618K, committed 81408K, reserved 1179648K
  class space    used 8225K, committed 8960K, reserved 1048576K
}
Event: 2844.463 GC heap before
{Heap before GC invocations=459 (full 3):
 PSYoungGen      total 3072K, used 2367K [0x00000000d5580000, 0x00000000d5900000, 0x0000000100000000)
  eden space 2048K, 99% used [0x00000000d5580000,0x00000000d577ffd8,0x00000000d5780000)
  from space 1024K, 31% used [0x00000000d5780000,0x00000000d57d0000,0x00000000d5880000)
  to   space 512K, 0% used [0x00000000d5880000,0x00000000d5880000,0x00000000d5900000)
 ParOldGen       total 256512K, used 256490K [0x0000000080000000, 0x000000008fa80000, 0x00000000d5580000)
  object space 256512K, 99% used [0x0000000080000000,0x000000008fa7ab38,0x000000008fa80000)
 Metaspace       used 79669K, committed 81472K, reserved 1179648K
  class space    used 8225K, committed 8960K, reserved 1048576K
}
Event: 2844.463 GC heap after
{Heap after GC invocations=459 (full 3):
 PSYoungGen      total 2560K, used 512K [0x00000000d5580000, 0x00000000d5980000, 0x0000000100000000)
  eden space 2048K, 0% used [0x00000000d5580000,0x00000000d5580000,0x00000000d5780000)
  from space 512K, 100% used [0x00000000d5880000,0x00000000d5900000,0x00000000d5900000)
  to   space 1024K, 0% used [0x00000000d5780000,0x00000000d5780000,0x00000000d5880000)
 ParOldGen       total 257024K, used 256794K [0x0000000080000000, 0x000000008fb00000, 0x00000000d5580000)
  object space 257024K, 99% used [0x0000000080000000,0x000000008fac6b48,0x000000008fb00000)
 Metaspace       used 79669K, committed 81472K, reserved 1179648K
  class space    used 8225K, committed 8960K, reserved 1048576K
}
Event: 2844.659 GC heap before
{Heap before GC invocations=460 (full 3):
 PSYoungGen      total 2560K, used 2560K [0x00000000d5580000, 0x00000000d5980000, 0x0000000100000000)
  eden space 2048K, 100% used [0x00000000d5580000,0x00000000d5780000,0x00000000d5780000)
  from space 512K, 100% used [0x00000000d5880000,0x00000000d5900000,0x00000000d5900000)
  to   space 1024K, 0% used [0x00000000d5780000,0x00000000d5780000,0x00000000d5880000)
 ParOldGen       total 257024K, used 256794K [0x0000000080000000, 0x000000008fb00000, 0x00000000d5580000)
  object space 257024K, 99% used [0x0000000080000000,0x000000008fac6b48,0x000000008fb00000)
 Metaspace       used 79682K, committed 81472K, reserved 1179648K
  class space    used 8229K, committed 8960K, reserved 1048576K
}
Event: 2844.660 GC heap after
{Heap after GC invocations=460 (full 3):
 PSYoungGen      total 3072K, used 352K [0x00000000d5580000, 0x00000000d5980000, 0x0000000100000000)
  eden space 2048K, 0% used [0x00000000d5580000,0x00000000d5580000,0x00000000d5780000)
  from space 1024K, 34% used [0x00000000d5780000,0x00000000d57d8000,0x00000000d5880000)
  to   space 1024K, 0% used [0x00000000d5880000,0x00000000d5880000,0x00000000d5980000)
 ParOldGen       total 257536K, used 257200K [0x0000000080000000, 0x000000008fb80000, 0x00000000d5580000)
  object space 257536K, 99% used [0x0000000080000000,0x000000008fb2c2d8,0x000000008fb80000)
 Metaspace       used 79682K, committed 81472K, reserved 1179648K
  class space    used 8229K, committed 8960K, reserved 1048576K
}
Event: 2844.825 GC heap before
{Heap before GC invocations=461 (full 3):
 PSYoungGen      total 3072K, used 2400K [0x00000000d5580000, 0x00000000d5980000, 0x0000000100000000)
  eden space 2048K, 100% used [0x00000000d5580000,0x00000000d5780000,0x00000000d5780000)
  from space 1024K, 34% used [0x00000000d5780000,0x00000000d57d8000,0x00000000d5880000)
  to   space 1024K, 0% used [0x00000000d5880000,0x00000000d5880000,0x00000000d5980000)
 ParOldGen       total 257536K, used 257200K [0x0000000080000000, 0x000000008fb80000, 0x00000000d5580000)
  object space 257536K, 99% used [0x0000000080000000,0x000000008fb2c2d8,0x000000008fb80000)
 Metaspace       used 79682K, committed 81472K, reserved 1179648K
  class space    used 8229K, committed 8960K, reserved 1048576K
}
Event: 2844.826 GC heap after
{Heap after GC invocations=461 (full 3):
 PSYoungGen      total 3072K, used 538K [0x00000000d5580000, 0x00000000d5980000, 0x0000000100000000)
  eden space 2048K, 0% used [0x00000000d5580000,0x00000000d5580000,0x00000000d5780000)
  from space 1024K, 52% used [0x00000000d5880000,0x00000000d5906920,0x00000000d5980000)
  to   space 1024K, 0% used [0x00000000d5780000,0x00000000d5780000,0x00000000d5880000)
 ParOldGen       total 257536K, used 257320K [0x0000000080000000, 0x000000008fb80000, 0x00000000d5580000)
  object space 257536K, 99% used [0x0000000080000000,0x000000008fb4a2d8,0x000000008fb80000)
 Metaspace       used 79682K, committed 81472K, reserved 1179648K
  class space    used 8229K, committed 8960K, reserved 1048576K
}
Event: 2844.829 GC heap before
{Heap before GC invocations=462 (full 3):
 PSYoungGen      total 3072K, used 2586K [0x00000000d5580000, 0x00000000d5980000, 0x0000000100000000)
  eden space 2048K, 100% used [0x00000000d5580000,0x00000000d5780000,0x00000000d5780000)
  from space 1024K, 52% used [0x00000000d5880000,0x00000000d5906920,0x00000000d5980000)
  to   space 1024K, 0% used [0x00000000d5780000,0x00000000d5780000,0x00000000d5880000)
 ParOldGen       total 257536K, used 257320K [0x0000000080000000, 0x000000008fb80000, 0x00000000d5580000)
  object space 257536K, 99% used [0x0000000080000000,0x000000008fb4a2d8,0x000000008fb80000)
 Metaspace       used 79682K, committed 81472K, reserved 1179648K
  class space    used 8229K, committed 8960K, reserved 1048576K
}
Event: 2844.830 GC heap after
{Heap after GC invocations=462 (full 3):
 PSYoungGen      total 3072K, used 512K [0x00000000d5580000, 0x00000000d5980000, 0x0000000100000000)
  eden space 2048K, 0% used [0x00000000d5580000,0x00000000d5580000,0x00000000d5780000)
  from space 1024K, 50% used [0x00000000d5780000,0x00000000d5800000,0x00000000d5880000)
  to   space 1024K, 0% used [0x00000000d5880000,0x00000000d5880000,0x00000000d5980000)
 ParOldGen       total 258048K, used 257821K [0x0000000080000000, 0x000000008fc00000, 0x00000000d5580000)
  object space 258048K, 99% used [0x0000000080000000,0x000000008fbc7508,0x000000008fc00000)
 Metaspace       used 79682K, committed 81472K, reserved 1179648K
  class space    used 8229K, committed 8960K, reserved 1048576K
}
Event: 2844.839 GC heap before
{Heap before GC invocations=463 (full 3):
 PSYoungGen      total 3072K, used 2560K [0x00000000d5580000, 0x00000000d5980000, 0x0000000100000000)
  eden space 2048K, 100% used [0x00000000d5580000,0x00000000d5780000,0x00000000d5780000)
  from space 1024K, 50% used [0x00000000d5780000,0x00000000d5800000,0x00000000d5880000)
  to   space 1024K, 0% used [0x00000000d5880000,0x00000000d5880000,0x00000000d5980000)
 ParOldGen       total 258048K, used 257821K [0x0000000080000000, 0x000000008fc00000, 0x00000000d5580000)
  object space 258048K, 99% used [0x0000000080000000,0x000000008fbc7508,0x000000008fc00000)
 Metaspace       used 79706K, committed 81472K, reserved 1179648K
  class space    used 8229K, committed 8960K, reserved 1048576K
}
Event: 2844.840 GC heap after
{Heap after GC invocations=463 (full 3):
 PSYoungGen      total 3072K, used 554K [0x00000000d5580000, 0x00000000d5980000, 0x0000000100000000)
  eden space 2048K, 0% used [0x00000000d5580000,0x00000000d5580000,0x00000000d5780000)
  from space 1024K, 54% used [0x00000000d5880000,0x00000000d590a910,0x00000000d5980000)
  to   space 1024K, 0% used [0x00000000d5780000,0x00000000d5780000,0x00000000d5880000)
 ParOldGen       total 258560K, used 258133K [0x0000000080000000, 0x000000008fc80000, 0x00000000d5580000)
  object space 258560K, 99% used [0x0000000080000000,0x000000008fc15528,0x000000008fc80000)
 Metaspace       used 79706K, committed 81472K, reserved 1179648K
  class space    used 8229K, committed 8960K, reserved 1048576K
}
Event: 2844.843 GC heap before
{Heap before GC invocations=464 (full 3):
 PSYoungGen      total 3072K, used 2602K [0x00000000d5580000, 0x00000000d5980000, 0x0000000100000000)
  eden space 2048K, 100% used [0x00000000d5580000,0x00000000d5780000,0x00000000d5780000)
  from space 1024K, 54% used [0x00000000d5880000,0x00000000d590a910,0x00000000d5980000)
  to   space 1024K, 0% used [0x00000000d5780000,0x00000000d5780000,0x00000000d5880000)
 ParOldGen       total 258560K, used 258133K [0x0000000080000000, 0x000000008fc80000, 0x00000000d5580000)
  object space 258560K, 99% used [0x0000000080000000,0x000000008fc15528,0x000000008fc80000)
 Metaspace       used 79706K, committed 81472K, reserved 1179648K
  class space    used 8229K, committed 8960K, reserved 1048576K
}
Event: 2844.844 GC heap after
{Heap after GC invocations=464 (full 3):
 PSYoungGen      total 3072K, used 608K [0x00000000d5580000, 0x00000000d5980000, 0x0000000100000000)
  eden space 2048K, 0% used [0x00000000d5580000,0x00000000d5580000,0x00000000d5780000)
  from space 1024K, 59% used [0x00000000d5780000,0x00000000d5818000,0x00000000d5880000)
  to   space 1024K, 0% used [0x00000000d5880000,0x00000000d5880000,0x00000000d5980000)
 ParOldGen       total 258560K, used 258552K [0x0000000080000000, 0x000000008fc80000, 0x00000000d5580000)
  object space 258560K, 99% used [0x0000000080000000,0x000000008fc7e0a8,0x000000008fc80000)
 Metaspace       used 79706K, committed 81472K, reserved 1179648K
  class space    used 8229K, committed 8960K, reserved 1048576K
}
Event: 2846.032 GC heap before
{Heap before GC invocations=465 (full 3):
 PSYoungGen      total 3072K, used 2655K [0x00000000d5580000, 0x00000000d5980000, 0x0000000100000000)
  eden space 2048K, 99% used [0x00000000d5580000,0x00000000d577ffc8,0x00000000d5780000)
  from space 1024K, 59% used [0x00000000d5780000,0x00000000d5818000,0x00000000d5880000)
  to   space 1024K, 0% used [0x00000000d5880000,0x00000000d5880000,0x00000000d5980000)
 ParOldGen       total 258560K, used 258552K [0x0000000080000000, 0x000000008fc80000, 0x00000000d5580000)
  object space 258560K, 99% used [0x0000000080000000,0x000000008fc7e0a8,0x000000008fc80000)
 Metaspace       used 79754K, committed 81536K, reserved 1179648K
  class space    used 8229K, committed 8960K, reserved 1048576K
}
Event: 2846.033 GC heap after
{Heap after GC invocations=465 (full 3):
 PSYoungGen      total 3072K, used 544K [0x00000000d5580000, 0x00000000d5980000, 0x0000000100000000)
  eden space 2048K, 0% used [0x00000000d5580000,0x00000000d5580000,0x00000000d5780000)
  from space 1024K, 53% used [0x00000000d5880000,0x00000000d5908000,0x00000000d5980000)
  to   space 1024K, 0% used [0x00000000d5780000,0x00000000d5780000,0x00000000d5880000)
 ParOldGen       total 259072K, used 258968K [0x0000000080000000, 0x000000008fd00000, 0x00000000d5580000)
  object space 259072K, 99% used [0x0000000080000000,0x000000008fce60a8,0x000000008fd00000)
 Metaspace       used 79754K, committed 81536K, reserved 1179648K
  class space    used 8229K, committed 8960K, reserved 1048576K
}
Event: 2846.403 GC heap before
{Heap before GC invocations=466 (full 3):
 PSYoungGen      total 3072K, used 2592K [0x00000000d5580000, 0x00000000d5980000, 0x0000000100000000)
  eden space 2048K, 100% used [0x00000000d5580000,0x00000000d5780000,0x00000000d5780000)
  from space 1024K, 53% used [0x00000000d5880000,0x00000000d5908000,0x00000000d5980000)
  to   space 1024K, 0% used [0x00000000d5780000,0x00000000d5780000,0x00000000d5880000)
 ParOldGen       total 259072K, used 258968K [0x0000000080000000, 0x000000008fd00000, 0x00000000d5580000)
  object space 259072K, 99% used [0x0000000080000000,0x000000008fce60a8,0x000000008fd00000)
 Metaspace       used 79756K, committed 81536K, reserved 1179648K
  class space    used 8229K, committed 8960K, reserved 1048576K
}

Dll operation events (12 events):
Event: 0.013 Loaded shared library c:\Users\marif\.vscode\extensions\redhat.java-1.54.0-win32-x64\jre\21.0.10-win32-x86_64\bin\java.dll
Event: 0.088 Loaded shared library c:\Users\marif\.vscode\extensions\redhat.java-1.54.0-win32-x64\jre\21.0.10-win32-x86_64\bin\zip.dll
Event: 0.118 Loaded shared library C:\Users\marif\.vscode\extensions\redhat.java-1.54.0-win32-x64\jre\21.0.10-win32-x86_64\bin\instrument.dll
Event: 0.124 Loaded shared library C:\Users\marif\.vscode\extensions\redhat.java-1.54.0-win32-x64\jre\21.0.10-win32-x86_64\bin\net.dll
Event: 0.127 Loaded shared library C:\Users\marif\.vscode\extensions\redhat.java-1.54.0-win32-x64\jre\21.0.10-win32-x86_64\bin\nio.dll
Event: 0.131 Loaded shared library C:\Users\marif\.vscode\extensions\redhat.java-1.54.0-win32-x64\jre\21.0.10-win32-x86_64\bin\zip.dll
Event: 0.155 Loaded shared library C:\Users\marif\.vscode\extensions\redhat.java-1.54.0-win32-x64\jre\21.0.10-win32-x86_64\bin\jimage.dll
Event: 0.293 Loaded shared library c:\Users\marif\.vscode\extensions\redhat.java-1.54.0-win32-x64\jre\21.0.10-win32-x86_64\bin\verify.dll
Event: 23.446 Loaded shared library C:\Users\marif\AppData\Roaming\Code\User\globalStorage\redhat.java\1.54.0\config_win\org.eclipse.equinox.launcher\org.eclipse.equinox.launcher.win32.win32.x86_64_1.3.0.v20260203-2149\eclipse_11919.dll
Event: 53.420 Loaded shared library C:\Users\marif\AppData\Local\Temp\jna-103666427\jna13242350837927262594.dll
Event: 558.570 Loaded shared library C:\Users\marif\.vscode\extensions\redhat.java-1.54.0-win32-x64\jre\21.0.10-win32-x86_64\bin\sunmscapi.dll
Event: 2750.193 Loaded shared library C:\Users\marif\.vscode\extensions\redhat.java-1.54.0-win32-x64\jre\21.0.10-win32-x86_64\bin\extnet.dll

Deoptimization events (20 events):
Event: 2844.423 Thread 0x00000197e2f22af0 DEOPT PACKING pc=0x000001978af1ae04 sp=0x00000052751fe1b0
Event: 2844.423 Thread 0x00000197e2f22af0 DEOPT UNPACKING pc=0x000001978a5e3aa2 sp=0x00000052751fdfb0 mode 2
Event: 2844.842 Thread 0x00000197e2f23180 Uncommon trap: trap_request=0xffffffd6 fr.pc=0x000001978ba733fc relative=0x000000000000049c
Event: 2844.842 Thread 0x00000197e2f23180 Uncommon trap: reason=array_check action=maybe_recompile pc=0x000001978ba733fc method=org.eclipse.jdt.internal.compiler.lookup.UnresolvedReferenceBinding.addWrapper(Lorg/eclipse/jdt/internal/compiler/lookup/HotSwappable;Lorg/eclipse/jdt/internal/compiler/
Event: 2844.842 Thread 0x00000197e2f23180 DEOPT PACKING pc=0x000001978ba733fc sp=0x00000052742fd9b0
Event: 2844.842 Thread 0x00000197e2f23180 DEOPT UNPACKING pc=0x000001978a5e3aa2 sp=0x00000052742fd960 mode 2
Event: 2844.842 Thread 0x00000197e2f23180 Uncommon trap: trap_request=0xffffffd6 fr.pc=0x000001978ba733fc relative=0x000000000000049c
Event: 2844.842 Thread 0x00000197e2f23180 Uncommon trap: reason=array_check action=maybe_recompile pc=0x000001978ba733fc method=org.eclipse.jdt.internal.compiler.lookup.UnresolvedReferenceBinding.addWrapper(Lorg/eclipse/jdt/internal/compiler/lookup/HotSwappable;Lorg/eclipse/jdt/internal/compiler/
Event: 2844.842 Thread 0x00000197e2f23180 DEOPT PACKING pc=0x000001978ba733fc sp=0x00000052742fd7f0
Event: 2844.842 Thread 0x00000197e2f23180 DEOPT UNPACKING pc=0x000001978a5e3aa2 sp=0x00000052742fd7a0 mode 2
Event: 2844.842 Thread 0x00000197e2f23180 Uncommon trap: trap_request=0xffffffd6 fr.pc=0x000001978ba733fc relative=0x000000000000049c
Event: 2844.842 Thread 0x00000197e2f23180 Uncommon trap: reason=array_check action=maybe_recompile pc=0x000001978ba733fc method=org.eclipse.jdt.internal.compiler.lookup.UnresolvedReferenceBinding.addWrapper(Lorg/eclipse/jdt/internal/compiler/lookup/HotSwappable;Lorg/eclipse/jdt/internal/compiler/
Event: 2844.842 Thread 0x00000197e2f23180 DEOPT PACKING pc=0x000001978ba733fc sp=0x00000052742fd800
Event: 2844.842 Thread 0x00000197e2f23180 DEOPT UNPACKING pc=0x000001978a5e3aa2 sp=0x00000052742fd7b0 mode 2
Event: 2844.842 Thread 0x00000197e2f23180 Uncommon trap: trap_request=0xffffffd6 fr.pc=0x000001978ba733fc relative=0x000000000000049c
Event: 2844.842 Thread 0x00000197e2f23180 Uncommon trap: reason=array_check action=maybe_recompile pc=0x000001978ba733fc method=org.eclipse.jdt.internal.compiler.lookup.UnresolvedReferenceBinding.addWrapper(Lorg/eclipse/jdt/internal/compiler/lookup/HotSwappable;Lorg/eclipse/jdt/internal/compiler/
Event: 2844.842 Thread 0x00000197e2f23180 DEOPT PACKING pc=0x000001978ba733fc sp=0x00000052742fd7f0
Event: 2844.842 Thread 0x00000197e2f23180 DEOPT UNPACKING pc=0x000001978a5e3aa2 sp=0x00000052742fd7a0 mode 2
Event: 2844.852 Thread 0x00000197e2f23180 DEOPT PACKING pc=0x00000197851ec990 sp=0x00000052742fe480
Event: 2844.852 Thread 0x00000197e2f23180 DEOPT UNPACKING pc=0x000001978a5e4242 sp=0x00000052742fd8c8 mode 0

Classes loaded (20 events):
Event: 2750.117 Loading class jdk/net/ExtendedSocketOptions$2
Event: 2750.118 Loading class jdk/net/ExtendedSocketOptions$2 done
Event: 2750.118 Loading class jdk/internal/util/OperatingSystem
Event: 2750.118 Loading class jdk/internal/util/OperatingSystem done
Event: 2750.118 Loading class jdk/net/WindowsSocketOptions
Event: 2750.118 Loading class jdk/net/WindowsSocketOptions done
Event: 2750.193 Loading class jdk/net/ExtendedSocketOptions$1
Event: 2750.193 Loading class jdk/net/ExtendedSocketOptions$1 done
Event: 2750.195 Loading class java/nio/BufferMismatch
Event: 2750.195 Loading class java/nio/BufferMismatch done
Event: 2750.195 Loading class sun/nio/ch/SourceChannelImpl
Event: 2750.196 Loading class java/nio/channels/Pipe$SourceChannel
Event: 2750.196 Loading class java/nio/channels/Pipe$SourceChannel done
Event: 2750.196 Loading class sun/nio/ch/SourceChannelImpl done
Event: 2750.196 Loading class sun/nio/ch/SinkChannelImpl
Event: 2750.196 Loading class java/nio/channels/Pipe$SinkChannel
Event: 2750.196 Loading class java/nio/channels/Pipe$SinkChannel done
Event: 2750.196 Loading class sun/nio/ch/SinkChannelImpl done
Event: 2750.200 Loading class java/nio/channels/spi/AbstractSelector$1
Event: 2750.200 Loading class java/nio/channels/spi/AbstractSelector$1 done

Classes unloaded (10 events):
Event: 54.220 Thread 0x0000019796324130 Unloading class 0x00000197981a8c00 'java/lang/invoke/LambdaForm$MH+0x00000197981a8c00'
Event: 54.220 Thread 0x0000019796324130 Unloading class 0x00000197981a8800 'java/lang/invoke/LambdaForm$MH+0x00000197981a8800'
Event: 54.220 Thread 0x0000019796324130 Unloading class 0x00000197981a8400 'java/lang/invoke/LambdaForm$MH+0x00000197981a8400'
Event: 54.220 Thread 0x0000019796324130 Unloading class 0x00000197981a8000 'java/lang/invoke/LambdaForm$MH+0x00000197981a8000'
Event: 54.220 Thread 0x0000019796324130 Unloading class 0x00000197981a7c00 'java/lang/invoke/LambdaForm$BMH+0x00000197981a7c00'
Event: 54.220 Thread 0x0000019796324130 Unloading class 0x00000197981a7800 'java/lang/invoke/LambdaForm$DMH+0x00000197981a7800'
Event: 54.220 Thread 0x0000019796324130 Unloading class 0x00000197981a6400 'java/lang/invoke/LambdaForm$DMH+0x00000197981a6400'
Event: 77.064 Thread 0x0000019796324130 Unloading class 0x0000019798645000 'java/lang/invoke/LambdaForm$DMH+0x0000019798645000'
Event: 77.064 Thread 0x0000019796324130 Unloading class 0x0000019798644c00 'java/lang/invoke/LambdaForm$DMH+0x0000019798644c00'
Event: 77.064 Thread 0x0000019796324130 Unloading class 0x0000019798644400 'java/lang/invoke/LambdaForm$DMH+0x0000019798644400'

Classes redefined (0 events):
No events

Internal exceptions (20 events):
Event: 558.423 Thread 0x00000197e0a82cc0 Exception <a 'java/lang/IncompatibleClassChangeError'{0x00000000d5b42eb0}: Found class java.lang.Object, but interface was expected> (0x00000000d5b42eb0) 
thrown [s\src\hotspot\share\interpreter\linkResolver.cpp, line 840]
Event: 558.464 Thread 0x00000197df46da30 Exception <a 'java/lang/NoSuchMethodError'{0x00000000d5d66418}: 'java.lang.Object java.lang.invoke.DirectMethodHandle$Holder.invokeSpecial(java.lang.Object, java.lang.Object, int, long)'> (0x00000000d5d66418) 
thrown [s\src\hotspot\share\interpreter\linkResolver.cpp, line 773]
Event: 558.477 Thread 0x00000197e2f258e0 Exception <a 'java/lang/NoSuchMethodError'{0x00000000d55822f8}: 'java.lang.Object java.lang.invoke.DirectMethodHandle$Holder.invokeSpecial(java.lang.Object, java.lang.Object, java.lang.Object, java.lang.Object, int, java.lang.Object, java.lang.Object)'> (0x00000000d55822f8) 
thrown [s\src\hotspot\share\interpreter\linkResolver.cpp, line 773]
Event: 558.478 Thread 0x00000197e2f25250 Exception <a 'java/lang/NoSuchMethodError'{0x00000000d5583370}: 'java.lang.Object java.lang.invoke.DirectMethodHandle$Holder.invokeSpecial(java.lang.Object, java.lang.Object, java.lang.Object, java.lang.Object, int, java.lang.Object, java.lang.Object)'> (0x00000000d5583370) 
thrown [s\src\hotspot\share\interpreter\linkResolver.cpp, line 773]
Event: 558.544 Thread 0x00000197e2f22460 Exception <a 'java/lang/NoSuchMethodError'{0x00000000d59f8830}: 'int java.lang.invoke.Invokers$Holder.invokeExact_MT(java.lang.Object, java.lang.Object)'> (0x00000000d59f8830) 
thrown [s\src\hotspot\share\interpreter\linkResolver.cpp, line 773]
Event: 558.614 Thread 0x00000197e2f23810 Exception <a 'sun/nio/fs/WindowsException'{0x00000000d5cc6be8}> (0x00000000d5cc6be8) 
thrown [s\src\hotspot\share\prims\jni.cpp, line 520]
Event: 558.895 Thread 0x00000197e0a82cc0 Exception <a 'java/lang/IncompatibleClassChangeError'{0x00000000d55b7618}: Found class java.lang.Object, but interface was expected> (0x00000000d55b7618) 
thrown [s\src\hotspot\share\interpreter\linkResolver.cpp, line 840]
Event: 558.942 Thread 0x00000197e2f22460 Exception <a 'java/lang/NoSuchMethodError'{0x00000000d5592e48}: 'java.lang.Object java.lang.invoke.DirectMethodHandle$Holder.invokeStatic(java.lang.Object, java.lang.Object, int, int)'> (0x00000000d5592e48) 
thrown [s\src\hotspot\share\interpreter\linkResolver.cpp, line 773]
Event: 558.943 Thread 0x00000197e2f22460 Exception <a 'java/lang/NoSuchMethodError'{0x00000000d55af2b0}: 'java.lang.Object java.lang.invoke.DirectMethodHandle$Holder.invokeSpecial(java.lang.Object, java.lang.Object, java.lang.Object, int, int)'> (0x00000000d55af2b0) 
thrown [s\src\hotspot\share\interpreter\linkResolver.cpp, line 773]
Event: 559.546 Thread 0x00000197e2f22460 Exception <a 'java/lang/LinkageError'{0x00000000d56b5768}: loader lombok.launch.ShadowClassLoader @29745c2f attempted duplicate class definition for lombok.launch.PatchFixesHider$Val. (lombok.launch.PatchFixesHider$Val is in unnamed module of loader lombok.launch.ShadowClassLoader @29745c2f, parent loader org.eclipse.osgi.internal.loader.EquinoxClassLoader @334ca9)> (0x00000000d56b5768) 
thrown [s\src\hotspot\share\classfile\systemDictionary.cpp, line 1672]
Event: 560.365 Thread 0x00000197df46b960 Exception <a 'java/io/FileNotFoundException'{0x00000000d5742d30}> (0x00000000d5742d30) 
thrown [s\src\hotspot\share\prims\jni.cpp, line 520]
Event: 560.365 Thread 0x00000197df46b960 Exception <a 'java/io/FileNotFoundException'{0x00000000d5743e50}> (0x00000000d5743e50) 
thrown [s\src\hotspot\share\prims\jni.cpp, line 520]
Event: 560.366 Thread 0x00000197df46b960 Exception <a 'java/io/FileNotFoundException'{0x00000000d5744e48}> (0x00000000d5744e48) 
thrown [s\src\hotspot\share\prims\jni.cpp, line 520]
Event: 560.450 Thread 0x00000197df46b960 Implicit null exception at 0x000001978b422cc9 to 0x000001978b422e1c
Event: 1604.349 Thread 0x00000197e2f21dd0 Implicit null exception at 0x000001978aee27ce to 0x000001978aee2d48
Event: 1604.937 Thread 0x00000197e2f21dd0 Exception <a 'java/lang/NoSuchMethodError'{0x00000000d55ee220}: 'int java.lang.invoke.DirectMethodHandle$Holder.invokeStaticInit(java.lang.Object, int)'> (0x00000000d55ee220) 
thrown [s\src\hotspot\share\interpreter\linkResolver.cpp, line 773]
Event: 2652.385 Thread 0x00000197e2f24530 Exception <a 'java/lang/NoSuchMethodError'{0x00000000d560e890}: 'java.lang.Object java.lang.invoke.DirectMethodHandle$Holder.invokeStatic(java.lang.Object, int, java.lang.Object)'> (0x00000000d560e890) 
thrown [s\src\hotspot\share\interpreter\linkResolver.cpp, line 773]
Event: 2652.532 Thread 0x00000197e2f24530 Exception <a 'java/lang/NoSuchMethodError'{0x00000000d5628220}: 'int java.lang.invoke.DirectMethodHandle$Holder.invokeSpecialIFC(java.lang.Object, java.lang.Object, int)'> (0x00000000d5628220) 
thrown [s\src\hotspot\share\interpreter\linkResolver.cpp, line 773]
Event: 2749.925 Thread 0x00000197e2f22af0 Exception <a 'java/lang/NoSuchMethodError'{0x00000000d55f6ab8}: 'java.lang.Object java.lang.invoke.DirectMethodHandle$Holder.invokeStaticInit(java.lang.Object, java.lang.Object, int)'> (0x00000000d55f6ab8) 
thrown [s\src\hotspot\share\interpreter\linkResolver.cpp, line 773]
Event: 2804.235 Thread 0x00000197e2f22af0 Exception <a 'java/lang/NoSuchMethodError'{0x00000000d5655848}: 'java.lang.Object java.lang.invoke.DirectMethodHandle$Holder.invokeStatic(java.lang.Object, java.lang.Object, int, java.lang.Object, java.lang.Object)'> (0x00000000d5655848) 
thrown [s\src\hotspot\share\interpreter\linkResolver.cpp, line 773]

ZGC Phase Switch (0 events):
No events

VM Operations (20 events):
Event: 2844.428 Executing safepoint VM operation: ParallelGCFailedAllocation (Allocation Failure) done
Event: 2844.436 Executing safepoint VM operation: ParallelGCFailedAllocation (Allocation Failure)
Event: 2844.437 Executing safepoint VM operation: ParallelGCFailedAllocation (Allocation Failure) done
Event: 2844.463 Executing safepoint VM operation: ParallelGCFailedAllocation (Allocation Failure)
Event: 2844.464 Executing safepoint VM operation: ParallelGCFailedAllocation (Allocation Failure) done
Event: 2844.659 Executing safepoint VM operation: ParallelGCFailedAllocation (Allocation Failure)
Event: 2844.660 Executing safepoint VM operation: ParallelGCFailedAllocation (Allocation Failure) done
Event: 2844.825 Executing safepoint VM operation: ParallelGCFailedAllocation (Allocation Failure)
Event: 2844.826 Executing safepoint VM operation: ParallelGCFailedAllocation (Allocation Failure) done
Event: 2844.829 Executing safepoint VM operation: ParallelGCFailedAllocation (Allocation Failure)
Event: 2844.830 Executing safepoint VM operation: ParallelGCFailedAllocation (Allocation Failure) done
Event: 2844.839 Executing safepoint VM operation: ParallelGCFailedAllocation (Allocation Failure)
Event: 2844.840 Executing safepoint VM operation: ParallelGCFailedAllocation (Allocation Failure) done
Event: 2844.843 Executing safepoint VM operation: ParallelGCFailedAllocation (Allocation Failure)
Event: 2844.844 Executing safepoint VM operation: ParallelGCFailedAllocation (Allocation Failure) done
Event: 2845.846 Executing safepoint VM operation: Cleanup
Event: 2845.846 Executing safepoint VM operation: Cleanup done
Event: 2846.032 Executing safepoint VM operation: ParallelGCFailedAllocation (Allocation Failure)
Event: 2846.033 Executing safepoint VM operation: ParallelGCFailedAllocation (Allocation Failure) done
Event: 2846.403 Executing safepoint VM operation: ParallelGCFailedAllocation (Allocation Failure)

Memory protections (0 events):
No events

Nmethod flushes (20 events):
Event: 77.097 Thread 0x0000019796324130 flushing  nmethod 0x0000019783aa1510
Event: 77.097 Thread 0x0000019796324130 flushing  nmethod 0x0000019783aa2210
Event: 77.097 Thread 0x0000019796324130 flushing  nmethod 0x0000019783aa5810
Event: 77.097 Thread 0x0000019796324130 flushing  nmethod 0x0000019783aa6590
Event: 77.097 Thread 0x0000019796324130 flushing  nmethod 0x0000019783ad1690
Event: 77.097 Thread 0x0000019796324130 flushing osr nmethod 0x0000019783b20c90
Event: 77.097 Thread 0x0000019796324130 flushing osr nmethod 0x0000019783b3d090
Event: 77.097 Thread 0x0000019796324130 flushing  nmethod 0x0000019783b45b90
Event: 77.097 Thread 0x0000019796324130 flushing  nmethod 0x0000019783b5b710
Event: 77.097 Thread 0x0000019796324130 flushing  nmethod 0x0000019783b5df90
Event: 77.097 Thread 0x0000019796324130 flushing  nmethod 0x0000019783b61110
Event: 77.097 Thread 0x0000019796324130 flushing  nmethod 0x0000019783b98490
Event: 77.097 Thread 0x0000019796324130 flushing  nmethod 0x0000019783b98a90
Event: 77.097 Thread 0x0000019796324130 flushing  nmethod 0x0000019783b99190
Event: 77.097 Thread 0x0000019796324130 flushing  nmethod 0x0000019783b99790
Event: 77.097 Thread 0x0000019796324130 flushing  nmethod 0x0000019783b99b10
Event: 77.097 Thread 0x0000019796324130 flushing  nmethod 0x0000019783b9de90
Event: 77.097 Thread 0x0000019796324130 flushing  nmethod 0x0000019783bcf010
Event: 77.097 Thread 0x0000019796324130 flushing  nmethod 0x0000019783be1210
Event: 77.097 Thread 0x0000019796324130 flushing  nmethod 0x0000019783c05b90

Events (20 events):
Event: 2793.404 Thread 0x00000197e415cf90 Thread exited: 0x00000197e415cf90
Event: 2798.353 Thread 0x00000197e2f23180 Thread added: 0x00000197e2f27320
Event: 2798.385 Thread 0x00000197d880dfd0 Thread added: 0x00000197e415ead0
Event: 2798.385 Thread 0x00000197d880dfd0 Thread added: 0x00000197e415f1a0
Event: 2798.628 Thread 0x00000197e415f1a0 Thread exited: 0x00000197e415f1a0
Event: 2798.763 Thread 0x00000197e415ead0 Thread exited: 0x00000197e415ead0
Event: 2804.232 Thread 0x00000197d880dfd0 Thread added: 0x00000197e415ff40
Event: 2804.251 Thread 0x00000197d880dfd0 Thread added: 0x00000197e415cf90
Event: 2804.459 Thread 0x00000197d880dfd0 Thread added: 0x00000197e415ead0
Event: 2804.607 Thread 0x00000197e415cf90 Thread exited: 0x00000197e415cf90
Event: 2804.657 Thread 0x00000197e415ead0 Thread added: 0x00000197e4160610
Event: 2804.921 Thread 0x00000197e4160610 Thread exited: 0x00000197e4160610
Event: 2804.921 Thread 0x00000197e415ff40 Thread exited: 0x00000197e415ff40
Event: 2805.905 Thread 0x00000197e415ead0 Thread exited: 0x00000197e415ead0
Event: 2844.833 Thread 0x00000197d880d480 Thread added: 0x00000197e415ead0
Event: 2844.844 Thread 0x00000197d880dfd0 Thread added: 0x00000197e415f1a0
Event: 2844.844 Thread 0x00000197d880dfd0 Thread added: 0x00000197e415f870
Event: 2846.268 Thread 0x00000197e415f870 Thread exited: 0x00000197e415f870
Event: 2846.268 Thread 0x00000197e415ead0 Thread exited: 0x00000197e415ead0
Event: 2846.268 Thread 0x00000197e415f1a0 Thread exited: 0x00000197e415f1a0


Dynamic libraries:
0x00007ff6466e0000 - 0x00007ff6466ee000 	c:\Users\marif\.vscode\extensions\redhat.java-1.54.0-win32-x64\jre\21.0.10-win32-x86_64\bin\java.exe
0x00007ffd88cc0000 - 0x00007ffd88f27000 	C:\Windows\SYSTEM32\ntdll.dll
0x00007ffd86d40000 - 0x00007ffd86e09000 	C:\Windows\System32\KERNEL32.DLL
0x00007ffd85640000 - 0x00007ffd85a34000 	C:\Windows\System32\KERNELBASE.dll
0x00007ffd866d0000 - 0x00007ffd8681b000 	C:\Windows\System32\ucrtbase.dll
0x00007ffcf80e0000 - 0x00007ffcf80f8000 	c:\Users\marif\.vscode\extensions\redhat.java-1.54.0-win32-x64\jre\21.0.10-win32-x86_64\bin\jli.dll
0x00007ffd86a50000 - 0x00007ffd86c15000 	C:\Windows\System32\USER32.dll
0x00007ffd866a0000 - 0x00007ffd866c7000 	C:\Windows\System32\win32u.dll
0x00007ffd87290000 - 0x00007ffd872bb000 	C:\Windows\System32\GDI32.dll
0x00007ffd86420000 - 0x00007ffd8654b000 	C:\Windows\System32\gdi32full.dll
0x00007ffd86820000 - 0x00007ffd868c3000 	C:\Windows\System32\msvcp_win.dll
0x00007ffcf7660000 - 0x00007ffcf767e000 	c:\Users\marif\.vscode\extensions\redhat.java-1.54.0-win32-x64\jre\21.0.10-win32-x86_64\bin\VCRUNTIME140.dll
0x00007ffd6bbd0000 - 0x00007ffd6be63000 	C:\Windows\WinSxS\amd64_microsoft.windows.common-controls_6595b64144ccf1df_6.0.26100.8115_none_3e075c82e3354f9c\COMCTL32.dll
0x00007ffd88a60000 - 0x00007ffd88b09000 	C:\Windows\System32\msvcrt.dll
0x00007ffd874a0000 - 0x00007ffd874d2000 	C:\Windows\System32\IMM32.DLL
0x00007ffd152c0000 - 0x00007ffd152cc000 	c:\Users\marif\.vscode\extensions\redhat.java-1.54.0-win32-x64\jre\21.0.10-win32-x86_64\bin\vcruntime140_1.dll
0x00007ffcc3960000 - 0x00007ffcc39ed000 	c:\Users\marif\.vscode\extensions\redhat.java-1.54.0-win32-x64\jre\21.0.10-win32-x86_64\bin\msvcp140.dll
0x00007ffcc2bb0000 - 0x00007ffcc3951000 	c:\Users\marif\.vscode\extensions\redhat.java-1.54.0-win32-x64\jre\21.0.10-win32-x86_64\bin\server\jvm.dll
0x00007ffd883c0000 - 0x00007ffd88476000 	C:\Windows\System32\ADVAPI32.dll
0x00007ffd889b0000 - 0x00007ffd88a57000 	C:\Windows\System32\sechost.dll
0x00007ffd86f30000 - 0x00007ffd87048000 	C:\Windows\System32\RPCRT4.dll
0x00007ffd87050000 - 0x00007ffd870d0000 	C:\Windows\System32\WS2_32.dll
0x00007ffd84160000 - 0x00007ffd841be000 	C:\Windows\SYSTEM32\POWRPROF.dll
0x00007ffd7c630000 - 0x00007ffd7c63b000 	C:\Windows\SYSTEM32\VERSION.dll
0x00007ffd78cd0000 - 0x00007ffd78d06000 	C:\Windows\SYSTEM32\WINMM.dll
0x00007ffd84140000 - 0x00007ffd84154000 	C:\Windows\SYSTEM32\UMPDC.dll
0x00007ffd84420000 - 0x00007ffd8443b000 	C:\Windows\SYSTEM32\kernel.appcore.dll
0x00007ffd13bc0000 - 0x00007ffd13bca000 	c:\Users\marif\.vscode\extensions\redhat.java-1.54.0-win32-x64\jre\21.0.10-win32-x86_64\bin\jimage.dll
0x00007ffd83400000 - 0x00007ffd83642000 	C:\Windows\SYSTEM32\DBGHELP.DLL
0x00007ffd88480000 - 0x00007ffd88802000 	C:\Windows\System32\combase.dll
0x00007ffd870e0000 - 0x00007ffd871b8000 	C:\Windows\System32\OLEAUT32.dll
0x00007ffd51280000 - 0x00007ffd512bb000 	C:\Windows\SYSTEM32\dbgcore.DLL
0x00007ffd85590000 - 0x00007ffd85635000 	C:\Windows\System32\bcryptPrimitives.dll
0x00007ffd068b0000 - 0x00007ffd068bf000 	c:\Users\marif\.vscode\extensions\redhat.java-1.54.0-win32-x64\jre\21.0.10-win32-x86_64\bin\instrument.dll
0x00007ffcee070000 - 0x00007ffcee090000 	c:\Users\marif\.vscode\extensions\redhat.java-1.54.0-win32-x64\jre\21.0.10-win32-x86_64\bin\java.dll
0x00007ffd874e0000 - 0x00007ffd87c47000 	C:\Windows\System32\SHELL32.dll
0x00007ffd85a40000 - 0x00007ffd85baa000 	C:\Windows\System32\wintypes.dll
0x00007ffd85bb0000 - 0x00007ffd86418000 	C:\Windows\System32\windows.storage.dll
0x00007ffd880f0000 - 0x00007ffd881e8000 	C:\Windows\System32\SHCORE.dll
0x00007ffd88320000 - 0x00007ffd88386000 	C:\Windows\System32\shlwapi.dll
0x00007ffd854b0000 - 0x00007ffd854d9000 	C:\Windows\SYSTEM32\profapi.dll
0x00007ffcd8580000 - 0x00007ffcd8598000 	c:\Users\marif\.vscode\extensions\redhat.java-1.54.0-win32-x64\jre\21.0.10-win32-x86_64\bin\zip.dll
0x00007ffd066f0000 - 0x00007ffd06700000 	C:\Users\marif\.vscode\extensions\redhat.java-1.54.0-win32-x64\jre\21.0.10-win32-x86_64\bin\net.dll
0x00007ffd7eba0000 - 0x00007ffd7eccd000 	C:\Windows\SYSTEM32\WINHTTP.dll
0x00007ffd849b0000 - 0x00007ffd84a1c000 	C:\Windows\system32\mswsock.dll
0x00007ffd04bb0000 - 0x00007ffd04bc6000 	C:\Users\marif\.vscode\extensions\redhat.java-1.54.0-win32-x64\jre\21.0.10-win32-x86_64\bin\nio.dll
0x00007ffd05e50000 - 0x00007ffd05e60000 	c:\Users\marif\.vscode\extensions\redhat.java-1.54.0-win32-x64\jre\21.0.10-win32-x86_64\bin\verify.dll
0x00007ffc9fe80000 - 0x00007ffc9fec5000 	C:\Users\marif\AppData\Roaming\Code\User\globalStorage\redhat.java\1.54.0\config_win\org.eclipse.equinox.launcher\org.eclipse.equinox.launcher.win32.win32.x86_64_1.3.0.v20260203-2149\eclipse_11919.dll
0x00007ffd88810000 - 0x00007ffd889a7000 	C:\Windows\System32\ole32.dll
0x00007ffd84c90000 - 0x00007ffd84cab000 	C:\Windows\SYSTEM32\CRYPTSP.dll
0x00007ffd84380000 - 0x00007ffd843b9000 	C:\Windows\system32\rsaenh.dll
0x00007ffd84a60000 - 0x00007ffd84a93000 	C:\Windows\SYSTEM32\USERENV.dll
0x00007ffd85480000 - 0x00007ffd854aa000 	C:\Windows\SYSTEM32\bcrypt.dll
0x00007ffd84cb0000 - 0x00007ffd84cbc000 	C:\Windows\SYSTEM32\CRYPTBASE.dll
0x00007ffd83d60000 - 0x00007ffd83d92000 	C:\Windows\SYSTEM32\IPHLPAPI.DLL
0x00007ffd86d30000 - 0x00007ffd86d3a000 	C:\Windows\System32\NSI.dll
0x00007ffc9e030000 - 0x00007ffc9e079000 	C:\Users\marif\AppData\Local\Temp\jna-103666427\jna13242350837927262594.dll
0x00007ffd88b10000 - 0x00007ffd88b18000 	C:\Windows\System32\PSAPI.DLL
0x00007ffd7f0c0000 - 0x00007ffd7f0dd000 	C:\Windows\SYSTEM32\dhcpcsvc6.DLL
0x00007ffd7f050000 - 0x00007ffd7f075000 	C:\Windows\SYSTEM32\dhcpcsvc.DLL
0x00007ffca8bb0000 - 0x00007ffca8bbe000 	C:\Users\marif\.vscode\extensions\redhat.java-1.54.0-win32-x64\jre\21.0.10-win32-x86_64\bin\sunmscapi.dll
0x00007ffd868d0000 - 0x00007ffd86a47000 	C:\Windows\System32\CRYPT32.dll
0x00007ffd84eb0000 - 0x00007ffd84ee0000 	C:\Windows\SYSTEM32\ncrypt.dll
0x00007ffd84e60000 - 0x00007ffd84e9f000 	C:\Windows\SYSTEM32\NTASN1.dll
0x00007ffd76370000 - 0x00007ffd76378000 	C:\Windows\system32\wshunix.dll
0x00007ffca4b60000 - 0x00007ffca4b69000 	C:\Users\marif\.vscode\extensions\redhat.java-1.54.0-win32-x64\jre\21.0.10-win32-x86_64\bin\extnet.dll

JVMTI agents:
c:\Users\marif\.vscode\extensions\redhat.java-1.54.0-win32-x64\lombok\lombok-1.18.39-4050.jar path:c:\Users\marif\.vscode\extensions\redhat.java-1.54.0-win32-x64\jre\21.0.10-win32-x86_64\bin\instrument.dll, loaded, initialized, instrumentlib options:none

dbghelp: loaded successfully - version: 4.0.5 - missing functions: none
symbol engine: initialized successfully - sym options: 0x614 - pdb path: .;c:\Users\marif\.vscode\extensions\redhat.java-1.54.0-win32-x64\jre\21.0.10-win32-x86_64\bin;C:\Windows\SYSTEM32;C:\Windows\WinSxS\amd64_microsoft.windows.common-controls_6595b64144ccf1df_6.0.26100.8115_none_3e075c82e3354f9c;c:\Users\marif\.vscode\extensions\redhat.java-1.54.0-win32-x64\jre\21.0.10-win32-x86_64\bin\server;C:\Users\marif\AppData\Roaming\Code\User\globalStorage\redhat.java\1.54.0\config_win\org.eclipse.equinox.launcher\org.eclipse.equinox.launcher.win32.win32.x86_64_1.3.0.v20260203-2149;C:\Users\marif\AppData\Local\Temp\jna-103666427

VM Arguments:
jvm_args: --add-modules=ALL-SYSTEM --add-opens=java.base/java.util=ALL-UNNAMED --add-opens=java.base/java.lang=ALL-UNNAMED --add-opens=java.base/sun.nio.fs=ALL-UNNAMED -Declipse.application=org.eclipse.jdt.ls.core.id1 -Dosgi.bundles.defaultStartLevel=4 -Declipse.product=org.eclipse.jdt.ls.core.product -Djava.import.generatesMetadataFilesAtProjectRoot=false -DDetectVMInstallationsJob.disabled=true -Dfile.encoding=utf8 -XX:+UseParallelGC -XX:GCTimeRatio=4 -XX:AdaptiveSizePolicyWeight=90 -Dsun.zip.disableMemoryMapping=true -Xmx2G -Xms100m -Xlog:disable -javaagent:c:\Users\marif\.vscode\extensions\redhat.java-1.54.0-win32-x64\lombok\lombok-1.18.39-4050.jar -XX:+HeapDumpOnOutOfMemoryError -XX:HeapDumpPath=c:\Users\marif\AppData\Roaming\Code\User\workspaceStorage\82fd4d556b33f0425043c292435518cf\redhat.java -Daether.dependencyCollector.impl=bf 
java_command: c:\Users\marif\.vscode\extensions\redhat.java-1.54.0-win32-x64\server\plugins\org.eclipse.equinox.launcher_1.7.100.v20251111-0406.jar -configuration c:\Users\marif\AppData\Roaming\Code\User\globalStorage\redhat.java\1.54.0\config_win -data c:\Users\marif\AppData\Roaming\Code\User\workspaceStorage\82fd4d556b33f0425043c292435518cf\redhat.java\jdt_ws --pipe=\\.\pipe\lsp-25128dc8a4b1c4c073aff11c443ff220-sock
java_class_path (initial): c:\Users\marif\.vscode\extensions\redhat.java-1.54.0-win32-x64\server\plugins\org.eclipse.equinox.launcher_1.7.100.v20251111-0406.jar
Launcher Type: SUN_STANDARD

[Global flags]
    uintx AdaptiveSizePolicyWeight                 = 90                                        {product} {command line}
     intx CICompilerCount                          = 12                                        {product} {ergonomic}
    uintx GCTimeRatio                              = 4                                         {product} {command line}
     bool HeapDumpOnOutOfMemoryError               = true                                   {manageable} {command line}
    ccstr HeapDumpPath                             = c:\Users\marif\AppData\Roaming\Code\User\workspaceStorage\82fd4d556b33f0425043c292435518cf\redhat.java         {manageable} {command line}
   size_t InitialHeapSize                          = 104857600                                 {product} {command line}
   size_t MaxHeapSize                              = 2147483648                                {product} {command line}
   size_t MaxNewSize                               = 715653120                                 {product} {ergonomic}
   size_t MinHeapDeltaBytes                        = 524288                                    {product} {ergonomic}
   size_t MinHeapSize                              = 104857600                                 {product} {command line}
   size_t NewSize                                  = 34603008                                  {product} {ergonomic}
    uintx NonNMethodCodeHeapSize                   = 7602480                                {pd product} {ergonomic}
    uintx NonProfiledCodeHeapSize                  = 122027880                              {pd product} {ergonomic}
   size_t OldSize                                  = 70254592                                  {product} {ergonomic}
    uintx ProfiledCodeHeapSize                     = 122027880                              {pd product} {ergonomic}
    uintx ReservedCodeCacheSize                    = 251658240                              {pd product} {ergonomic}
     bool SegmentedCodeCache                       = true                                      {product} {ergonomic}
   size_t SoftMaxHeapSize                          = 2147483648                             {manageable} {ergonomic}
     bool UseCompressedOops                        = true                           {product lp64_product} {ergonomic}
     bool UseLargePagesIndividualAllocation        = false                                  {pd product} {ergonomic}
     bool UseParallelGC                            = true                                      {product} {command line}

Logging:
Log output configuration:
 #0: stdout all=off uptime,level,tags foldmultilines=false
 #1: stderr all=off uptime,level,tags foldmultilines=false

Release file:
JAVA_VERSION="21.0.10" 
MODULES="java.base java.compiler java.datatransfer java.xml java.prefs java.desktop java.instrument java.logging java.management java.security.sasl java.naming java.rmi java.management.rmi java.net.http java.scripting java.security.jgss java.transaction.xa java.sql java.sql.rowset java.xml.crypto java.se java.smartcardio jdk.accessibility jdk.internal.jvmstat jdk.attach jdk.charsets jdk.internal.opt jdk.zipfs jdk.compiler jdk.crypto.ec jdk.crypto.cryptoki jdk.crypto.mscapi jdk.dynalink jdk.internal.ed jdk.editpad jdk.hotspot.agent jdk.httpserver jdk.internal.le jdk.internal.vm.ci jdk.internal.vm.compiler jdk.internal.vm.compiler.management jdk.jartool jdk.javadoc jdk.jcmd jdk.management jdk.management.agent jdk.jconsole jdk.jdeps jdk.jdwp.agent jdk.jdi jdk.jfr jdk.jshell jdk.jsobject jdk.jstatd jdk.localedata jdk.management.jfr jdk.naming.dns jdk.naming.rmi jdk.net jdk.nio.mapmode jdk.random jdk.sctp jdk.security.auth jdk.security.jgss jdk.unsupported jdk.unsupported.desktop jdk.xml.dom" 

Environment Variables:
PATH=C:\Users\marif\AppData\Local\Programs\Microsoft VS Code;C:\Program Files\Common Files\Oracle\Java\javapath;C:\Program Files (x86)\Common Files\Oracle\Java\java8path;C:\Program Files (x86)\Common Files\Oracle\Java\javapath;C:\Program Files (x86)\VMware\VMware Player\bin\;C:\Windows\system32;C:\Windows;C:\Windows\System32\Wbem;C:\Windows\System32\WindowsPowerShell\v1.0\;C:\Windows\System32\OpenSSH\;C:\Program Files (x86)\NVIDIA Corporation\PhysX\Common;C:\Program Files\NVIDIA Corporation\NVIDIA NvDLISR;C:\Program Files\dotnet\;C:\Program Files\Git\cmd;C:\Program Files\Docker\Docker\resources\bin;C:\Program Files\nodejs\;C:\Program Files\MATLAB\R2025b\bin;C:\Program Files\PuTTY\;C:\Users\marif\AppData\Local\Programs\Python\Python312\Scripts\;C:\Users\marif\AppData\Local\Programs\Python\Python312\;C:\Users\marif\AppData\Local\Programs\Python\Python314\Scripts\;C:\Users\marif\AppData\Local\Programs\Python\Python314\;C:\Users\marif\AppData\Local\Programs\Python\Python38\Scripts\;C:\Users\marif\AppData\Local\Programs\Python\Python38\;C:\Users\marif\AppData\Local\Microsoft\WindowsApps;C:\Users\marif\AppData\Local\Programs\Microsoft VS Code\bin;C:\Users\marif\AppData\Local\GitHubDesktop\bin;C:\Users\marif\AppData\Roaming\npm;C:\Program Files (x86)\Nmap;C:\xampp\php;C:\Users\marif\AppData\Local\ComposerSetup\bin;C:\Users\marif\AppData\Roaming\Composer\vendor\bin
USERNAME=marif
OS=Windows_NT
PROCESSOR_IDENTIFIER=Intel64 Family 6 Model 154 Stepping 3, GenuineIntel
TMP=C:\Users\marif\AppData\Local\Temp
TEMP=C:\Users\marif\AppData\Local\Temp




Periodic native trim disabled

---------------  S Y S T E M  ---------------

OS:
 Windows 11 , 64 bit Build 26100 (10.0.26100.8246)
OS uptime: 0 days 0:50 hours
Hyper-V role detected

CPU: total 16 (initial active 16) (8 cores per cpu, 2 threads per core) family 6 model 154 stepping 3 microcode 0x434, cx8, cmov, fxsr, ht, mmx, 3dnowpref, sse, sse2, sse3, ssse3, sse4.1, sse4.2, popcnt, lzcnt, tsc, tscinvbit, avx, avx2, aes, erms, clmul, bmi1, bmi2, adx, sha, fma, vzeroupper, clflush, clflushopt, clwb, hv, serialize, rdtscp, rdpid, fsrm, f16c, cet_ibt, cet_ss
Processor Information for processor 0
  Max Mhz: 2500, Current Mhz: 2500, Mhz Limit: 2500
Processor Information for processor 1
  Max Mhz: 2500, Current Mhz: 2500, Mhz Limit: 2500
Processor Information for processor 2
  Max Mhz: 2500, Current Mhz: 2500, Mhz Limit: 2500
Processor Information for processor 3
  Max Mhz: 2500, Current Mhz: 2500, Mhz Limit: 2500
Processor Information for processor 4
  Max Mhz: 2500, Current Mhz: 2500, Mhz Limit: 2500
Processor Information for processor 5
  Max Mhz: 2500, Current Mhz: 1532, Mhz Limit: 2500
Processor Information for processor 6
  Max Mhz: 2500, Current Mhz: 2500, Mhz Limit: 2500
Processor Information for processor 7
  Max Mhz: 2500, Current Mhz: 2500, Mhz Limit: 2500
Processor Information for processor 8
  Max Mhz: 2500, Current Mhz: 1527, Mhz Limit: 2500
Processor Information for processor 9
  Max Mhz: 2500, Current Mhz: 1527, Mhz Limit: 2500
Processor Information for processor 10
  Max Mhz: 2500, Current Mhz: 1527, Mhz Limit: 2500
Processor Information for processor 11
  Max Mhz: 2500, Current Mhz: 1527, Mhz Limit: 2500
Processor Information for processor 12
  Max Mhz: 2500, Current Mhz: 2500, Mhz Limit: 2500
Processor Information for processor 13
  Max Mhz: 2500, Current Mhz: 2500, Mhz Limit: 2500
Processor Information for processor 14
  Max Mhz: 2500, Current Mhz: 2500, Mhz Limit: 2500
Processor Information for processor 15
  Max Mhz: 2500, Current Mhz: 2500, Mhz Limit: 2500

Memory: 4k page, system-wide physical 32388M (16302M free)
TotalPageFile size 34436M (AvailPageFile size 13863M)
current process WorkingSet (physical memory assigned to process): 371M, peak: 476M
current process commit charge ("private bytes"): 651M, peak: 655M

vm_info: OpenJDK 64-Bit Server VM (21.0.10+7-LTS) for windows-amd64 JRE (21.0.10+7-LTS), built on 2026-01-20T00:00:00Z by "admin" with MS VC++ 17.12 (VS2022)

END.
