#
# A fatal error has been detected by the Java Runtime Environment:
#
#  EXCEPTION_ACCESS_VIOLATION (0xc0000005) at pc=0x000000090000000a, pid=30040, tid=4064
#
# JRE version: OpenJDK Runtime Environment Temurin-21.0.10+7 (21.0.10+7) (build 21.0.10+7-LTS)
# Java VM: OpenJDK 64-Bit Server VM Temurin-21.0.10+7 (21.0.10+7-LTS, mixed mode, sharing, tiered, compressed oops, compressed class ptrs, parallel gc, windows-amd64)
# Problematic frame:
# J 2733 c2 java.util.HashMap.containsKey(Ljava/lang/Object;)Z java.base@21.0.10 (14 bytes) @ 0x0000021abcfbf7f8 [0x0000021abcfbf5c0+0x0000000000000238]
#
# No core dump will be written. Minidumps are not enabled by default on client versions of Windows
#
# If you would like to submit a bug report, please visit:
#   https://github.com/adoptium/adoptium-support/issues
#

---------------  S U M M A R Y ------------

Command Line: --add-modules=ALL-SYSTEM --add-opens=java.base/java.util=ALL-UNNAMED --add-opens=java.base/java.lang=ALL-UNNAMED --add-opens=java.base/sun.nio.fs=ALL-UNNAMED -Declipse.application=org.eclipse.jdt.ls.core.id1 -Dosgi.bundles.defaultStartLevel=4 -Declipse.product=org.eclipse.jdt.ls.core.product -Djava.import.generatesMetadataFilesAtProjectRoot=false -DDetectVMInstallationsJob.disabled=true -Dfile.encoding=utf8 -XX:+UseParallelGC -XX:GCTimeRatio=4 -XX:AdaptiveSizePolicyWeight=90 -Dsun.zip.disableMemoryMapping=true -Xmx2G -Xms100m -Xlog:disable -javaagent:c:\Users\marif\.vscode\extensions\redhat.java-1.54.0-win32-x64\lombok\lombok-1.18.39-4050.jar -XX:+HeapDumpOnOutOfMemoryError -XX:HeapDumpPath=c:\Users\marif\AppData\Roaming\Code\User\workspaceStorage\82fd4d556b33f0425043c292435518cf\redhat.java -Daether.dependencyCollector.impl=bf c:\Users\marif\.vscode\extensions\redhat.java-1.54.0-win32-x64\server\plugins\org.eclipse.equinox.launcher_1.7.100.v20251111-0406.jar -configuration c:\Users\marif\AppData\Roaming\Code\User\globalStorage\redhat.java\1.54.0\config_win -data c:\Users\marif\AppData\Roaming\Code\User\workspaceStorage\82fd4d556b33f0425043c292435518cf\redhat.java\jdt_ws --pipe=\\.\pipe\lsp-2adf0cef96f1ce4c90f03bd5e048203b-sock

Host: 12th Gen Intel(R) Core(TM) i5-12500H, 16 cores, 31G,  Windows 11 , 64 bit Build 26100 (10.0.26100.8246)
Time: Thu Apr 30 12:06:04 2026 Hora estándar central (México) elapsed time: 64.189731 seconds (0d 0h 1m 4s)

---------------  T H R E A D  ---------------

Current thread (0x0000021b0c99c7f0):  JavaThread "Worker-3: Initialize workspace"        [_thread_in_Java, id=4064, stack(0x000000785f100000,0x000000785f200000) (1024K)]

Stack: [0x000000785f100000,0x000000785f200000],  sp=0x000000785f1fddb0,  free space=1015k
Native frames: (J=compiled Java code, j=interpreted, Vv=VM code, C=native code)
C  0x000000090000000a


siginfo: EXCEPTION_ACCESS_VIOLATION (0xc0000005), data execution prevention violation at address 0x000000090000000a


Registers:
RAX=0x0000021ac900e838, RBX=0x0000021ac9625320, RCX=0x00000000d5a1b270, RDX=0x000000008ac8d3b8
RSP=0x000000785f1fdda8, RBP=0x00000000d5a1b270, RSI=0x0000021b1053d788, RDI=0x0000000000000110
R8 =0x0000021ac900e838, R9 =0x000000008ac8d3b8, R10=0x0000021ac9000000, R11=0x0000021ac90011a0
R12=0x0000000000000000, R13=0x000000785f1fddf8, R14=0x0000021ac90fa270, R15=0x0000021b0c99c7f0
RIP=0x000000090000000a, EFLAGS=0x0000000000010202

XMM[0]=0x7dd7bc017dd7bc01 0x7dd7bc017dd7bc01
XMM[1]=0x294fe48100acab9f 0x14e8c84188303fdf
XMM[2]=0x0c98f5818685ba9f 0x4a319941fc018edf
XMM[3]=0xee830681e1ddc99f 0x59db6a41e191dddf
XMM[4]=0x000e178101b4d89f 0x34e63b4167e12cdf
XMM[5]=0x12f3f8701f06d692 0x10eed42fdbca3277
XMM[6]=0xc1e833f512c2a0bb 0x2426426830b4bd0c
XMM[7]=0x19b190e549910f14 0x4ffe7c700b1b77f3
XMM[8]=0x067ed576a21c6301 0xf852d974a2c147d2
XMM[9]=0x39aa22a139aa22a1 0x39aa22a1933832bf
XMM[10]=0x0000000000000000 0x00000000598e101e
XMM[11]=0x43defdae43defdae 0x43defdaed717306d
XMM[12]=0x0000000000000000 0x00000000933832bf
XMM[13]=0x0000000000000000 0x0000000000000000
XMM[14]=0x0000000000000000 0x0000000000000000
XMM[15]=0x0000000000000000 0x0000000000000000
  MXCSR=0x00001fa0


Register to memory mapping:

RAX=0x0000021ac900e838 is pointing into metadata
RBX=0x0000021ac9625320 is pointing into metadata
RCX=0x00000000d5a1b270 is an oop: [Ljava.util.HashMap$Node; 
{0x00000000d5a1b270} - klass: 'java/util/HashMap$Node'[]
 - length: 2048
RDX=
[error occurred during error reporting (printing register info), id 0xc0000005, EXCEPTION_ACCESS_VIOLATION (0xc0000005) at pc=0x00007ff923dd64ac]
RSP=0x000000785f1fdda8 is pointing into the stack for thread: 0x0000021b0c99c7f0
RBP=0x00000000d5a1b270 is an oop: [Ljava.util.HashMap$Node; 
{0x00000000d5a1b270} - klass: 'java/util/HashMap$Node'[]
 - length: 2048
RSI=0x0000021b1053d788 is pointing into metadata
RDI=0x0000000000000110 is an unknown value
R8 =0x0000021ac900e838 is pointing into metadata
R9 =
[error occurred during error reporting (printing register info, attempt 2), id 0xc0000005, EXCEPTION_ACCESS_VIOLATION (0xc0000005) at pc=0x00007ff923dd64ac]
R10=0x0000021ac9000000 is pointing into metadata
R11={method} {0x0000021ac90011a8} 'hashCode' '()I' in 'java/lang/Object'
R12=0x0 is null
R13=0x000000785f1fddf8 is pointing into the stack for thread: 0x0000021b0c99c7f0
R14=0x0000021ac90fa270 is pointing into metadata
R15=0x0000021b0c99c7f0 is a thread

Top of Stack: (sp=0x000000785f1fdda8)
0x000000785f1fdda8:   0000021abcfbf7f8 000000008ac8d3b8
0x000000785f1fddb8:   000007ffd5a1b270 0000021b1053c710
0x000000785f1fddc8:   0000000000000000 00000000831dbb40
0x000000785f1fddd8:   0000021b10533d10 000000785f1fde50
0x000000785f1fdde8:   0000021abc738b2e 0000021abc738b2e
0x000000785f1fddf8:   000000008ac8d3b8 00000000d59ff6e8
0x000000785f1fde08:   000000785f1fde08 0000021b0f3d3d72
0x000000785f1fde18:   000000000000000d 0000021b0f661860
0x000000785f1fde28:   0000000000000000 0000000081ad5510
0x000000785f1fde38:   0000021b0f3de930 000000785f1fddf8
0x000000785f1fde48:   000000785f1fde98 000000785f1fdf08
0x000000785f1fde58:   0000021abc738a06 000000008ac8d3b8
0x000000785f1fde68:   000000008a6a87e0 00000000d5a212a0
0x000000785f1fde78:   000000008a6a1e70 00000000d5a04250
0x000000785f1fde88:   0000000083133860 00000000d59ff6e8
0x000000785f1fde98:   000000008537b660 0000000082d81920
0x000000785f1fdea8:   0000000085458048 000000008302c968
0x000000785f1fdeb8:   0000000082d56688 000000785f1fdec0
0x000000785f1fdec8:   0000021b0f3c75c2 0000000000000017
0x000000785f1fded8:   0000021b0f6532c0 0000000000000000
0x000000785f1fdee8:   0000000081ad5230 0000021b0f3cd6b0
0x000000785f1fdef8:   000000785f1fde98 000000785f1fdfa0
0x000000785f1fdf08:   000000785f1fe010 0000021abc738560
0x000000785f1fdf18:   0000000000000000 00000000d592d178
0x000000785f1fdf28:   00000000d592cfe0 00000000d59d70c0
0x000000785f1fdf38:   00000000d59d7180 00000000d58cc180
0x000000785f1fdf48:   00000000843e9cf0 00000000831e0260
0x000000785f1fdf58:   00000000831e0220 00000000831e01c0
0x000000785f1fdf68:   000000008537b6a0 0000000085458048
0x000000785f1fdf78:   0000000085457f68 0000000082dcadc8
0x000000785f1fdf88:   0000000000000000 000000008537b688
0x000000785f1fdf98:   0000000083133860 000000008537b650 

Instructions: (pc=0x0000021abcfbf7f8)
0x0000021abcfbf6f8:   08 49 8b d1 4c 89 0c 24 48 89 54 24 10 66 90 e8
0x0000021abcfbf708:   b4 fd ec ff 0f 1f 84 00 fc 02 00 01 85 c0 0f 85
0x0000021abcfbf718:   7f ff ff ff 4c 8b 0c 24 8b 7c 24 08 8b 4c 24 0c
0x0000021abcfbf728:   44 8b 51 18 45 85 d2 74 97 44 8b 41 08 41 81 f8
0x0000021abcfbf738:   c8 fe 19 00 0f 84 ee 00 00 00 49 8b ea b8 01 00
0x0000021abcfbf748:   00 00 44 8b 55 0c 44 3b d7 0f 85 57 ff ff ff 44
0x0000021abcfbf758:   8b 55 10 4d 8b c2 4d 3b c1 0f 84 63 ff ff ff 4d
0x0000021abcfbf768:   85 c9 0f 84 dc 00 00 00 89 44 24 0c 89 7c 24 08
0x0000021abcfbf778:   4c 89 0c 24 49 8b d1 66 90 48 b8 ff ff ff ff ff
0x0000021abcfbf788:   ff ff ff e8 d0 73 87 ff 0f 1f 84 00 80 03 00 02
0x0000021abcfbf798:   85 c0 0f 84 02 ff ff ff 8b 44 24 0c e9 21 ff ff
0x0000021abcfbf7a8:   ff 89 4c 24 0c 89 7c 24 08 4c 89 0c 24 49 8b d1
0x0000021abcfbf7b8:   90 48 b8 ff ff ff ff ff ff ff ff e8 98 73 87 ff
0x0000021abcfbf7c8:   0f 1f 84 00 b8 03 00 03 e9 3f ff ff ff 89 5c 24
0x0000021abcfbf7d8:   0c 4c 89 0c 24 48 8b e9 89 4c 24 08 49 8b d1 66
0x0000021abcfbf7e8:   90 48 b8 ff ff ff ff ff ff ff ff e8 18 73 87 ff
0x0000021abcfbf7f8:   0f 1f 84 00 e8 03 00 04 4c 8b 0c 24 8b 4c 24 08
0x0000021abcfbf808:   8b 5c 24 0c e9 60 fe ff ff 33 db 33 ff e9 60 fe
0x0000021abcfbf818:   ff ff ba 45 ff ff ff 8b eb 66 90 e8 d8 41 7c ff
0x0000021abcfbf828:   0f 1f 84 00 18 04 00 05 ba 45 ff ff ff 49 8b e9
0x0000021abcfbf838:   89 0c 24 89 7c 24 04 e8 bc 41 7c ff 0f 1f 84 00
0x0000021abcfbf848:   34 04 00 06 ba 45 ff ff ff 89 7c 24 08 4c 89 4c
0x0000021abcfbf858:   24 10 90 e8 a0 41 7c ff 0f 1f 84 00 50 04 00 07
0x0000021abcfbf868:   ba 45 ff ff ff 89 0c 24 89 7c 24 04 4c 89 4c 24
0x0000021abcfbf878:   08 66 90 e8 80 41 7c ff 0f 1f 84 00 70 04 00 08
0x0000021abcfbf888:   48 8b d0 eb 0d 48 8b d0 eb 08 48 8b d0 eb 03 48
0x0000021abcfbf898:   8b d0 48 83 c4 30 5d e9 dc 91 87 ff 49 ba cf f6
0x0000021abcfbf8a8:   fb bc 1a 02 00 00 4d 89 97 68 04 00 00 e9 46 52
0x0000021abcfbf8b8:   7c ff e8 21 91 7a ff e9 36 fd ff ff f4 f4 f4 f4
0x0000021abcfbf8c8:   48 bb 00 00 00 00 00 00 00 00 e9 fb ff ff ff e9
0x0000021abcfbf8d8:   a4 64 87 ff e8 00 00 00 00 48 83 2c 24 05 e9 b5
0x0000021abcfbf8e8:   44 7c ff f4 f4 f4 f4 f4 e0 b1 08 c9 1a 02 00 00 


Stack slot to memory mapping:

stack at sp + 0 slots: 
[error occurred during error reporting (inspecting top of stack), id 0xc0000005, EXCEPTION_ACCESS_VIOLATION (0xc0000005) at pc=0x00007ff923dd64ac]
stack at sp + 1 slots: 0x000007ffd5a1b270 is an unknown value
stack at sp + 2 slots: 0x0000021b1053c710 is pointing into metadata
stack at sp + 3 slots: 0x0 is null
stack at sp + 4 slots: 0x00000000831dbb40 is an oop: java.lang.Class 
{0x00000000831dbb40} - klass: 'java/lang/Class'
 - ---- fields (total size 14 words):
 - private volatile transient 'classRedefinedCount' 'I' @12  0 (0x00000000)
 - injected 'klass' 'J' @16  2314088607504 (0x0000021aca6def10)
 - injected 'array_klass' 'J' @24  0 (0x0000000000000000)
 - injected 'oop_size' 'I' @32  14 (0x0000000e)
 - injected 'static_oop_field_count' 'I' @36  0 (0x00000000)
 - private volatile transient 'cachedConstructor' 'Ljava/lang/reflect/Constructor;' @40  null (0x00000000)
 - private transient 'name' 'Ljava/lang/String;' @44  "org.apache.maven.model.merge.ModelMerger$MergingList"{0x0000000083336d20} (0x83336d20)
 - private transient 'module' 'Ljava/lang/Module;' @48  a 'java/lang/Module'{0x00000000805eee40} (0x805eee40)
 - private final 'classLoader' 'Ljava/lang/ClassLoader;' @52  a 'org/eclipse/osgi/internal/loader/EquinoxClassLoader'{0x00000000805eedd0} (0x805eedd0)
 - private transient 'classData' 'Ljava/lang/Object;' @56  null (0x00000000)
 - private transient 'packageName' 'Ljava/lang/String;' @60  "org.apache.maven.model.merge"{0x0000000081b0d518} (0x81b0d518)
 - private final 'componentType' 'Ljava/lang/Class;' @64  null (0x00000000)
 - private volatile transient 'reflectionData' 'Ljava/lang/ref/SoftReference;' @68  null (0x00000000)
 - private volatile transient 'genericInfo' 'Lsun/reflect/generics/repository/ClassRepository;' @72  null (0x00000000)
 - private volatile transient 'enumConstants' '[Ljava/lang/Object;' @76  null (0x00000000)
 - private volatile transient 'enumConstantDirectory' 'Ljava/util/Map;' @80  null (0x00000000)
 - private volatile transient 'annotationData' 'Ljava/lang/Class$AnnotationData;' @84  null (0x00000000)
 - private volatile transient 'annotationType' 'Lsun/reflect/annotation/AnnotationType;' @88  null (0x00000000)
 - transient 'classValueMap' 'Ljava/lang/ClassValue$ClassValueMap;' @92  null (0x00000000)
 - injected 'protection_domain' 'Ljava/lang/Object;' @96  a 'org/eclipse/osgi/internal/loader/ModuleClassLoader$GenerationProtectionDomain'{0x0000000080603138} (0x80603138)
 - injected 'signers_name' 'Ljava/lang/Object;' @100  null (0x00000000)
 - injected 'source_file' 'Ljava/lang/Object;' @104  null (0x00000000)
 - injected '<init_lock>' 'Ljava/lang/Object;' @108  null (0x00000000)
 - signature: Lorg/apache/maven/model/merge/ModelMerger$MergingList;
 - ---- static fields (0):
stack at sp + 5 slots: {method} {0x0000021b10533d18} 'iterator' '()Ljava/util/Iterator;' in 'org/apache/maven/model/merge/ModelMerger$MergingList'
stack at sp + 6 slots: 0x000000785f1fde50 is pointing into the stack for thread: 0x0000021b0c99c7f0
stack at sp + 7 slots: 0x0000021abc738b2e is at code_begin+2670 in an Interpreter codelet
return entry points  [0x0000021abc7380c0, 0x0000021abc738c60]  2976 bytes


---------------  P R O C E S S  ---------------

Threads class SMR info:
_java_thread_list=0x0000021b13f18d90, length=71, elements={
0x0000021ab20df3b0, 0x0000021ab208e7f0, 0x0000021ab2183790, 0x0000021ab2188280,
0x0000021ab2189140, 0x0000021ab218fdc0, 0x0000021ab2191810, 0x0000021ab219bcf0,
0x0000021ab219e860, 0x0000021ab21938e0, 0x0000021ab2193f70, 0x0000021ab2191180,
0x0000021ab2190af0, 0x0000021ab2191ea0, 0x0000021ab2192530, 0x0000021ab2192bc0,
0x0000021ab2193250, 0x0000021b0c99a720, 0x0000021b0c99c160, 0x0000021b0c99ce80,
0x0000021b0c99a090, 0x0000021b0c999a00, 0x0000021b0c99adb0, 0x0000021b0c99c7f0,
0x0000021b0c99ef50, 0x0000021b0c99dba0, 0x0000021b0c99e230, 0x0000021b0c99d510,
0x0000021b0c99bad0, 0x0000021b0c9a0990, 0x0000021b0c9a1020, 0x0000021b0c99e8c0,
0x0000021b0c99f5e0, 0x0000021b0c99fc70, 0x0000021b0c9a0300, 0x0000021b13021ab0,
0x0000021b13022140, 0x0000021b13023b80, 0x0000021b13021420, 0x0000021b130234f0,
0x0000021b13020d90, 0x0000021b130227d0, 0x0000021b130248a0, 0x0000021b13024210,
0x0000021b13022e60, 0x0000021b13027000, 0x0000021b13026970, 0x0000021b13027690,
0x0000021b13025c50, 0x0000021b13027d20, 0x0000021b130283b0, 0x0000021b13024f30,
0x0000021b130255c0, 0x0000021b130262e0, 0x0000021b169a2eb0, 0x0000021b169a2190,
0x0000021b169a3540, 0x0000021b169a0750, 0x0000021b169a0de0, 0x0000021b169a00c0,
0x0000021b114e9a90, 0x0000021b169a1b00, 0x0000021b12d41880, 0x0000021b13c65240,
0x0000021b116defd0, 0x0000021b12762b50, 0x0000021b12764690, 0x0000021b12763220,
0x0000021b12761010, 0x0000021b12762480, 0x0000021b12761db0
}

Java Threads: ( => current thread )
  0x0000021ab20df3b0 JavaThread "main"                              [_thread_blocked, id=18708, stack(0x000000785c500000,0x000000785c600000) (1024K)]
  0x0000021ab208e7f0 JavaThread "Reference Handler"          daemon [_thread_blocked, id=28220, stack(0x000000785c900000,0x000000785ca00000) (1024K)]
  0x0000021ab2183790 JavaThread "Finalizer"                  daemon [_thread_blocked, id=3788, stack(0x000000785ca00000,0x000000785cb00000) (1024K)]
  0x0000021ab2188280 JavaThread "Signal Dispatcher"          daemon [_thread_blocked, id=25868, stack(0x000000785cb00000,0x000000785cc00000) (1024K)]
  0x0000021ab2189140 JavaThread "Attach Listener"            daemon [_thread_blocked, id=8616, stack(0x000000785cc00000,0x000000785cd00000) (1024K)]
  0x0000021ab218fdc0 JavaThread "Service Thread"             daemon [_thread_blocked, id=34492, stack(0x000000785cd00000,0x000000785ce00000) (1024K)]
  0x0000021ab2191810 JavaThread "Monitor Deflation Thread"   daemon [_thread_blocked, id=15924, stack(0x000000785ce00000,0x000000785cf00000) (1024K)]
  0x0000021ab219bcf0 JavaThread "C2 CompilerThread0"         daemon [_thread_blocked, id=22608, stack(0x000000785cf00000,0x000000785d000000) (1024K)]
  0x0000021ab219e860 JavaThread "C1 CompilerThread0"         daemon [_thread_blocked, id=33020, stack(0x000000785d000000,0x000000785d100000) (1024K)]
  0x0000021ab21938e0 JavaThread "Common-Cleaner"             daemon [_thread_blocked, id=27196, stack(0x000000785d400000,0x000000785d500000) (1024K)]
  0x0000021ab2193f70 JavaThread "Notification Thread"        daemon [_thread_blocked, id=23776, stack(0x000000785d300000,0x000000785d400000) (1024K)]
  0x0000021ab2191180 JavaThread "Active Thread: Equinox Container: a520eef5-8a2a-4502-8760-8e0dc04e75c4"        [_thread_blocked, id=24944, stack(0x000000785df00000,0x000000785e000000) (1024K)]
  0x0000021ab2190af0 JavaThread "Refresh Thread: Equinox Container: a520eef5-8a2a-4502-8760-8e0dc04e75c4" daemon [_thread_blocked, id=14796, stack(0x000000785d100000,0x000000785d200000) (1024K)]
  0x0000021ab2191ea0 JavaThread "Framework Event Dispatcher: Equinox Container: a520eef5-8a2a-4502-8760-8e0dc04e75c4" daemon [_thread_blocked, id=32992, stack(0x000000785d200000,0x000000785d300000) (1024K)]
  0x0000021ab2192530 JavaThread "Start Level: Equinox Container: a520eef5-8a2a-4502-8760-8e0dc04e75c4" daemon [_thread_blocked, id=4272, stack(0x000000785d500000,0x000000785d600000) (1024K)]
  0x0000021ab2192bc0 JavaThread "Bundle File Closer"         daemon [_thread_blocked, id=29896, stack(0x000000785e300000,0x000000785e400000) (1024K)]
  0x0000021ab2193250 JavaThread "SCR Component Actor"        daemon [_thread_blocked, id=20040, stack(0x000000785d600000,0x000000785d700000) (1024K)]
  0x0000021b0c99a720 JavaThread "Worker-JM"                         [_thread_blocked, id=17388, stack(0x000000785e500000,0x000000785e600000) (1024K)]
  0x0000021b0c99c160 JavaThread "JNA Cleaner"                daemon [_thread_blocked, id=30848, stack(0x000000785e200000,0x000000785e300000) (1024K)]
  0x0000021b0c99ce80 JavaThread "Worker-0"                          [_thread_blocked, id=5132, stack(0x000000785e700000,0x000000785e800000) (1024K)]
  0x0000021b0c99a090 JavaThread "Worker-1: Initialize Workspace"        [_thread_blocked, id=13976, stack(0x000000785e900000,0x000000785ea00000) (1024K)]
  0x0000021b0c999a00 JavaThread "Java indexing"              daemon [_thread_blocked, id=32580, stack(0x000000785ed00000,0x000000785ee00000) (1024K)]
  0x0000021b0c99adb0 JavaThread "Worker-2"                          [_thread_blocked, id=28128, stack(0x000000785f000000,0x000000785f100000) (1024K)]
=>0x0000021b0c99c7f0 JavaThread "Worker-3: Initialize workspace"        [_thread_in_Java, id=4064, stack(0x000000785f100000,0x000000785f200000) (1024K)]
  0x0000021b0c99ef50 JavaThread "Thread-1"                   daemon [_thread_in_native, id=32464, stack(0x000000785f200000,0x000000785f300000) (1024K)]
  0x0000021b0c99dba0 JavaThread "Thread-2"                   daemon [_thread_in_native, id=23092, stack(0x000000785f300000,0x000000785f400000) (1024K)]
  0x0000021b0c99e230 JavaThread "Thread-3"                   daemon [_thread_in_native, id=25760, stack(0x000000785f400000,0x000000785f500000) (1024K)]
  0x0000021b0c99d510 JavaThread "Thread-4"                   daemon [_thread_in_native, id=11600, stack(0x000000785f500000,0x000000785f600000) (1024K)]
  0x0000021b0c99bad0 JavaThread "Thread-5"                   daemon [_thread_in_native, id=23520, stack(0x000000785f600000,0x000000785f700000) (1024K)]
  0x0000021b0c9a0990 JavaThread "Thread-6"                   daemon [_thread_in_native, id=22792, stack(0x000000785f700000,0x000000785f800000) (1024K)]
  0x0000021b0c9a1020 JavaThread "Thread-7"                   daemon [_thread_in_native, id=16592, stack(0x000000785f800000,0x000000785f900000) (1024K)]
  0x0000021b0c99e8c0 JavaThread "Thread-8"                   daemon [_thread_in_native, id=15432, stack(0x000000785f900000,0x000000785fa00000) (1024K)]
  0x0000021b0c99f5e0 JavaThread "Thread-9"                   daemon [_thread_in_native, id=10972, stack(0x000000785fa00000,0x000000785fb00000) (1024K)]
  0x0000021b0c99fc70 JavaThread "Thread-10"                  daemon [_thread_in_native, id=9760, stack(0x000000785fb00000,0x000000785fc00000) (1024K)]
  0x0000021b0c9a0300 JavaThread "Thread-11"                  daemon [_thread_in_native, id=16020, stack(0x000000785fc00000,0x000000785fd00000) (1024K)]
  0x0000021b13021ab0 JavaThread "Thread-12"                  daemon [_thread_in_native, id=5028, stack(0x000000785fd00000,0x000000785fe00000) (1024K)]
  0x0000021b13022140 JavaThread "Thread-13"                  daemon [_thread_in_native, id=6800, stack(0x000000785fe00000,0x000000785ff00000) (1024K)]
  0x0000021b13023b80 JavaThread "Thread-14"                  daemon [_thread_in_native, id=16292, stack(0x000000785ff00000,0x0000007860000000) (1024K)]
  0x0000021b13021420 JavaThread "Thread-15"                  daemon [_thread_in_native, id=13480, stack(0x0000007860000000,0x0000007860100000) (1024K)]
  0x0000021b130234f0 JavaThread "Thread-16"                  daemon [_thread_in_native, id=31356, stack(0x0000007860100000,0x0000007860200000) (1024K)]
  0x0000021b13020d90 JavaThread "Thread-17"                  daemon [_thread_in_native, id=3852, stack(0x0000007860200000,0x0000007860300000) (1024K)]
  0x0000021b130227d0 JavaThread "pool-2-thread-1"                   [_thread_blocked, id=27168, stack(0x0000007860300000,0x0000007860400000) (1024K)]
  0x0000021b130248a0 JavaThread "Worker-4: Publish Diagnostics"        [_thread_in_native, id=27348, stack(0x0000007860500000,0x0000007860600000) (1024K)]
  0x0000021b13024210 JavaThread "WorkspaceEventsHandler"            [_thread_blocked, id=12404, stack(0x0000007860a00000,0x0000007860b00000) (1024K)]
  0x0000021b13022e60 JavaThread "pool-1-thread-1"                   [_thread_blocked, id=12496, stack(0x0000007860b00000,0x0000007860c00000) (1024K)]
  0x0000021b13027000 JavaThread "ForkJoinPool.commonPool-worker-1" daemon [_thread_blocked, id=29256, stack(0x0000007860c00000,0x0000007860d00000) (1024K)]
  0x0000021b13026970 JavaThread "ForkJoinPool.commonPool-worker-2" daemon [_thread_blocked, id=27652, stack(0x0000007860d00000,0x0000007860e00000) (1024K)]
  0x0000021b13027690 JavaThread "ForkJoinPool.commonPool-worker-3" daemon [_thread_in_vm, id=9696, stack(0x0000007860e00000,0x0000007860f00000) (1024K)]
  0x0000021b13025c50 JavaThread "ForkJoinPool.commonPool-worker-4" daemon [_thread_blocked, id=18180, stack(0x0000007860f00000,0x0000007861000000) (1024K)]
  0x0000021b13027d20 JavaThread "ForkJoinPool.commonPool-worker-5" daemon [_thread_blocked, id=31760, stack(0x0000007861000000,0x0000007861100000) (1024K)]
  0x0000021b130283b0 JavaThread "ForkJoinPool.commonPool-worker-6" daemon [_thread_blocked, id=31828, stack(0x0000007861100000,0x0000007861200000) (1024K)]
  0x0000021b13024f30 JavaThread "ForkJoinPool.commonPool-worker-7" daemon [_thread_blocked, id=25236, stack(0x0000007861200000,0x0000007861300000) (1024K)]
  0x0000021b130255c0 JavaThread "ForkJoinPool.commonPool-worker-8" daemon [_thread_blocked, id=26028, stack(0x0000007861300000,0x0000007861400000) (1024K)]
  0x0000021b130262e0 JavaThread "ForkJoinPool.commonPool-worker-9" daemon [_thread_blocked, id=30232, stack(0x0000007861400000,0x0000007861500000) (1024K)]
  0x0000021b169a2eb0 JavaThread "ForkJoinPool.commonPool-worker-10" daemon [_thread_blocked, id=13076, stack(0x0000007861500000,0x0000007861600000) (1024K)]
  0x0000021b169a2190 JavaThread "ForkJoinPool.commonPool-worker-11" daemon [_thread_blocked, id=17588, stack(0x0000007861600000,0x0000007861700000) (1024K)]
  0x0000021b169a3540 JavaThread "ForkJoinPool.commonPool-worker-12" daemon [_thread_blocked, id=6564, stack(0x0000007861700000,0x0000007861800000) (1024K)]
  0x0000021b169a0750 JavaThread "ForkJoinPool.commonPool-worker-13" daemon [_thread_blocked, id=8304, stack(0x0000007861800000,0x0000007861900000) (1024K)]
  0x0000021b169a0de0 JavaThread "ForkJoinPool.commonPool-worker-14" daemon [_thread_blocked, id=32264, stack(0x0000007861900000,0x0000007861a00000) (1024K)]
  0x0000021b169a00c0 JavaThread "ForkJoinPool.commonPool-worker-15" daemon [_thread_blocked, id=31848, stack(0x0000007861a00000,0x0000007861b00000) (1024K)]
  0x0000021b114e9a90 JavaThread "C1 CompilerThread1"         daemon [_thread_in_vm, id=10956, stack(0x000000785e400000,0x000000785e500000) (1024K)]
  0x0000021b169a1b00 JavaThread "Worker-5"                          [_thread_blocked, id=11088, stack(0x000000785eb00000,0x000000785ec00000) (1024K)]
  0x0000021b12d41880 JavaThread "C2 CompilerThread1"         daemon [_thread_in_native, id=15248, stack(0x000000785e800000,0x000000785e900000) (1024K)]
  0x0000021b13c65240 JavaThread "C2 CompilerThread2"         daemon [_thread_in_native, id=7908, stack(0x000000785ea00000,0x000000785eb00000) (1024K)]
  0x0000021b116defd0 JavaThread "C1 CompilerThread2"         daemon [_thread_in_native, id=14516, stack(0x000000785ec00000,0x000000785ed00000) (1024K)]
  0x0000021b12762b50 JavaThread "C1 CompilerThread3"         daemon [_thread_in_native, id=12900, stack(0x0000007860400000,0x0000007860500000) (1024K)]
  0x0000021b12764690 JavaThread "C2 CompilerThread3"         daemon [_thread_blocked, id=28304, stack(0x0000007860600000,0x0000007860700000) (1024K)]
  0x0000021b12763220 JavaThread "C2 CompilerThread4"         daemon [_thread_in_native, id=22324, stack(0x0000007860700000,0x0000007860800000) (1024K)]
  0x0000021b12761010 JavaThread "C2 CompilerThread5"         daemon [_thread_in_native, id=18040, stack(0x0000007860800000,0x0000007860900000) (1024K)]
  0x0000021b12762480 JavaThread "C2 CompilerThread6"         daemon [_thread_in_native, id=30212, stack(0x0000007860900000,0x0000007860a00000) (1024K)]
  0x0000021b12761db0 JavaThread "C2 CompilerThread7"         daemon [_thread_in_native, id=22816, stack(0x0000007861b00000,0x0000007861c00000) (1024K)]
Total: 71

Other Threads:
  0x0000021ab2072010 VMThread "VM Thread"                           [id=11184, stack(0x000000785c800000,0x000000785c900000) (1024K)]
  0x0000021ab1f6ca10 WatcherThread "VM Periodic Task Thread"        [id=5104, stack(0x000000785c700000,0x000000785c800000) (1024K)]
  0x0000021ab20fd5a0 WorkerThread "GC Thread#0"                     [id=30336, stack(0x000000785c600000,0x000000785c700000) (1024K)]
  0x0000021b0ccb7e00 WorkerThread "GC Thread#1"                     [id=27740, stack(0x000000785d800000,0x000000785d900000) (1024K)]
  0x0000021b0c7f4ee0 WorkerThread "GC Thread#2"                     [id=17264, stack(0x000000785d900000,0x000000785da00000) (1024K)]
  0x0000021b0ccb81b0 WorkerThread "GC Thread#3"                     [id=21216, stack(0x000000785da00000,0x000000785db00000) (1024K)]
  0x0000021b0cc7e060 WorkerThread "GC Thread#4"                     [id=32236, stack(0x000000785db00000,0x000000785dc00000) (1024K)]
  0x0000021b0cc7e410 WorkerThread "GC Thread#5"                     [id=24956, stack(0x000000785dc00000,0x000000785dd00000) (1024K)]
  0x0000021b0cc7e7c0 WorkerThread "GC Thread#6"                     [id=22864, stack(0x000000785dd00000,0x000000785de00000) (1024K)]
  0x0000021b113987d0 WorkerThread "GC Thread#7"                     [id=30548, stack(0x000000785e000000,0x000000785e100000) (1024K)]
  0x0000021b0cb811f0 WorkerThread "GC Thread#8"                     [id=11748, stack(0x000000785d700000,0x000000785d800000) (1024K)]
  0x0000021b0cb815a0 WorkerThread "GC Thread#9"                     [id=13528, stack(0x000000785de00000,0x000000785df00000) (1024K)]
  0x0000021b0cb81950 WorkerThread "GC Thread#10"                    [id=4484, stack(0x000000785e100000,0x000000785e200000) (1024K)]
  0x0000021b11622ee0 WorkerThread "GC Thread#11"                    [id=8740, stack(0x000000785c300000,0x000000785c400000) (1024K)]
  0x0000021b112e8550 WorkerThread "GC Thread#12"                    [id=32484, stack(0x000000785e600000,0x000000785e700000) (1024K)]
Total: 15

Threads with active compile tasks:
C2 CompilerThread0  64257 10708       4       java.util.concurrent.atomic.AtomicLong::incrementAndGet (14 bytes)
C1 CompilerThread0  64257 10720   !   3       lombok.core.FieldAugment$ReflectionFieldAugment::get (61 bytes)
C1 CompilerThread1  64257 10718       3       lombok.eclipse.agent.PatchDiagnostics::setSourceRangeCheck (192 bytes)
C2 CompilerThread1  64257 9851   !   4       org.eclipse.jdt.internal.core.JarPackageFragmentRoot::computeChildren (606 bytes)
C2 CompilerThread2  64257 10578       4       org.eclipse.jdt.internal.compiler.lookup.BinaryTypeBinding::createMethod (1666 bytes)
C1 CompilerThread2  64258 10717       3       org.eclipse.jdt.core.dom.ASTNode::setSourceRange (71 bytes)
C1 CompilerThread3  64258 10721       3       org.eclipse.jdt.core.dom.ASTNode::checkNewChild (116 bytes)
C2 CompilerThread4  64258 10479       4       org.eclipse.jdt.internal.compiler.lookup.LookupEnvironment::getCachedType (122 bytes)
C2 CompilerThread5  64258 10711       4       java.util.concurrent.atomic.AtomicInteger::decrementAndGet (14 bytes)
C2 CompilerThread6  64258 9976   !   4       org.eclipse.jdt.internal.core.NameLookup::getModuleDescription (232 bytes)
C2 CompilerThread7  64259 10703       4       java.lang.reflect.Field::get (39 bytes)
Total: 11

VM state: not at safepoint (normal execution)

VM Mutex/Monitor currently owned by a thread: None

Heap address: 0x0000000080000000, size: 2048 MB, Compressed Oops mode: 32-bit

CDS archive(s) mapped at: [0x0000021ac9000000-0x0000021ac9ba0000-0x0000021ac9ba0000), size 12189696, SharedBaseAddress: 0x0000021ac9000000, ArchiveRelocationMode: 1.
Compressed class space mapped at: 0x0000021aca000000-0x0000021b0a000000, reserved size: 1073741824
Narrow klass base: 0x0000021ac9000000, Narrow klass shift: 0, Narrow klass range: 0x100000000

GC Precious Log:
 CardTable entry size: 512
 CPUs: 16 total, 16 available
 Memory: 32388M
 Large Page Support: Disabled
 NUMA Support: Disabled
 Compressed Oops: Enabled (32-bit)
 Alignments: Space 512K, Generation 512K, Heap 2M
 Heap Min Capacity: 100M
 Heap Initial Capacity: 100M
 Heap Max Capacity: 2G
 Pre-touch: Disabled
 Parallel Workers: 13

Heap:
 PSYoungGen      total 17408K, used 7893K [0x00000000d5580000, 0x00000000d6a80000, 0x0000000100000000)
  eden space 15360K, 39% used [0x00000000d5580000,0x00000000d5b5c968,0x00000000d6480000)
  from space 2048K, 95% used [0x00000000d6480000,0x00000000d666a930,0x00000000d6680000)
  to   space 3072K, 0% used [0x00000000d6780000,0x00000000d6780000,0x00000000d6a80000)
 ParOldGen       total 183296K, used 183118K [0x0000000080000000, 0x000000008b300000, 0x00000000d5580000)
  object space 183296K, 99% used [0x0000000080000000,0x000000008b2d3958,0x000000008b300000)
 Metaspace       used 63711K, committed 65216K, reserved 1114112K
  class space    used 6844K, committed 7488K, reserved 1048576K

Card table byte_map: [0x0000021ab1a80000,0x0000021ab1e90000] _byte_map_base: 0x0000021ab1680000

Marking Bits: (ParMarkBitMap*) 0x00007ff9243b3450
 Begin Bits: [0x0000021ac4590000, 0x0000021ac6590000)
 End Bits:   [0x0000021ac6590000, 0x0000021ac8590000)

Polling page: 0x0000021ab0410000

Metaspace:

Usage:
  Non-class:     55.53 MB used.
      Class:      6.68 MB used.
       Both:     62.22 MB used.

Virtual space:
  Non-class space:       64.00 MB reserved,      56.38 MB ( 88%) committed,  1 nodes.
      Class space:        1.00 GB reserved,       7.31 MB ( <1%) committed,  1 nodes.
             Both:        1.06 GB reserved,      63.69 MB (  6%) committed. 

Chunk freelists:
   Non-Class:  7.36 MB
       Class:  8.66 MB
        Both:  16.02 MB

MaxMetaspaceSize: unlimited
CompressedClassSpaceSize: 1.00 GB
Initial GC threshold: 21.00 MB
Current GC threshold: 97.31 MB
CDS: on
 - commit_granule_bytes: 65536.
 - commit_granule_words: 8192.
 - virtual_space_node_default_size: 8388608.
 - enlarge_chunks_in_place: 1.
 - use_allocation_guard: 0.


Internal statistics:

num_allocs_failed_limit: 9.
num_arena_births: 1240.
num_arena_deaths: 46.
num_vsnodes_births: 2.
num_vsnodes_deaths: 0.
num_space_committed: 1019.
num_space_uncommitted: 0.
num_chunks_returned_to_freelist: 70.
num_chunks_taken_from_freelist: 4318.
num_chunk_merges: 32.
num_chunk_splits: 2600.
num_chunks_enlarged: 1384.
num_inconsistent_stats: 0.

CodeHeap 'non-profiled nmethods': size=119168Kb used=7480Kb max_used=7480Kb free=111687Kb
 bounds [0x0000021abce80000, 0x0000021abd5d0000, 0x0000021ac42e0000]
CodeHeap 'profiled nmethods': size=119104Kb used=22251Kb max_used=22251Kb free=96852Kb
 bounds [0x0000021ab52e0000, 0x0000021ab68a0000, 0x0000021abc730000]
CodeHeap 'non-nmethods': size=7488Kb used=3125Kb max_used=3216Kb free=4362Kb
 bounds [0x0000021abc730000, 0x0000021abcaa0000, 0x0000021abce80000]
CodeCache: size=245760Kb, used=32856Kb, max_used=32947Kb, free=212901Kb
 total_blobs=10636, nmethods=9880, adapters=659, full_count=0
Compilation: enabled, stopped_count=0, restarted_count=0

Compilation events (20 events):
Event: 64.153 Thread 0x0000021b116defd0 10690       3       org.eclipse.jdt.internal.compiler.codegen.CharArrayCache::put (103 bytes)
Event: 64.155 Thread 0x0000021b12762b50 10691       1       org.eclipse.jdt.internal.compiler.lookup.ReferenceBinding::getAnnotationTagBits (5 bytes)
Event: 64.155 Thread 0x0000021b114e9a90 nmethod 10689 0x0000021ab6885310 code [0x0000021ab6885520, 0x0000021ab6885b48]
Event: 64.155 Thread 0x0000021b116defd0 nmethod 10690 0x0000021ab6885e90 code [0x0000021ab68860a0, 0x0000021ab68866c0]
Event: 64.156 Thread 0x0000021b12762b50 nmethod 10691 0x0000021abd5b0c10 code [0x0000021abd5b0da0, 0x0000021abd5b0e68]
Event: 64.156 Thread 0x0000021b12761db0 10170       4       java.lang.invoke.Invokers$Holder::linkToTargetMethod (9 bytes)
Event: 64.158 Thread 0x0000021b12764690 nmethod 10595 0x0000021abd5b0f10 code [0x0000021abd5b10a0, 0x0000021abd5b1200]
Event: 64.160 Thread 0x0000021ab219e860 nmethod 10688 0x0000021ab6886a10 code [0x0000021ab6886de0, 0x0000021ab6888a88]
Event: 64.161 Thread 0x0000021b12764690 10374       4       java.util.function.Function$$Lambda/0x0000021aca348430::apply (5 bytes)
Event: 64.164 Thread 0x0000021b12761db0 nmethod 10170 0x0000021abd5b1310 code [0x0000021abd5b14a0, 0x0000021abd5b1598]
Event: 64.165 Thread 0x0000021b12761010 nmethod 10484 0x0000021abd5b1690 code [0x0000021abd5b18a0, 0x0000021abd5b2090]
Event: 64.165 Thread 0x0000021b12761db0 10372       4       jdk.nio.zipfs.ZipPath::getResolvedPath (42 bytes)
Event: 64.165 Thread 0x0000021b12764690 nmethod 10374 0x0000021abd5b2490 code [0x0000021abd5b2620, 0x0000021abd5b26a8]
Event: 64.167 Thread 0x0000021b12764690 10376       4       jdk.nio.zipfs.ZipFileSystem::getInode (36 bytes)
Event: 64.170 Thread 0x0000021b12761010 10377       4       jdk.nio.zipfs.ZipFileSystem$IndexNode::keyOf (37 bytes)
Event: 64.181 Thread 0x0000021b12761db0 nmethod 10372 0x0000021abd5b2790 code [0x0000021abd5b2940, 0x0000021abd5b2ae8]
Event: 64.182 Thread 0x0000021b12761db0 10378       4       jdk.nio.zipfs.ZipFileSystem$IndexNode::equals (40 bytes)
Event: 64.183 Thread 0x0000021b12762b50 10692       3       org.codehaus.plexus.util.xml.pull.MXParser::ensureAttributesCapacity (206 bytes)
Event: 64.185 Thread 0x0000021b116defd0 10693       3       org.apache.maven.model.interpolation.StringVisitorModelInterpolator$ModelVisitor::visit (80 bytes)
Event: 64.185 Thread 0x0000021b12762b50 nmethod 10692 0x0000021ab6889710 code [0x0000021ab6889940, 0x0000021ab688a460]

GC Heap History (20 events):
Event: 63.192 GC heap before
{Heap before GC invocations=105 (full 3):
 PSYoungGen      total 15872K, used 15808K [0x00000000d5580000, 0x00000000d6600000, 0x0000000100000000)
  eden space 15360K, 100% used [0x00000000d5580000,0x00000000d6480000,0x00000000d6480000)
  from space 512K, 87% used [0x00000000d6500000,0x00000000d6570000,0x00000000d6580000)
  to   space 512K, 0% used [0x00000000d6580000,0x00000000d6580000,0x00000000d6600000)
 ParOldGen       total 169984K, used 169512K [0x0000000080000000, 0x000000008a600000, 0x00000000d5580000)
  object space 169984K, 99% used [0x0000000080000000,0x000000008a58a020,0x000000008a600000)
 Metaspace       used 60725K, committed 62080K, reserved 1114112K
  class space    used 6513K, committed 7104K, reserved 1048576K
}
Event: 63.194 GC heap after
{Heap after GC invocations=105 (full 3):
 PSYoungGen      total 15872K, used 480K [0x00000000d5580000, 0x00000000d6600000, 0x0000000100000000)
  eden space 15360K, 0% used [0x00000000d5580000,0x00000000d5580000,0x00000000d6480000)
  from space 512K, 93% used [0x00000000d6580000,0x00000000d65f8000,0x00000000d6600000)
  to   space 512K, 0% used [0x00000000d6500000,0x00000000d6500000,0x00000000d6580000)
 ParOldGen       total 169984K, used 169736K [0x0000000080000000, 0x000000008a600000, 0x00000000d5580000)
  object space 169984K, 99% used [0x0000000080000000,0x000000008a5c2020,0x000000008a600000)
 Metaspace       used 60725K, committed 62080K, reserved 1114112K
  class space    used 6513K, committed 7104K, reserved 1048576K
}
Event: 63.210 GC heap before
{Heap before GC invocations=106 (full 3):
 PSYoungGen      total 15872K, used 15840K [0x00000000d5580000, 0x00000000d6600000, 0x0000000100000000)
  eden space 15360K, 100% used [0x00000000d5580000,0x00000000d6480000,0x00000000d6480000)
  from space 512K, 93% used [0x00000000d6580000,0x00000000d65f8000,0x00000000d6600000)
  to   space 512K, 0% used [0x00000000d6500000,0x00000000d6500000,0x00000000d6580000)
 ParOldGen       total 169984K, used 169736K [0x0000000080000000, 0x000000008a600000, 0x00000000d5580000)
  object space 169984K, 99% used [0x0000000080000000,0x000000008a5c2020,0x000000008a600000)
 Metaspace       used 60731K, committed 62144K, reserved 1114112K
  class space    used 6513K, committed 7104K, reserved 1048576K
}
Event: 63.212 GC heap after
{Heap after GC invocations=106 (full 3):
 PSYoungGen      total 15872K, used 512K [0x00000000d5580000, 0x00000000d6680000, 0x0000000100000000)
  eden space 15360K, 0% used [0x00000000d5580000,0x00000000d5580000,0x00000000d6480000)
  from space 512K, 100% used [0x00000000d6500000,0x00000000d6580000,0x00000000d6580000)
  to   space 1024K, 0% used [0x00000000d6580000,0x00000000d6580000,0x00000000d6680000)
 ParOldGen       total 169984K, used 169896K [0x0000000080000000, 0x000000008a600000, 0x00000000d5580000)
  object space 169984K, 99% used [0x0000000080000000,0x000000008a5ea020,0x000000008a600000)
 Metaspace       used 60731K, committed 62144K, reserved 1114112K
  class space    used 6513K, committed 7104K, reserved 1048576K
}
Event: 63.227 GC heap before
{Heap before GC invocations=107 (full 3):
 PSYoungGen      total 15872K, used 15872K [0x00000000d5580000, 0x00000000d6680000, 0x0000000100000000)
  eden space 15360K, 100% used [0x00000000d5580000,0x00000000d6480000,0x00000000d6480000)
  from space 512K, 100% used [0x00000000d6500000,0x00000000d6580000,0x00000000d6580000)
  to   space 1024K, 0% used [0x00000000d6580000,0x00000000d6580000,0x00000000d6680000)
 ParOldGen       total 169984K, used 169896K [0x0000000080000000, 0x000000008a600000, 0x00000000d5580000)
  object space 169984K, 99% used [0x0000000080000000,0x000000008a5ea020,0x000000008a600000)
 Metaspace       used 60736K, committed 62144K, reserved 1114112K
  class space    used 6513K, committed 7104K, reserved 1048576K
}
Event: 63.229 GC heap after
{Heap after GC invocations=107 (full 3):
 PSYoungGen      total 16384K, used 480K [0x00000000d5580000, 0x00000000d6680000, 0x0000000100000000)
  eden space 15360K, 0% used [0x00000000d5580000,0x00000000d5580000,0x00000000d6480000)
  from space 1024K, 46% used [0x00000000d6580000,0x00000000d65f8000,0x00000000d6680000)
  to   space 1024K, 0% used [0x00000000d6480000,0x00000000d6480000,0x00000000d6580000)
 ParOldGen       total 170496K, used 170160K [0x0000000080000000, 0x000000008a680000, 0x00000000d5580000)
  object space 170496K, 99% used [0x0000000080000000,0x000000008a62c020,0x000000008a680000)
 Metaspace       used 60736K, committed 62144K, reserved 1114112K
  class space    used 6513K, committed 7104K, reserved 1048576K
}
Event: 63.248 GC heap before
{Heap before GC invocations=108 (full 3):
 PSYoungGen      total 16384K, used 15840K [0x00000000d5580000, 0x00000000d6680000, 0x0000000100000000)
  eden space 15360K, 100% used [0x00000000d5580000,0x00000000d6480000,0x00000000d6480000)
  from space 1024K, 46% used [0x00000000d6580000,0x00000000d65f8000,0x00000000d6680000)
  to   space 1024K, 0% used [0x00000000d6480000,0x00000000d6480000,0x00000000d6580000)
 ParOldGen       total 170496K, used 170160K [0x0000000080000000, 0x000000008a680000, 0x00000000d5580000)
  object space 170496K, 99% used [0x0000000080000000,0x000000008a62c020,0x000000008a680000)
 Metaspace       used 60739K, committed 62144K, reserved 1114112K
  class space    used 6513K, committed 7104K, reserved 1048576K
}
Event: 63.249 GC heap after
{Heap after GC invocations=108 (full 3):
 PSYoungGen      total 16384K, used 512K [0x00000000d5580000, 0x00000000d6680000, 0x0000000100000000)
  eden space 15360K, 0% used [0x00000000d5580000,0x00000000d5580000,0x00000000d6480000)
  from space 1024K, 50% used [0x00000000d6480000,0x00000000d6500000,0x00000000d6580000)
  to   space 1024K, 0% used [0x00000000d6580000,0x00000000d6580000,0x00000000d6680000)
 ParOldGen       total 170496K, used 170288K [0x0000000080000000, 0x000000008a680000, 0x00000000d5580000)
  object space 170496K, 99% used [0x0000000080000000,0x000000008a64c020,0x000000008a680000)
 Metaspace       used 60739K, committed 62144K, reserved 1114112K
  class space    used 6513K, committed 7104K, reserved 1048576K
}
Event: 63.265 GC heap before
{Heap before GC invocations=109 (full 3):
 PSYoungGen      total 16384K, used 15872K [0x00000000d5580000, 0x00000000d6680000, 0x0000000100000000)
  eden space 15360K, 100% used [0x00000000d5580000,0x00000000d6480000,0x00000000d6480000)
  from space 1024K, 50% used [0x00000000d6480000,0x00000000d6500000,0x00000000d6580000)
  to   space 1024K, 0% used [0x00000000d6580000,0x00000000d6580000,0x00000000d6680000)
 ParOldGen       total 170496K, used 170288K [0x0000000080000000, 0x000000008a680000, 0x00000000d5580000)
  object space 170496K, 99% used [0x0000000080000000,0x000000008a64c020,0x000000008a680000)
 Metaspace       used 60740K, committed 62144K, reserved 1114112K
  class space    used 6513K, committed 7104K, reserved 1048576K
}
Event: 63.267 GC heap after
{Heap after GC invocations=109 (full 3):
 PSYoungGen      total 15872K, used 480K [0x00000000d5580000, 0x00000000d6600000, 0x0000000100000000)
  eden space 15360K, 0% used [0x00000000d5580000,0x00000000d5580000,0x00000000d6480000)
  from space 512K, 93% used [0x00000000d6580000,0x00000000d65f8000,0x00000000d6600000)
  to   space 512K, 0% used [0x00000000d6500000,0x00000000d6500000,0x00000000d6580000)
 ParOldGen       total 171008K, used 170504K [0x0000000080000000, 0x000000008a700000, 0x00000000d5580000)
  object space 171008K, 99% used [0x0000000080000000,0x000000008a682020,0x000000008a700000)
 Metaspace       used 60740K, committed 62144K, reserved 1114112K
  class space    used 6513K, committed 7104K, reserved 1048576K
}
Event: 63.426 GC heap before
{Heap before GC invocations=110 (full 3):
 PSYoungGen      total 15872K, used 15840K [0x00000000d5580000, 0x00000000d6600000, 0x0000000100000000)
  eden space 15360K, 100% used [0x00000000d5580000,0x00000000d6480000,0x00000000d6480000)
  from space 512K, 93% used [0x00000000d6580000,0x00000000d65f8000,0x00000000d6600000)
  to   space 512K, 0% used [0x00000000d6500000,0x00000000d6500000,0x00000000d6580000)
 ParOldGen       total 171008K, used 170504K [0x0000000080000000, 0x000000008a700000, 0x00000000d5580000)
  object space 171008K, 99% used [0x0000000080000000,0x000000008a682020,0x000000008a700000)
 Metaspace       used 61620K, committed 63104K, reserved 1114112K
  class space    used 6612K, committed 7232K, reserved 1048576K
}
Event: 63.430 GC heap after
{Heap after GC invocations=110 (full 3):
 PSYoungGen      total 15872K, used 496K [0x00000000d5580000, 0x00000000d7380000, 0x0000000100000000)
  eden space 15360K, 0% used [0x00000000d5580000,0x00000000d5580000,0x00000000d6480000)
  from space 512K, 96% used [0x00000000d6500000,0x00000000d657c248,0x00000000d6580000)
  to   space 7680K, 0% used [0x00000000d6c00000,0x00000000d6c00000,0x00000000d7380000)
 ParOldGen       total 176640K, used 176497K [0x0000000080000000, 0x000000008ac80000, 0x00000000d5580000)
  object space 176640K, 99% used [0x0000000080000000,0x000000008ac5c648,0x000000008ac80000)
 Metaspace       used 61620K, committed 63104K, reserved 1114112K
  class space    used 6612K, committed 7232K, reserved 1048576K
}
Event: 63.574 GC heap before
{Heap before GC invocations=111 (full 3):
 PSYoungGen      total 15872K, used 15856K [0x00000000d5580000, 0x00000000d7380000, 0x0000000100000000)
  eden space 15360K, 100% used [0x00000000d5580000,0x00000000d6480000,0x00000000d6480000)
  from space 512K, 96% used [0x00000000d6500000,0x00000000d657c248,0x00000000d6580000)
  to   space 7680K, 0% used [0x00000000d6c00000,0x00000000d6c00000,0x00000000d7380000)
 ParOldGen       total 176640K, used 176497K [0x0000000080000000, 0x000000008ac80000, 0x00000000d5580000)
  object space 176640K, 99% used [0x0000000080000000,0x000000008ac5c648,0x000000008ac80000)
 Metaspace       used 61910K, committed 63296K, reserved 1114112K
  class space    used 6641K, committed 7232K, reserved 1048576K
}
Event: 63.578 GC heap after
{Heap after GC invocations=111 (full 3):
 PSYoungGen      total 17408K, used 1568K [0x00000000d5580000, 0x00000000d6e00000, 0x0000000100000000)
  eden space 15360K, 0% used [0x00000000d5580000,0x00000000d5580000,0x00000000d6480000)
  from space 2048K, 76% used [0x00000000d6c00000,0x00000000d6d88010,0x00000000d6e00000)
  to   space 3584K, 0% used [0x00000000d6700000,0x00000000d6700000,0x00000000d6a80000)
 ParOldGen       total 177152K, used 176935K [0x0000000080000000, 0x000000008ad00000, 0x00000000d5580000)
  object space 177152K, 99% used [0x0000000080000000,0x000000008acc9da8,0x000000008ad00000)
 Metaspace       used 61910K, committed 63296K, reserved 1114112K
  class space    used 6641K, committed 7232K, reserved 1048576K
}
Event: 63.699 GC heap before
{Heap before GC invocations=112 (full 3):
 PSYoungGen      total 17408K, used 16928K [0x00000000d5580000, 0x00000000d6e00000, 0x0000000100000000)
  eden space 15360K, 100% used [0x00000000d5580000,0x00000000d6480000,0x00000000d6480000)
  from space 2048K, 76% used [0x00000000d6c00000,0x00000000d6d88010,0x00000000d6e00000)
  to   space 3584K, 0% used [0x00000000d6700000,0x00000000d6700000,0x00000000d6a80000)
 ParOldGen       total 177152K, used 176935K [0x0000000080000000, 0x000000008ad00000, 0x00000000d5580000)
  object space 177152K, 99% used [0x0000000080000000,0x000000008acc9da8,0x000000008ad00000)
 Metaspace       used 62254K, committed 63680K, reserved 1114112K
  class space    used 6689K, committed 7296K, reserved 1048576K
}
Event: 63.703 GC heap after
{Heap after GC invocations=112 (full 3):
 PSYoungGen      total 17920K, used 2085K [0x00000000d5580000, 0x00000000d6c80000, 0x0000000100000000)
  eden space 15360K, 0% used [0x00000000d5580000,0x00000000d5580000,0x00000000d6480000)
  from space 2560K, 81% used [0x00000000d6700000,0x00000000d6909620,0x00000000d6980000)
  to   space 2560K, 0% used [0x00000000d6a00000,0x00000000d6a00000,0x00000000d6c80000)
 ParOldGen       total 178688K, used 178335K [0x0000000080000000, 0x000000008ae80000, 0x00000000d5580000)
  object space 178688K, 99% used [0x0000000080000000,0x000000008ae27dc8,0x000000008ae80000)
 Metaspace       used 62254K, committed 63680K, reserved 1114112K
  class space    used 6689K, committed 7296K, reserved 1048576K
}
Event: 63.828 GC heap before
{Heap before GC invocations=113 (full 3):
 PSYoungGen      total 17920K, used 17445K [0x00000000d5580000, 0x00000000d6c80000, 0x0000000100000000)
  eden space 15360K, 100% used [0x00000000d5580000,0x00000000d6480000,0x00000000d6480000)
  from space 2560K, 81% used [0x00000000d6700000,0x00000000d6909620,0x00000000d6980000)
  to   space 2560K, 0% used [0x00000000d6a00000,0x00000000d6a00000,0x00000000d6c80000)
 ParOldGen       total 178688K, used 178335K [0x0000000080000000, 0x000000008ae80000, 0x00000000d5580000)
  object space 178688K, 99% used [0x0000000080000000,0x000000008ae27dc8,0x000000008ae80000)
 Metaspace       used 62460K, committed 63808K, reserved 1114112K
  class space    used 6697K, committed 7296K, reserved 1048576K
}
Event: 63.831 GC heap after
{Heap after GC invocations=113 (full 3):
 PSYoungGen      total 17920K, used 2537K [0x00000000d5580000, 0x00000000d6f80000, 0x0000000100000000)
  eden space 15360K, 0% used [0x00000000d5580000,0x00000000d5580000,0x00000000d6480000)
  from space 2560K, 99% used [0x00000000d6a00000,0x00000000d6c7a480,0x00000000d6c80000)
  to   space 5632K, 0% used [0x00000000d6480000,0x00000000d6480000,0x00000000d6a00000)
 ParOldGen       total 180736K, used 180634K [0x0000000080000000, 0x000000008b080000, 0x00000000d5580000)
  object space 180736K, 99% used [0x0000000080000000,0x000000008b0668a0,0x000000008b080000)
 Metaspace       used 62460K, committed 63808K, reserved 1114112K
  class space    used 6697K, committed 7296K, reserved 1048576K
}
Event: 64.027 GC heap before
{Heap before GC invocations=114 (full 3):
 PSYoungGen      total 17920K, used 17897K [0x00000000d5580000, 0x00000000d6f80000, 0x0000000100000000)
  eden space 15360K, 100% used [0x00000000d5580000,0x00000000d6480000,0x00000000d6480000)
  from space 2560K, 99% used [0x00000000d6a00000,0x00000000d6c7a480,0x00000000d6c80000)
  to   space 5632K, 0% used [0x00000000d6480000,0x00000000d6480000,0x00000000d6a00000)
 ParOldGen       total 180736K, used 180634K [0x0000000080000000, 0x000000008b080000, 0x00000000d5580000)
  object space 180736K, 99% used [0x0000000080000000,0x000000008b0668a0,0x000000008b080000)
 Metaspace       used 63054K, committed 64448K, reserved 1114112K
  class space    used 6756K, committed 7360K, reserved 1048576K
}
Event: 64.033 GC heap after
{Heap after GC invocations=114 (full 3):
 PSYoungGen      total 17408K, used 1962K [0x00000000d5580000, 0x00000000d6a80000, 0x0000000100000000)
  eden space 15360K, 0% used [0x00000000d5580000,0x00000000d5580000,0x00000000d6480000)
  from space 2048K, 95% used [0x00000000d6480000,0x00000000d666a930,0x00000000d6680000)
  to   space 3072K, 0% used [0x00000000d6780000,0x00000000d6780000,0x00000000d6a80000)
 ParOldGen       total 183296K, used 183118K [0x0000000080000000, 0x000000008b300000, 0x00000000d5580000)
  object space 183296K, 99% used [0x0000000080000000,0x000000008b2d3958,0x000000008b300000)
 Metaspace       used 63054K, committed 64448K, reserved 1114112K
  class space    used 6756K, committed 7360K, reserved 1048576K
}

Dll operation events (11 events):
Event: 0.009 Loaded shared library c:\Users\marif\.vscode\extensions\redhat.java-1.54.0-win32-x64\jre\21.0.10-win32-x86_64\bin\java.dll
Event: 0.075 Loaded shared library c:\Users\marif\.vscode\extensions\redhat.java-1.54.0-win32-x64\jre\21.0.10-win32-x86_64\bin\zip.dll
Event: 0.098 Loaded shared library C:\Users\marif\.vscode\extensions\redhat.java-1.54.0-win32-x64\jre\21.0.10-win32-x86_64\bin\instrument.dll
Event: 0.103 Loaded shared library C:\Users\marif\.vscode\extensions\redhat.java-1.54.0-win32-x64\jre\21.0.10-win32-x86_64\bin\net.dll
Event: 0.107 Loaded shared library C:\Users\marif\.vscode\extensions\redhat.java-1.54.0-win32-x64\jre\21.0.10-win32-x86_64\bin\nio.dll
Event: 0.110 Loaded shared library C:\Users\marif\.vscode\extensions\redhat.java-1.54.0-win32-x64\jre\21.0.10-win32-x86_64\bin\zip.dll
Event: 0.149 Loaded shared library C:\Users\marif\.vscode\extensions\redhat.java-1.54.0-win32-x64\jre\21.0.10-win32-x86_64\bin\jimage.dll
Event: 0.336 Loaded shared library c:\Users\marif\.vscode\extensions\redhat.java-1.54.0-win32-x64\jre\21.0.10-win32-x86_64\bin\verify.dll
Event: 17.726 Loaded shared library C:\Users\marif\AppData\Roaming\Code\User\globalStorage\redhat.java\1.54.0\config_win\org.eclipse.equinox.launcher\org.eclipse.equinox.launcher.win32.win32.x86_64_1.3.0.v20260203-2149\eclipse_11919.dll
Event: 37.212 Loaded shared library C:\Users\marif\AppData\Local\Temp\jna-103666427\jna5556287484652526839.dll
Event: 52.359 Loaded shared library C:\Users\marif\.vscode\extensions\redhat.java-1.54.0-win32-x64\jre\21.0.10-win32-x86_64\bin\sunmscapi.dll

Deoptimization events (20 events):
Event: 63.959 Thread 0x0000021b169a0de0 Uncommon trap: trap_request=0xffffff45 fr.pc=0x0000021abd58e6c0 relative=0x0000000000001b60
Event: 63.959 Thread 0x0000021b169a0de0 Uncommon trap: reason=unstable_if action=reinterpret pc=0x0000021abd58e6c0 method=org.eclipse.jdt.internal.compiler.parser.Parser.consumeRule(I)V @ 1 c2
Event: 63.959 Thread 0x0000021b169a0de0 DEOPT PACKING pc=0x0000021abd58e6c0 sp=0x00000078619fdc80
Event: 63.959 Thread 0x0000021b169a0de0 DEOPT UNPACKING pc=0x0000021abc783aa2 sp=0x00000078619fdc20 mode 2
Event: 64.000 Thread 0x0000021b169a0de0 DEOPT PACKING pc=0x0000021ab673c86c sp=0x00000078619fc940
Event: 64.000 Thread 0x0000021b169a0de0 DEOPT UNPACKING pc=0x0000021abc784242 sp=0x00000078619fbdc8 mode 0
Event: 64.025 Thread 0x0000021b130248a0 DEOPT PACKING pc=0x0000021ab6568ca2 sp=0x00000078605fd570
Event: 64.025 Thread 0x0000021b130248a0 DEOPT UNPACKING pc=0x0000021abc784242 sp=0x00000078605fcb08 mode 0
Event: 64.065 Thread 0x0000021b13027690 Uncommon trap: trap_request=0xffffff6e fr.pc=0x0000021abd5a4f94 relative=0x00000000000003b4
Event: 64.065 Thread 0x0000021b130248a0 Uncommon trap: trap_request=0xffffff6e fr.pc=0x0000021abd5a4f94 relative=0x00000000000003b4
Event: 64.066 Thread 0x0000021b13027690 Uncommon trap: reason=loop_limit_check action=maybe_recompile pc=0x0000021abd5a4f94 method=org.eclipse.jdt.core.compiler.CharOperation.concatWith([[CC)[C @ 121 c2
Event: 64.066 Thread 0x0000021b130248a0 Uncommon trap: reason=loop_limit_check action=maybe_recompile pc=0x0000021abd5a4f94 method=org.eclipse.jdt.core.compiler.CharOperation.concatWith([[CC)[C @ 121 c2
Event: 64.066 Thread 0x0000021b13027690 DEOPT PACKING pc=0x0000021abd5a4f94 sp=0x0000007860efdcf0
Event: 64.066 Thread 0x0000021b130248a0 DEOPT PACKING pc=0x0000021abd5a4f94 sp=0x00000078605fded0
Event: 64.066 Thread 0x0000021b13027690 DEOPT UNPACKING pc=0x0000021abc783aa2 sp=0x0000007860efdca0 mode 2
Event: 64.066 Thread 0x0000021b130248a0 DEOPT UNPACKING pc=0x0000021abc783aa2 sp=0x00000078605fde80 mode 2
Event: 64.154 Thread 0x0000021b130248a0 Uncommon trap: trap_request=0xffffff45 fr.pc=0x0000021abd39ac60 relative=0x00000000000000c0
Event: 64.154 Thread 0x0000021b130248a0 Uncommon trap: reason=unstable_if action=reinterpret pc=0x0000021abd39ac60 method=java.util.Hashtable$Enumerator.nextElement()Ljava/lang/Object; @ 87 c2
Event: 64.155 Thread 0x0000021b130248a0 DEOPT PACKING pc=0x0000021abd39ac60 sp=0x00000078605feb40
Event: 64.155 Thread 0x0000021b130248a0 DEOPT UNPACKING pc=0x0000021abc783aa2 sp=0x00000078605fea60 mode 2

Classes loaded (20 events):
Event: 63.302 Loading class java/nio/file/attribute/PosixFileAttributes
Event: 63.302 Loading class java/nio/file/attribute/PosixFileAttributes done
Event: 63.341 Loading class java/nio/file/attribute/PosixFileAttributeView
Event: 63.341 Loading class java/nio/file/attribute/PosixFileAttributeView done
Event: 63.377 Loading class java/util/stream/ReduceOps$4
Event: 63.378 Loading class java/util/stream/ReduceOps$4 done
Event: 63.378 Loading class java/util/stream/ReduceOps$4ReducingSink
Event: 63.380 Loading class java/util/stream/ReduceOps$4ReducingSink done
Event: 63.450 Loading class java/nio/file/DirectoryIteratorException
Event: 63.450 Loading class java/nio/file/DirectoryIteratorException done
Event: 63.677 Loading class java/nio/file/FileTreeIterator
Event: 63.677 Loading class java/nio/file/FileTreeIterator done
Event: 63.796 Loading class java/nio/file/Files$2
Event: 63.796 Loading class java/nio/file/Files$2 done
Event: 64.003 Loading class java/util/stream/DistinctOps
Event: 64.003 Loading class java/util/stream/DistinctOps done
Event: 64.004 Loading class java/util/stream/DistinctOps$1
Event: 64.005 Loading class java/util/stream/DistinctOps$1 done
Event: 64.007 Loading class java/util/stream/DistinctOps$1$2
Event: 64.008 Loading class java/util/stream/DistinctOps$1$2 done

Classes unloaded (20 events):
Event: 37.740 Thread 0x0000021ab2072010 Unloading class 0x0000021aca1b0000 'java/lang/invoke/LambdaForm$MH+0x0000021aca1b0000'
Event: 37.740 Thread 0x0000021ab2072010 Unloading class 0x0000021aca1afc00 'java/lang/invoke/LambdaForm$BMH+0x0000021aca1afc00'
Event: 37.740 Thread 0x0000021ab2072010 Unloading class 0x0000021aca1af800 'java/lang/invoke/LambdaForm$DMH+0x0000021aca1af800'
Event: 37.740 Thread 0x0000021ab2072010 Unloading class 0x0000021aca1ae400 'java/lang/invoke/LambdaForm$DMH+0x0000021aca1ae400'
Event: 51.362 Thread 0x0000021ab2072010 Unloading class 0x0000021aca674800 'java/lang/invoke/LambdaForm$MH+0x0000021aca674800'
Event: 51.362 Thread 0x0000021ab2072010 Unloading class 0x0000021aca674000 'java/lang/invoke/LambdaForm$MH+0x0000021aca674000'
Event: 51.362 Thread 0x0000021ab2072010 Unloading class 0x0000021aca653400 'java/lang/invoke/LambdaForm$MH+0x0000021aca653400'
Event: 51.362 Thread 0x0000021ab2072010 Unloading class 0x0000021aca653000 'java/lang/invoke/LambdaForm$MH+0x0000021aca653000'
Event: 51.362 Thread 0x0000021ab2072010 Unloading class 0x0000021aca652c00 'java/lang/invoke/LambdaForm$MH+0x0000021aca652c00'
Event: 51.362 Thread 0x0000021ab2072010 Unloading class 0x0000021aca652800 'java/lang/invoke/LambdaForm$MH+0x0000021aca652800'
Event: 51.362 Thread 0x0000021ab2072010 Unloading class 0x0000021aca652400 'java/lang/invoke/LambdaForm$MH+0x0000021aca652400'
Event: 51.362 Thread 0x0000021ab2072010 Unloading class 0x0000021aca652000 'java/lang/invoke/LambdaForm$MH+0x0000021aca652000'
Event: 51.362 Thread 0x0000021ab2072010 Unloading class 0x0000021aca651c00 'java/lang/invoke/LambdaForm$MH+0x0000021aca651c00'
Event: 51.362 Thread 0x0000021ab2072010 Unloading class 0x0000021aca651800 'java/lang/invoke/LambdaForm$MH+0x0000021aca651800'
Event: 51.362 Thread 0x0000021ab2072010 Unloading class 0x0000021aca650c00 'java/lang/invoke/LambdaForm$MH+0x0000021aca650c00'
Event: 51.362 Thread 0x0000021ab2072010 Unloading class 0x0000021aca650800 'java/lang/invoke/LambdaForm$MH+0x0000021aca650800'
Event: 51.362 Thread 0x0000021ab2072010 Unloading class 0x0000021aca650000 'java/lang/invoke/LambdaForm$MH+0x0000021aca650000'
Event: 51.362 Thread 0x0000021ab2072010 Unloading class 0x0000021aca641000 'java/lang/invoke/LambdaForm$MH+0x0000021aca641000'
Event: 51.362 Thread 0x0000021ab2072010 Unloading class 0x0000021aca640c00 'java/lang/invoke/LambdaForm$MH+0x0000021aca640c00'
Event: 51.362 Thread 0x0000021ab2072010 Unloading class 0x0000021aca640800 'java/lang/invoke/LambdaForm$MH+0x0000021aca640800'

Classes redefined (0 events):
No events

Internal exceptions (20 events):
Event: 52.125 Thread 0x0000021b0c99adb0 Exception <a 'sun/nio/fs/WindowsException'{0x00000000d5db9010}> (0x00000000d5db9010) 
thrown [s\src\hotspot\share\prims\jni.cpp, line 520]
Event: 52.125 Thread 0x0000021b0c99adb0 Exception <a 'sun/nio/fs/WindowsException'{0x00000000d5db9868}> (0x00000000d5db9868) 
thrown [s\src\hotspot\share\prims\jni.cpp, line 520]
Event: 52.131 Thread 0x0000021b0c99adb0 Exception <a 'sun/nio/fs/WindowsException'{0x00000000d5e20860}> (0x00000000d5e20860) 
thrown [s\src\hotspot\share\prims\jni.cpp, line 520]
Event: 52.132 Thread 0x0000021b0c99adb0 Exception <a 'sun/nio/fs/WindowsException'{0x00000000d5e20e90}> (0x00000000d5e20e90) 
thrown [s\src\hotspot\share\prims\jni.cpp, line 520]
Event: 52.132 Thread 0x0000021b0c99adb0 Exception <a 'sun/nio/fs/WindowsException'{0x00000000d5e21ca8}> (0x00000000d5e21ca8) 
thrown [s\src\hotspot\share\prims\jni.cpp, line 520]
Event: 52.133 Thread 0x0000021b0c99adb0 Exception <a 'sun/nio/fs/WindowsException'{0x00000000d5e22500}> (0x00000000d5e22500) 
thrown [s\src\hotspot\share\prims\jni.cpp, line 520]
Event: 52.255 Thread 0x0000021b0c99adb0 Exception <a 'java/lang/NoSuchMethodError'{0x00000000d559d658}: method resolution failed> (0x00000000d559d658) 
thrown [s\src\hotspot\share\prims\methodHandles.cpp, line 1136]
Event: 52.483 Thread 0x0000021b169a2820 Exception <a 'sun/nio/fs/WindowsException'{0x00000000d682f130}> (0x00000000d682f130) 
thrown [s\src\hotspot\share\prims\jni.cpp, line 520]
Event: 54.309 Thread 0x0000021b0c99c7f0 Exception <a 'java/lang/NoSuchMethodError'{0x00000000d5c166e8}: 'void java.lang.invoke.DirectMethodHandle$Holder.invokeStatic(java.lang.Object, java.lang.Object, java.lang.Object, int)'> (0x00000000d5c166e8) 
thrown [s\src\hotspot\share\interpreter\linkResolver.cpp, line 773]
Event: 54.879 Thread 0x0000021b0c99c7f0 Exception <a 'java/lang/NoSuchMethodError'{0x00000000d68918c0}: 'void java.lang.invoke.DirectMethodHandle$Holder.invokeVirtual(java.lang.Object, java.lang.Object, int)'> (0x00000000d68918c0) 
thrown [s\src\hotspot\share\interpreter\linkResolver.cpp, line 773]
Event: 58.311 Thread 0x0000021b130248a0 Implicit null exception at 0x0000021abd00fccb to 0x0000021abd0106dc
Event: 58.312 Thread 0x0000021b130248a0 Implicit null exception at 0x0000021abd4a8206 to 0x0000021abd4a88fc
Event: 59.287 Thread 0x0000021b13027690 Implicit null exception at 0x0000021abd264a26 to 0x0000021abd264ff4
Event: 62.430 Thread 0x0000021b13027690 Exception <a 'java/lang/IncompatibleClassChangeError'{0x00000000d6090268}: Found class java.lang.Object, but interface was expected> (0x00000000d6090268) 
thrown [s\src\hotspot\share\interpreter\linkResolver.cpp, line 840]
Event: 63.391 Thread 0x0000021b130248a0 Exception <a 'java/lang/NoSuchMethodError'{0x00000000d61a0a68}: 'int java.lang.invoke.DirectMethodHandle$Holder.invokeSpecialIFC(java.lang.Object, java.lang.Object, java.lang.Object)'> (0x00000000d61a0a68) 
thrown [s\src\hotspot\share\interpreter\linkResolver.cpp, line 773]
Event: 63.391 Thread 0x0000021b13027690 Exception <a 'java/lang/NoSuchMethodError'{0x00000000d6218538}: 'int java.lang.invoke.DirectMethodHandle$Holder.invokeSpecialIFC(java.lang.Object, java.lang.Object, java.lang.Object)'> (0x00000000d6218538) 
thrown [s\src\hotspot\share\interpreter\linkResolver.cpp, line 773]
Event: 63.503 Thread 0x0000021b130248a0 Exception <a 'java/lang/LinkageError'{0x00000000d58bba78}: loader lombok.launch.ShadowClassLoader @3e9da077 attempted duplicate class definition for lombok.launch.PatchFixesHider$Delegate. (lombok.launch.PatchFixesHider$Delegate is in unnamed module of loader lombok.launch.ShadowClassLoader @3e9da077, parent loader org.eclipse.osgi.internal.loader.EquinoxClassLoader @f370765)> (0x00000000d58bba78) 
thrown [s\src\hotspot\share\classfile\systemDictionary.cpp, line 1672]
Event: 63.851 Thread 0x0000021b130248a0 Exception <a 'java/lang/NoSuchMethodError'{0x00000000d576d7a0}: 'java.lang.Object java.lang.invoke.DirectMethodHandle$Holder.invokeStatic(java.lang.Object, java.lang.Object, int, java.lang.Object, java.lang.Object)'> (0x00000000d576d7a0) 
thrown [s\src\hotspot\share\interpreter\linkResolver.cpp, line 773]
Event: 63.851 Thread 0x0000021b13027690 Exception <a 'java/lang/NoSuchMethodError'{0x00000000d575cf28}: 'java.lang.Object java.lang.invoke.DirectMethodHandle$Holder.invokeStatic(java.lang.Object, java.lang.Object, int, java.lang.Object, java.lang.Object)'> (0x00000000d575cf28) 
thrown [s\src\hotspot\share\interpreter\linkResolver.cpp, line 773]
Event: 63.941 Thread 0x0000021b13027690 Exception <a 'java/lang/LinkageError'{0x00000000d5d9a578}: loader lombok.launch.ShadowClassLoader @3e9da077 attempted duplicate class definition for lombok.launch.PatchFixesHider$Val. (lombok.launch.PatchFixesHider$Val is in unnamed module of loader lombok.launch.ShadowClassLoader @3e9da077, parent loader org.eclipse.osgi.internal.loader.EquinoxClassLoader @f370765)> (0x00000000d5d9a578) 
thrown [s\src\hotspot\share\classfile\systemDictionary.cpp, line 1672]

ZGC Phase Switch (0 events):
No events

VM Operations (20 events):
Event: 63.340 Executing non-safepoint VM operation: HandshakeAllThreads (Deoptimize)
Event: 63.341 Executing non-safepoint VM operation: HandshakeAllThreads (Deoptimize) done
Event: 63.403 Executing non-safepoint VM operation: HandshakeAllThreads (Deoptimize)
Event: 63.403 Executing non-safepoint VM operation: HandshakeAllThreads (Deoptimize) done
Event: 63.412 Executing safepoint VM operation: ParallelGCFailedAllocation (Allocation Failure)
Event: 63.430 Executing safepoint VM operation: ParallelGCFailedAllocation (Allocation Failure) done
Event: 63.574 Executing safepoint VM operation: ParallelGCFailedAllocation (Allocation Failure)
Event: 63.578 Executing safepoint VM operation: ParallelGCFailedAllocation (Allocation Failure) done
Event: 63.638 Executing non-safepoint VM operation: HandshakeAllThreads (Deoptimize)
Event: 63.638 Executing non-safepoint VM operation: HandshakeAllThreads (Deoptimize) done
Event: 63.643 Executing non-safepoint VM operation: HandshakeAllThreads (Deoptimize)
Event: 63.643 Executing non-safepoint VM operation: HandshakeAllThreads (Deoptimize) done
Event: 63.698 Executing safepoint VM operation: ParallelGCFailedAllocation (Allocation Failure)
Event: 63.703 Executing safepoint VM operation: ParallelGCFailedAllocation (Allocation Failure) done
Event: 63.812 Executing safepoint VM operation: ParallelGCFailedAllocation (Allocation Failure)
Event: 63.831 Executing safepoint VM operation: ParallelGCFailedAllocation (Allocation Failure) done
Event: 64.007 Executing non-safepoint VM operation: HandshakeAllThreads (Deoptimize)
Event: 64.007 Executing non-safepoint VM operation: HandshakeAllThreads (Deoptimize) done
Event: 64.027 Executing safepoint VM operation: ParallelGCFailedAllocation (Allocation Failure)
Event: 64.033 Executing safepoint VM operation: ParallelGCFailedAllocation (Allocation Failure) done

Memory protections (0 events):
No events

Nmethod flushes (20 events):
Event: 51.396 Thread 0x0000021ab2072010 flushing  nmethod 0x0000021ab5d0e410
Event: 51.396 Thread 0x0000021ab2072010 flushing  nmethod 0x0000021ab5d0ea10
Event: 51.396 Thread 0x0000021ab2072010 flushing  nmethod 0x0000021ab5d10210
Event: 51.396 Thread 0x0000021ab2072010 flushing  nmethod 0x0000021ab5d1e690
Event: 51.396 Thread 0x0000021ab2072010 flushing  nmethod 0x0000021ab5d22c90
Event: 51.396 Thread 0x0000021ab2072010 flushing  nmethod 0x0000021ab5d2ac10
Event: 51.396 Thread 0x0000021ab2072010 flushing  nmethod 0x0000021ab5d4d610
Event: 51.396 Thread 0x0000021ab2072010 flushing  nmethod 0x0000021ab5d8c390
Event: 51.396 Thread 0x0000021ab2072010 flushing osr nmethod 0x0000021ab5da3010
Event: 51.396 Thread 0x0000021ab2072010 flushing  nmethod 0x0000021ab5da6610
Event: 51.396 Thread 0x0000021ab2072010 flushing  nmethod 0x0000021ab5dd2610
Event: 51.396 Thread 0x0000021ab2072010 flushing  nmethod 0x0000021ab5dd4110
Event: 51.396 Thread 0x0000021ab2072010 flushing  nmethod 0x0000021ab5dd5a10
Event: 51.396 Thread 0x0000021ab2072010 flushing  nmethod 0x0000021ab5dd5e90
Event: 51.396 Thread 0x0000021ab2072010 flushing  nmethod 0x0000021ab5dd6290
Event: 51.396 Thread 0x0000021ab2072010 flushing  nmethod 0x0000021ab5dd6c90
Event: 51.396 Thread 0x0000021ab2072010 flushing  nmethod 0x0000021ab5dd9110
Event: 51.396 Thread 0x0000021ab2072010 flushing  nmethod 0x0000021ab5dd9b10
Event: 51.396 Thread 0x0000021ab2072010 flushing  nmethod 0x0000021ab5ddd190
Event: 51.396 Thread 0x0000021ab2072010 flushing  nmethod 0x0000021ab5de3c10

Events (20 events):
Event: 56.580 Thread 0x0000021b13c65240 Thread exited: 0x0000021b13c65240
Event: 58.084 Thread 0x0000021b12d41880 Thread exited: 0x0000021b12d41880
Event: 59.478 Thread 0x0000021b114e9a90 Thread added: 0x0000021b12d41880
Event: 59.925 Thread 0x0000021b12d41880 Thread exited: 0x0000021b12d41880
Event: 60.031 Thread 0x0000021b169a2820 Thread exited: 0x0000021b169a2820
Event: 60.700 Thread 0x0000021ab219e860 Thread added: 0x0000021b12d41880
Event: 61.216 Thread 0x0000021b12d41880 Thread exited: 0x0000021b12d41880
Event: 62.033 Thread 0x0000021ab219e860 Thread added: 0x0000021b12d41880
Event: 62.072 Thread 0x0000021ab219e860 Thread added: 0x0000021b13c65240
Event: 62.092 Thread 0x0000021b12d41880 Thread added: 0x0000021b116defd0
Event: 62.158 Thread 0x0000021b12d41880 Thread added: 0x0000021b15efc790
Event: 62.812 Thread 0x0000021b15efc790 Thread exited: 0x0000021b15efc790
Event: 62.941 Thread 0x0000021b116defd0 Thread exited: 0x0000021b116defd0
Event: 63.343 Thread 0x0000021ab219e860 Thread added: 0x0000021b116defd0
Event: 63.344 Thread 0x0000021ab219e860 Thread added: 0x0000021b12762b50
Event: 63.365 Thread 0x0000021b114e9a90 Thread added: 0x0000021b12764690
Event: 63.365 Thread 0x0000021b114e9a90 Thread added: 0x0000021b12763220
Event: 63.378 Thread 0x0000021b12763220 Thread added: 0x0000021b12761010
Event: 63.383 Thread 0x0000021b116defd0 Thread added: 0x0000021b12762480
Event: 63.684 Thread 0x0000021ab219e860 Thread added: 0x0000021b12761db0


Dynamic libraries:
0x00007ff7fa370000 - 0x00007ff7fa37e000 	c:\Users\marif\.vscode\extensions\redhat.java-1.54.0-win32-x64\jre\21.0.10-win32-x86_64\bin\java.exe
0x00007ff9fb680000 - 0x00007ff9fb8e7000 	C:\Windows\SYSTEM32\ntdll.dll
0x00007ff9fa890000 - 0x00007ff9fa959000 	C:\Windows\System32\KERNEL32.DLL
0x00007ff9f7f50000 - 0x00007ff9f8344000 	C:\Windows\System32\KERNELBASE.dll
0x00007ff9f8640000 - 0x00007ff9f878b000 	C:\Windows\System32\ucrtbase.dll
0x00007ff978ef0000 - 0x00007ff978f08000 	c:\Users\marif\.vscode\extensions\redhat.java-1.54.0-win32-x64\jre\21.0.10-win32-x86_64\bin\jli.dll
0x00007ff9fb150000 - 0x00007ff9fb315000 	C:\Windows\System32\USER32.dll
0x00007ff978ed0000 - 0x00007ff978eee000 	c:\Users\marif\.vscode\extensions\redhat.java-1.54.0-win32-x64\jre\21.0.10-win32-x86_64\bin\VCRUNTIME140.dll
0x00007ff9dfde0000 - 0x00007ff9e0073000 	C:\Windows\WinSxS\amd64_microsoft.windows.common-controls_6595b64144ccf1df_6.0.26100.8115_none_3e075c82e3354f9c\COMCTL32.dll
0x00007ff9f91c0000 - 0x00007ff9f91e7000 	C:\Windows\System32\win32u.dll
0x00007ff9fabb0000 - 0x00007ff9fabdb000 	C:\Windows\System32\GDI32.dll
0x00007ff9f9dc0000 - 0x00007ff9f9e69000 	C:\Windows\System32\msvcrt.dll
0x00007ff9f8820000 - 0x00007ff9f894b000 	C:\Windows\System32\gdi32full.dll
0x00007ff9f9360000 - 0x00007ff9f9403000 	C:\Windows\System32\msvcp_win.dll
0x00007ff9f9e70000 - 0x00007ff9f9ea2000 	C:\Windows\System32\IMM32.DLL
0x00007ff985470000 - 0x00007ff98547c000 	c:\Users\marif\.vscode\extensions\redhat.java-1.54.0-win32-x64\jre\21.0.10-win32-x86_64\bin\vcruntime140_1.dll
0x00007ff979050000 - 0x00007ff9790dd000 	c:\Users\marif\.vscode\extensions\redhat.java-1.54.0-win32-x64\jre\21.0.10-win32-x86_64\bin\msvcp140.dll
0x00007ff9236f0000 - 0x00007ff924491000 	c:\Users\marif\.vscode\extensions\redhat.java-1.54.0-win32-x64\jre\21.0.10-win32-x86_64\bin\server\jvm.dll
0x00007ff9fa100000 - 0x00007ff9fa1b6000 	C:\Windows\System32\ADVAPI32.dll
0x00007ff9fa050000 - 0x00007ff9fa0f7000 	C:\Windows\System32\sechost.dll
0x00007ff9f9510000 - 0x00007ff9f9628000 	C:\Windows\System32\RPCRT4.dll
0x00007ff9fab20000 - 0x00007ff9faba0000 	C:\Windows\System32\WS2_32.dll
0x00007ff9f6b50000 - 0x00007ff9f6bae000 	C:\Windows\SYSTEM32\POWRPROF.dll
0x00007ff9ee390000 - 0x00007ff9ee3c6000 	C:\Windows\SYSTEM32\WINMM.dll
0x00007ff9ee2e0000 - 0x00007ff9ee2eb000 	C:\Windows\SYSTEM32\VERSION.dll
0x00007ff9f6b30000 - 0x00007ff9f6b44000 	C:\Windows\SYSTEM32\UMPDC.dll
0x00007ff9f6e00000 - 0x00007ff9f6e1b000 	C:\Windows\SYSTEM32\kernel.appcore.dll
0x00007ff984020000 - 0x00007ff98402a000 	c:\Users\marif\.vscode\extensions\redhat.java-1.54.0-win32-x64\jre\21.0.10-win32-x86_64\bin\jimage.dll
0x00007ff9f5f70000 - 0x00007ff9f61b2000 	C:\Windows\SYSTEM32\DBGHELP.DLL
0x00007ff9fabe0000 - 0x00007ff9faf62000 	C:\Windows\System32\combase.dll
0x00007ff9fa980000 - 0x00007ff9faa58000 	C:\Windows\System32\OLEAUT32.dll
0x00007ff9c2c30000 - 0x00007ff9c2c6b000 	C:\Windows\SYSTEM32\dbgcore.DLL
0x00007ff9f8350000 - 0x00007ff9f83f5000 	C:\Windows\System32\bcryptPrimitives.dll
0x00007ff978ec0000 - 0x00007ff978ecf000 	c:\Users\marif\.vscode\extensions\redhat.java-1.54.0-win32-x64\jre\21.0.10-win32-x86_64\bin\instrument.dll
0x00007ff978ce0000 - 0x00007ff978d00000 	c:\Users\marif\.vscode\extensions\redhat.java-1.54.0-win32-x64\jre\21.0.10-win32-x86_64\bin\java.dll
0x00007ff9f9650000 - 0x00007ff9f9db7000 	C:\Windows\System32\SHELL32.dll
0x00007ff9f91f0000 - 0x00007ff9f935a000 	C:\Windows\System32\wintypes.dll
0x00007ff9f8950000 - 0x00007ff9f91b8000 	C:\Windows\System32\windows.storage.dll
0x00007ff9fa650000 - 0x00007ff9fa748000 	C:\Windows\System32\SHCORE.dll
0x00007ff9fb5d0000 - 0x00007ff9fb636000 	C:\Windows\System32\shlwapi.dll
0x00007ff9f7e70000 - 0x00007ff9f7e99000 	C:\Windows\SYSTEM32\profapi.dll
0x00007ff979030000 - 0x00007ff979048000 	c:\Users\marif\.vscode\extensions\redhat.java-1.54.0-win32-x64\jre\21.0.10-win32-x86_64\bin\zip.dll
0x00007ff978eb0000 - 0x00007ff978ec0000 	C:\Users\marif\.vscode\extensions\redhat.java-1.54.0-win32-x64\jre\21.0.10-win32-x86_64\bin\net.dll
0x00007ff9f14e0000 - 0x00007ff9f160d000 	C:\Windows\SYSTEM32\WINHTTP.dll
0x00007ff9f7370000 - 0x00007ff9f73dc000 	C:\Windows\system32\mswsock.dll
0x00007ff979010000 - 0x00007ff979026000 	C:\Users\marif\.vscode\extensions\redhat.java-1.54.0-win32-x64\jre\21.0.10-win32-x86_64\bin\nio.dll
0x00007ff979000000 - 0x00007ff979010000 	c:\Users\marif\.vscode\extensions\redhat.java-1.54.0-win32-x64\jre\21.0.10-win32-x86_64\bin\verify.dll
0x00007ff978d70000 - 0x00007ff978db5000 	C:\Users\marif\AppData\Roaming\Code\User\globalStorage\redhat.java\1.54.0\config_win\org.eclipse.equinox.launcher\org.eclipse.equinox.launcher.win32.win32.x86_64_1.3.0.v20260203-2149\eclipse_11919.dll
0x00007ff9f9eb0000 - 0x00007ff9fa047000 	C:\Windows\System32\ole32.dll
0x00007ff9f7650000 - 0x00007ff9f766b000 	C:\Windows\SYSTEM32\CRYPTSP.dll
0x00007ff9f6d60000 - 0x00007ff9f6d99000 	C:\Windows\system32\rsaenh.dll
0x00007ff9f7420000 - 0x00007ff9f7453000 	C:\Windows\SYSTEM32\USERENV.dll
0x00007ff9f7e40000 - 0x00007ff9f7e6a000 	C:\Windows\SYSTEM32\bcrypt.dll
0x00007ff9f7670000 - 0x00007ff9f767c000 	C:\Windows\SYSTEM32\CRYPTBASE.dll
0x00007ff9f6750000 - 0x00007ff9f6782000 	C:\Windows\SYSTEM32\IPHLPAPI.DLL
0x00007ff9f9630000 - 0x00007ff9f963a000 	C:\Windows\System32\NSI.dll
0x00007ff979720000 - 0x00007ff979769000 	C:\Users\marif\AppData\Local\Temp\jna-103666427\jna5556287484652526839.dll
0x00007ff9faa60000 - 0x00007ff9faa68000 	C:\Windows\System32\PSAPI.DLL
0x00007ff9f1870000 - 0x00007ff9f188d000 	C:\Windows\SYSTEM32\dhcpcsvc6.DLL
0x00007ff9f1840000 - 0x00007ff9f1865000 	C:\Windows\SYSTEM32\dhcpcsvc.DLL
0x00007ff978d10000 - 0x00007ff978d1e000 	C:\Users\marif\.vscode\extensions\redhat.java-1.54.0-win32-x64\jre\21.0.10-win32-x86_64\bin\sunmscapi.dll
0x00007ff9f8400000 - 0x00007ff9f8577000 	C:\Windows\System32\CRYPT32.dll
0x00007ff9f7870000 - 0x00007ff9f78a0000 	C:\Windows\SYSTEM32\ncrypt.dll
0x00007ff9f7820000 - 0x00007ff9f785f000 	C:\Windows\SYSTEM32\NTASN1.dll

JVMTI agents:
c:\Users\marif\.vscode\extensions\redhat.java-1.54.0-win32-x64\lombok\lombok-1.18.39-4050.jar path:c:\Users\marif\.vscode\extensions\redhat.java-1.54.0-win32-x64\jre\21.0.10-win32-x86_64\bin\instrument.dll, loaded, initialized, instrumentlib options:none

dbghelp: loaded successfully - version: 4.0.5 - missing functions: none
symbol engine: initialized successfully - sym options: 0x614 - pdb path: .;c:\Users\marif\.vscode\extensions\redhat.java-1.54.0-win32-x64\jre\21.0.10-win32-x86_64\bin;C:\Windows\SYSTEM32;C:\Windows\WinSxS\amd64_microsoft.windows.common-controls_6595b64144ccf1df_6.0.26100.8115_none_3e075c82e3354f9c;c:\Users\marif\.vscode\extensions\redhat.java-1.54.0-win32-x64\jre\21.0.10-win32-x86_64\bin\server;C:\Users\marif\AppData\Roaming\Code\User\globalStorage\redhat.java\1.54.0\config_win\org.eclipse.equinox.launcher\org.eclipse.equinox.launcher.win32.win32.x86_64_1.3.0.v20260203-2149;C:\Users\marif\AppData\Local\Temp\jna-103666427

VM Arguments:
jvm_args: --add-modules=ALL-SYSTEM --add-opens=java.base/java.util=ALL-UNNAMED --add-opens=java.base/java.lang=ALL-UNNAMED --add-opens=java.base/sun.nio.fs=ALL-UNNAMED -Declipse.application=org.eclipse.jdt.ls.core.id1 -Dosgi.bundles.defaultStartLevel=4 -Declipse.product=org.eclipse.jdt.ls.core.product -Djava.import.generatesMetadataFilesAtProjectRoot=false -DDetectVMInstallationsJob.disabled=true -Dfile.encoding=utf8 -XX:+UseParallelGC -XX:GCTimeRatio=4 -XX:AdaptiveSizePolicyWeight=90 -Dsun.zip.disableMemoryMapping=true -Xmx2G -Xms100m -Xlog:disable -javaagent:c:\Users\marif\.vscode\extensions\redhat.java-1.54.0-win32-x64\lombok\lombok-1.18.39-4050.jar -XX:+HeapDumpOnOutOfMemoryError -XX:HeapDumpPath=c:\Users\marif\AppData\Roaming\Code\User\workspaceStorage\82fd4d556b33f0425043c292435518cf\redhat.java -Daether.dependencyCollector.impl=bf 
java_command: c:\Users\marif\.vscode\extensions\redhat.java-1.54.0-win32-x64\server\plugins\org.eclipse.equinox.launcher_1.7.100.v20251111-0406.jar -configuration c:\Users\marif\AppData\Roaming\Code\User\globalStorage\redhat.java\1.54.0\config_win -data c:\Users\marif\AppData\Roaming\Code\User\workspaceStorage\82fd4d556b33f0425043c292435518cf\redhat.java\jdt_ws --pipe=\\.\pipe\lsp-2adf0cef96f1ce4c90f03bd5e048203b-sock
java_class_path (initial): c:\Users\marif\.vscode\extensions\redhat.java-1.54.0-win32-x64\server\plugins\org.eclipse.equinox.launcher_1.7.100.v20251111-0406.jar
Launcher Type: SUN_STANDARD

[Global flags]
    uintx AdaptiveSizePolicyWeight                 = 90                                        {product} {command line}
     intx CICompilerCount                          = 12                                        {product} {ergonomic}
    uintx GCTimeRatio                              = 4                                         {product} {command line}
     bool HeapDumpOnOutOfMemoryError               = true                                   {manageable} {command line}
    ccstr HeapDumpPath                             = c:\Users\marif\AppData\Roaming\Code\User\workspaceStorage\82fd4d556b33f0425043c292435518cf\redhat.java         {manageable} {command line}
   size_t InitialHeapSize                          = 104857600                                 {product} {command line}
   size_t MaxHeapSize                              = 2147483648                                {product} {command line}
   size_t MaxNewSize                               = 715653120                                 {product} {ergonomic}
   size_t MinHeapDeltaBytes                        = 524288                                    {product} {ergonomic}
   size_t MinHeapSize                              = 104857600                                 {product} {command line}
   size_t NewSize                                  = 34603008                                  {product} {ergonomic}
    uintx NonNMethodCodeHeapSize                   = 7602480                                {pd product} {ergonomic}
    uintx NonProfiledCodeHeapSize                  = 122027880                              {pd product} {ergonomic}
   size_t OldSize                                  = 70254592                                  {product} {ergonomic}
    uintx ProfiledCodeHeapSize                     = 122027880                              {pd product} {ergonomic}
    uintx ReservedCodeCacheSize                    = 251658240                              {pd product} {ergonomic}
     bool SegmentedCodeCache                       = true                                      {product} {ergonomic}
   size_t SoftMaxHeapSize                          = 2147483648                             {manageable} {ergonomic}
     bool UseCompressedOops                        = true                           {product lp64_product} {ergonomic}
     bool UseLargePagesIndividualAllocation        = false                                  {pd product} {ergonomic}
     bool UseParallelGC                            = true                                      {product} {command line}

Logging:
Log output configuration:
 #0: stdout all=off uptime,level,tags foldmultilines=false
 #1: stderr all=off uptime,level,tags foldmultilines=false

Release file:
JAVA_VERSION="21.0.10" 
MODULES="java.base java.compiler java.datatransfer java.xml java.prefs java.desktop java.instrument java.logging java.management java.security.sasl java.naming java.rmi java.management.rmi java.net.http java.scripting java.security.jgss java.transaction.xa java.sql java.sql.rowset java.xml.crypto java.se java.smartcardio jdk.accessibility jdk.internal.jvmstat jdk.attach jdk.charsets jdk.internal.opt jdk.zipfs jdk.compiler jdk.crypto.ec jdk.crypto.cryptoki jdk.crypto.mscapi jdk.dynalink jdk.internal.ed jdk.editpad jdk.hotspot.agent jdk.httpserver jdk.internal.le jdk.internal.vm.ci jdk.internal.vm.compiler jdk.internal.vm.compiler.management jdk.jartool jdk.javadoc jdk.jcmd jdk.management jdk.management.agent jdk.jconsole jdk.jdeps jdk.jdwp.agent jdk.jdi jdk.jfr jdk.jshell jdk.jsobject jdk.jstatd jdk.localedata jdk.management.jfr jdk.naming.dns jdk.naming.rmi jdk.net jdk.nio.mapmode jdk.random jdk.sctp jdk.security.auth jdk.security.jgss jdk.unsupported jdk.unsupported.desktop jdk.xml.dom" 

Environment Variables:
PATH=C:\Users\marif\AppData\Local\Programs\Microsoft VS Code;C:\Program Files\Common Files\Oracle\Java\javapath;C:\Program Files (x86)\Common Files\Oracle\Java\java8path;C:\Program Files (x86)\Common Files\Oracle\Java\javapath;C:\Program Files (x86)\VMware\VMware Player\bin\;C:\Windows\system32;C:\Windows;C:\Windows\System32\Wbem;C:\Windows\System32\WindowsPowerShell\v1.0\;C:\Windows\System32\OpenSSH\;C:\Program Files (x86)\NVIDIA Corporation\PhysX\Common;C:\Program Files\NVIDIA Corporation\NVIDIA NvDLISR;C:\Program Files\dotnet\;C:\Program Files\Git\cmd;C:\Program Files\Docker\Docker\resources\bin;C:\Program Files\nodejs\;C:\Program Files\MATLAB\R2025b\bin;C:\Program Files\PuTTY\;C:\Users\marif\AppData\Local\Programs\Python\Python312\Scripts\;C:\Users\marif\AppData\Local\Programs\Python\Python312\;C:\Users\marif\AppData\Local\Programs\Python\Python314\Scripts\;C:\Users\marif\AppData\Local\Programs\Python\Python314\;C:\Users\marif\AppData\Local\Programs\Python\Python38\Scripts\;C:\Users\marif\AppData\Local\Programs\Python\Python38\;C:\Users\marif\AppData\Local\Microsoft\WindowsApps;C:\Users\marif\AppData\Local\Programs\Microsoft VS Code\bin;C:\Users\marif\AppData\Local\GitHubDesktop\bin;C:\Users\marif\AppData\Roaming\npm;C:\Program Files (x86)\Nmap;C:\xampp\php;C:\Users\marif\AppData\Local\ComposerSetup\bin;C:\Users\marif\AppData\Roaming\Composer\vendor\bin
USERNAME=marif
OS=Windows_NT
PROCESSOR_IDENTIFIER=Intel64 Family 6 Model 154 Stepping 3, GenuineIntel
TMP=C:\Users\marif\AppData\Local\Temp
TEMP=C:\Users\marif\AppData\Local\Temp




Periodic native trim disabled

---------------  S Y S T E M  ---------------

OS:
 Windows 11 , 64 bit Build 26100 (10.0.26100.8246)
OS uptime: 15 days 3:47 hours
Hyper-V role detected

CPU: total 16 (initial active 16) (8 cores per cpu, 2 threads per core) family 6 model 154 stepping 3 microcode 0x434, cx8, cmov, fxsr, ht, mmx, 3dnowpref, sse, sse2, sse3, ssse3, sse4.1, sse4.2, popcnt, lzcnt, tsc, tscinvbit, avx, avx2, aes, erms, clmul, bmi1, bmi2, adx, sha, fma, vzeroupper, clflush, clflushopt, clwb, hv, serialize, rdtscp, rdpid, fsrm, f16c, cet_ibt, cet_ss
Processor Information for processor 0
  Max Mhz: 2500, Current Mhz: 2500, Mhz Limit: 2500
Processor Information for processor 1
  Max Mhz: 2500, Current Mhz: 2500, Mhz Limit: 2500
Processor Information for processor 2
  Max Mhz: 2500, Current Mhz: 2500, Mhz Limit: 2500
Processor Information for processor 3
  Max Mhz: 2500, Current Mhz: 2500, Mhz Limit: 2500
Processor Information for processor 4
  Max Mhz: 2500, Current Mhz: 2500, Mhz Limit: 2500
Processor Information for processor 5
  Max Mhz: 2500, Current Mhz: 2500, Mhz Limit: 2500
Processor Information for processor 6
  Max Mhz: 2500, Current Mhz: 2500, Mhz Limit: 2500
Processor Information for processor 7
  Max Mhz: 2500, Current Mhz: 2500, Mhz Limit: 2500
Processor Information for processor 8
  Max Mhz: 2500, Current Mhz: 1527, Mhz Limit: 2500
Processor Information for processor 9
  Max Mhz: 2500, Current Mhz: 1527, Mhz Limit: 2500
Processor Information for processor 10
  Max Mhz: 2500, Current Mhz: 2500, Mhz Limit: 2500
Processor Information for processor 11
  Max Mhz: 2500, Current Mhz: 2500, Mhz Limit: 2500
Processor Information for processor 12
  Max Mhz: 2500, Current Mhz: 2500, Mhz Limit: 2500
Processor Information for processor 13
  Max Mhz: 2500, Current Mhz: 2500, Mhz Limit: 2500
Processor Information for processor 14
  Max Mhz: 2500, Current Mhz: 2500, Mhz Limit: 2500
Processor Information for processor 15
  Max Mhz: 2500, Current Mhz: 1527, Mhz Limit: 2500

Memory: 4k page, system-wide physical 32388M (12944M free)
TotalPageFile size 34436M (AvailPageFile size 12540M)
current process WorkingSet (physical memory assigned to process): 459M, peak: 459M
current process commit charge ("private bytes"): 547M, peak: 552M

vm_info: OpenJDK 64-Bit Server VM (21.0.10+7-LTS) for windows-amd64 JRE (21.0.10+7-LTS), built on 2026-01-20T00:00:00Z by "admin" with MS VC++ 17.12 (VS2022)

END.
